#
# A fatal error has been detected by the Java Runtime Environment:
#
#  SIGSEGV (0xb) at pc=0x00000001156873bf, pid=10886, tid=0x000000000000db07
#
# JRE version: Java(TM) SE Runtime Environment (8.0_131-b11) (build 1.8.0_131-b11)
# Java VM: Java HotSpot(TM) 64-Bit Server VM (25.131-b11 mixed mode bsd-amd64 compressed oops)
# Problematic frame:
# C  [libawt_lwawt.dylib+0x1c3bf]  OGLSD_SetScratchSurface+0x49
#
# Failed to write core dump. Core dumps have been disabled. To enable core dumping, try "ulimit -c unlimited" before starting Java again
#
# If you would like to submit a bug report, please visit:
#   http://bugreport.java.com/bugreport/crash.jsp
# The crash happened outside the Java Virtual Machine in native code.
# See problematic frame for where to report the bug.
#

---------------  T H R E A D  ---------------

Current thread (0x00007fbe793d9000):  JavaThread "Java2D Queue Flusher" daemon [_thread_in_native, id=56071, stack(0x0000700005ed6000,0x00007000060d6000)]

siginfo: si_signo: 11 (SIGSEGV), si_code: 1 (SEGV_MAPERR), si_addr: 0x0000000000000002

Registers:
RAX=0x00000000ffffffff, RBX=0x0000000000000002, RCX=0x0000000000000047, RDX=0x00000001156a8258
RSP=0x00007000060d5810, RBP=0x00007000060d5830, RSI=0x00007fbe85aedb50, RDI=0x00007fbe793d91f8
R8 =0x0000000000000020, R9 =0x0000000000000000, R10=0x0000000117b57b38, R11=0x00000000e8232f01
R12=0x0000000000000000, R13=0x0000000741197888, R14=0x00007fbe793d91f8, R15=0x00007fbe793d9000
RIP=0x00000001156873bf, EFLAGS=0x0000000000010202, ERR=0x0000000000000004
  TRAPNO=0x000000000000000e

Top of Stack: (sp=0x00007000060d5810)
0x00007000060d5810:   00007fbe85aedb50 0000000000000000
0x00007000060d5820:   00007fbe79403e10 00007fbe793d9000
0x00007000060d5830:   00007000060d58b0 00000001156a7d36
0x00007000060d5840:   0000000000000064 00007fbe7b20cc38
0x00007000060d5850:   00007000060d58b0 000000010c550094
0x00007000060d5860:   0000000000000005 00007fbe793d9000
0x00007000060d5870:   0000000741197801 00007fbe79403e20
0x00007000060d5880:   00007000000d5800 00007fbe793d91f8
0x00007000060d5890:   0000000000000000 0000000000000000
0x00007000060d58a0:   00000007469dd5a8 00007fbe793d9000
0x00007000060d58b0:   00007000060d5900 0000000117b57baa
0x00007000060d58c0:   00000007411977f0 0000000000000010
0x00007000060d58d0:   00000007a475af68 0000000000000000
0x00007000060d58e0:   000000011280ef48 0000000000000000
0x00007000060d58f0:   00007000060d5910 0000000000000000
0x00007000060d5900:   00000000e8232efe 0000000118a2a1ec
0x00007000060d5910:   00000007411977f0 0000000741197888
0x00007000060d5920:   0000000000000000 0000000000000000
0x00007000060d5930:   0000000741197888 00007000060d59d0
0x00007000060d5940:   0000000000000001 0000000000000000
0x00007000060d5950:   00007000060d59d0 0000000116a577a7
0x00007000060d5960:   0000000741440030 0000000741440030
0x00007000060d5970:   0000700000001fa0 000000000000000a
0x00007000060d5980:   00007fbe793d9000 0000000000000001
0x00007000060d5990:   0000000116a5771f 000000011277f778
0x00007000060d59a0:   00007000060d5a68 00007000060d5d00
0x00007000060d59b0:   000000010000000a 000000011277f778
0x00007000060d59c0:   0000000116a6a120 00007000060d5c70
0x00007000060d59d0:   00007000060d5b80 000000010c4ee5b6
0x00007000060d59e0:   0000700000000001 00007fbe793d9000
0x00007000060d59f0:   00007fbe793d9000 00007000060d5d00
0x00007000060d5a00:   00007fbe7b20cc30 0000000116a6a120 

Instructions: (pc=0x00000001156873bf)
0x000000011568739f:   c0 e9 82 00 00 00 48 8b 5e 10 48 85 db 75 0e bf
0x00000001156873af:   01 00 00 00 48 8d 15 07 7c 03 00 eb d6 49 89 fe
0x00000001156873bf:   4c 8b 3b 30 c0 e8 c1 a6 02 00 49 8b 3f 49 89 c4
0x00000001156873cf:   48 8b 35 4a 03 06 00 30 c0 e8 0f a8 02 00 48 85 

Register to memory mapping:

RAX=0x00000000ffffffff is an unknown value
RBX=0x0000000000000002 is an unknown value
RCX=0x0000000000000047 is an unknown value
RDX=0x00000001156a8258: Java_sun_java2d_opengl_OGLRenderQueue_flushBuffer+0xb5c in /Library/Java/JavaVirtualMachines/jdk1.8.0_131.jdk/Contents/Home/jre/lib/libawt_lwawt.dylib at 0x000000011566b000
RSP=0x00007000060d5810 is pointing into the stack for thread: 0x00007fbe793d9000
RBP=0x00007000060d5830 is pointing into the stack for thread: 0x00007fbe793d9000
RSI=0x00007fbe85aedb50 is an unknown value
RDI=0x00007fbe793d91f8 is an unknown value
R8 =0x0000000000000020 is an unknown value
R9 =0x0000000000000000 is an unknown value
R10=0x0000000117b57b38 is at entry_point+56 in (nmethod*)0x0000000117b57990
R11=0x00000000e8232f01 is an unknown value
R12=0x0000000000000000 is an unknown value
R13=0x0000000741197888 is an oop
sun.java2d.opengl.OGLRenderQueue$QueueFlusher 
 - klass: 'sun/java2d/opengl/OGLRenderQueue$QueueFlusher'
R14=0x00007fbe793d91f8 is an unknown value
R15=0x00007fbe793d9000 is a thread


Stack: [0x0000700005ed6000,0x00007000060d6000],  sp=0x00007000060d5810,  free space=2046k
Native frames: (J=compiled Java code, j=interpreted, Vv=VM code, C=native code)
C  [libawt_lwawt.dylib+0x1c3bf]  OGLSD_SetScratchSurface+0x49
C  [libawt_lwawt.dylib+0x3cd36]  Java_sun_java2d_opengl_OGLRenderQueue_flushBuffer+0x63a
J 7265  sun.java2d.opengl.OGLRenderQueue.flushBuffer(JI)V (0 bytes) @ 0x0000000117b57baa [0x0000000117b57b00+0xaa]
J 23714% C2 sun.java2d.opengl.OGLRenderQueue$QueueFlusher.run()V (234 bytes) @ 0x0000000118a2a1ec [0x0000000118a2a080+0x16c]
v  ~StubRoutines::call_stub
V  [libjvm.dylib+0x2ee5b6]  JavaCalls::call_helper(JavaValue*, methodHandle*, JavaCallArguments*, Thread*)+0x6ae
V  [libjvm.dylib+0x2eed5a]  JavaCalls::call_virtual(JavaValue*, KlassHandle, Symbol*, Symbol*, JavaCallArguments*, Thread*)+0x164
V  [libjvm.dylib+0x2eef06]  JavaCalls::call_virtual(JavaValue*, Handle, KlassHandle, Symbol*, Symbol*, Thread*)+0x4a
V  [libjvm.dylib+0x34965d]  thread_entry(JavaThread*, Thread*)+0x7c
V  [libjvm.dylib+0x56b87f]  JavaThread::thread_main_inner()+0x9b
V  [libjvm.dylib+0x56cf6c]  JavaThread::run()+0x1c2
V  [libjvm.dylib+0x48b376]  java_start(Thread*)+0xf6
C  [libsystem_pthread.dylib+0x393b]  _pthread_body+0xb4
C  [libsystem_pthread.dylib+0x3887]  _pthread_body+0x0
C  [libsystem_pthread.dylib+0x308d]  thread_start+0xd
C  0x0000000000000000

Java frames: (J=compiled Java code, j=interpreted, Vv=VM code)
J 7265  sun.java2d.opengl.OGLRenderQueue.flushBuffer(JI)V (0 bytes) @ 0x0000000117b57b38 [0x0000000117b57b00+0x38]
J 23714% C2 sun.java2d.opengl.OGLRenderQueue$QueueFlusher.run()V (234 bytes) @ 0x0000000118a2a1ec [0x0000000118a2a080+0x16c]
v  ~StubRoutines::call_stub

---------------  P R O C E S S  ---------------

Java Threads: ( => current thread )
  0x00007fbe86b8d000 JavaThread "Inactive RequestProcessor thread [Was:org.remikz.netbeans.AutoSaveModified.AutoSaveModified/org.remikz.netbeans.AutoSaveModified.AutoSaveModified]" daemon [_thread_blocked, id=95551, stack(0x0000700006968000,0x0000700006b68000)]
  0x00007fbe80fd5800 JavaThread "Inactive RequestProcessor thread [Was:Refresh-After-WindowActivated/org.netbeans.core.ui.warmup.MenuWarmUpTask$NbWindowsAdapter]" daemon [_thread_blocked, id=77675, stack(0x0000700005cd3000,0x0000700005ed3000)]
  0x00007fbe81e63000 JavaThread "Inactive RequestProcessor thread [Was:Flush UI Logs/org.netbeans.modules.uihandler.UIHandler$2WriteOut]" daemon [_thread_blocked, id=90291, stack(0x00007000058cd000,0x0000700005acd000)]
  0x00007fbe81b1c000 JavaThread "RequestProcessor queue manager" daemon [_thread_blocked, id=55559, stack(0x0000700005ad0000,0x0000700005cd0000)]
  0x00007fbe7af3a000 JavaThread "DestroyJavaVM" [_thread_blocked, id=6915, stack(0x0000700003d8e000,0x0000700003f8e000)]
  0x00007fbe7fd50800 JavaThread "TimerQueue" daemon [_thread_blocked, id=35343, stack(0x000070000838f000,0x000070000858f000)]
  0x00007fbe7fe00000 JavaThread "Worker-JM" [_thread_blocked, id=82179, stack(0x000070000818c000,0x000070000838c000)]
  0x00007fbe7a9d1800 JavaThread "Framework Event Dispatcher" daemon [_thread_blocked, id=81667, stack(0x0000700007f89000,0x0000700008189000)]
  0x00007fbe7a7ea000 JavaThread "Deadlock Detector" [_thread_blocked, id=81155, stack(0x0000700007d86000,0x0000700007f86000)]
  0x00007fbe7a186800 JavaThread "Thread-3" daemon [_thread_blocked, id=80647, stack(0x0000700007b83000,0x0000700007d83000)]
  0x00007fbe81459000 JavaThread "File Watcher" daemon [_thread_blocked, id=75567, stack(0x0000700007980000,0x0000700007b80000)]
  0x00007fbe7ada9800 JavaThread "Thread-1" daemon [_thread_in_native, id=73619, stack(0x000070000777d000,0x000070000797d000)]
  0x00007fbe7955b000 JavaThread "Editor Parsing Loop (netbeans-release-428-on-20190716)" daemon [_thread_blocked, id=72455, stack(0x0000700007377000,0x0000700007577000)]
  0x00007fbe7951c000 JavaThread "State Data Manager" daemon [_thread_blocked, id=69611, stack(0x0000700006765000,0x0000700006965000)]
  0x00007fbe79560800 JavaThread "Framework Active Thread" [_thread_blocked, id=69367, stack(0x0000700006562000,0x0000700006762000)]
  0x00007fbe79443000 JavaThread "AWT-EventQueue-0" [_thread_blocked, id=63759, stack(0x00007000062dc000,0x00007000064dc000)]
  0x00007fbe793fd000 JavaThread "Java2D Disposer" daemon [_thread_blocked, id=59147, stack(0x00007000060d9000,0x00007000062d9000)]
=>0x00007fbe793d9000 JavaThread "Java2D Queue Flusher" daemon [_thread_in_native, id=56071, stack(0x0000700005ed6000,0x00007000060d6000)]
  0x00007fbe7a881800 JavaThread "AWT-Shutdown" [_thread_blocked, id=30751, stack(0x00007000055c4000,0x00007000057c4000)]
  0x00007fbe7a824800 JavaThread "AppKit Thread" daemon [_thread_in_native, id=775, stack(0x00007fff53b40000,0x00007fff54340000)]
  0x00007fbe79a78800 JavaThread "CLI Requests Server" daemon [_thread_in_native, id=20227, stack(0x000070000533e000,0x000070000553e000)]
  0x00007fbe790f4800 JavaThread "Active Reference Queue Daemon" daemon [_thread_blocked, id=19715, stack(0x000070000513b000,0x000070000533b000)]
  0x00007fbe79064800 JavaThread "Service Thread" daemon [_thread_blocked, id=18691, stack(0x0000700004e35000,0x0000700005035000)]
  0x00007fbe7a800000 JavaThread "C1 CompilerThread2" daemon [_thread_blocked, id=18179, stack(0x0000700004d32000,0x0000700004e32000)]
  0x00007fbe79063800 JavaThread "C2 CompilerThread1" daemon [_thread_blocked, id=17667, stack(0x0000700004c2f000,0x0000700004d2f000)]
  0x00007fbe7983a800 JavaThread "C2 CompilerThread0" daemon [_thread_blocked, id=17155, stack(0x0000700004b2c000,0x0000700004c2c000)]
  0x00007fbe7903c000 JavaThread "Signal Dispatcher" daemon [_thread_blocked, id=16643, stack(0x0000700004929000,0x0000700004b29000)]
  0x00007fbe79053000 JavaThread "Finalizer" daemon [_thread_blocked, id=12291, stack(0x00007000046a3000,0x00007000048a3000)]
  0x00007fbe79052000 JavaThread "Reference Handler" daemon [_thread_blocked, id=11779, stack(0x00007000044a0000,0x00007000046a0000)]

Other Threads:
  0x00007fbe7904f800 VMThread [stack: 0x000070000439d000,0x000070000449d000] [id=11267]
  0x00007fbe79069800 WatcherThread [stack: 0x0000700005038000,0x0000700005138000] [id=19203]

VM state:not at safepoint (normal execution)

VM Mutex/Monitor currently owned by a thread: None

Heap:
 PSYoungGen      total 321536K, used 33819K [0x0000000795580000, 0x00000007aa500000, 0x00000007c0000000)
  eden space 299008K, 5% used [0x0000000795580000,0x00000007966ae440,0x00000007a7980000)
  from space 22528K, 72% used [0x00000007a7980000,0x00000007a89587d0,0x00000007a8f80000)
  to   space 22016K, 0% used [0x00000007a8f80000,0x00000007a8f80000,0x00000007aa500000)
 ParOldGen       total 478208K, used 294880K [0x0000000740000000, 0x000000075d300000, 0x0000000795580000)
  object space 478208K, 61% used [0x0000000740000000,0x0000000751ff8190,0x000000075d300000)
 Metaspace       used 149129K, capacity 168429K, committed 168600K, reserved 1193984K
  class space    used 19006K, capacity 24168K, committed 24240K, reserved 1048576K

Card table byte_map: [0x000000010d563000,0x000000010d964000] byte_map_base: 0x0000000109b63000

Marking Bits: (ParMarkBitMap*) 0x000000010caf1ea0
 Begin Bits: [0x000000010dc0f000, 0x000000010fc0f000)
 End Bits:   [0x000000010fc0f000, 0x0000000111c0f000)

Polling page: 0x000000010b980000

CodeCache: size=245760Kb used=115912Kb max_used=116301Kb free=129847Kb
 bounds [0x0000000116a57000, 0x000000011dce7000, 0x0000000125a57000]
 total_blobs=29229 nmethods=28243 adapters=893
 compilation: enabled

Compilation events (10 events):
Event: 365421.901 Thread 0x00007fbe7a800000 42182       3       javax.swing.PopupFactory::setPopupType (6 bytes)
Event: 365421.902 Thread 0x00007fbe7a800000 nmethod 42182 0x000000011c754150 code [0x000000011c7542a0, 0x000000011c7543f0]
Event: 365426.787 Thread 0x00007fbe7983a800 42183   !   4       java.awt.Frame::getExtendedState (19 bytes)
Event: 365426.801 Thread 0x00007fbe7983a800 nmethod 42183 0x000000011c4a97d0 code [0x000000011c4a9920, 0x000000011c4a9b38]
Event: 365447.832 Thread 0x00007fbe7a800000 42184   !   3       javax.swing.RepaintManager::addDirtyRegion0 (205 bytes)
Event: 365447.882 Thread 0x00007fbe7a800000 nmethod 42184 0x0000000118752d90 code [0x0000000118753060, 0x0000000118754bf8]
Event: 366718.097 Thread 0x00007fbe79063800 42185   !   4       javax.swing.RepaintManager::addDirtyRegion0 (205 bytes)
Event: 366718.226 Thread 0x00007fbe79063800 nmethod 42185 0x000000011c56e450 code [0x000000011c56e680, 0x000000011c56f980]
Event: 370496.363 Thread 0x00007fbe7a800000 42186       3       org.openide.util.CachedHiDPIIcon$CachedImageKey::getScale (5 bytes)
Event: 370496.403 Thread 0x00007fbe7a800000 nmethod 42186 0x0000000118363e90 code [0x0000000118363fe0, 0x0000000118364130]

GC Heap History (10 events):
Event: 356626.995 GC heap before
{Heap before GC invocations=913 (full 6):
 PSYoungGen      total 320512K, used 312846K [0x0000000795580000, 0x00000007aa500000, 0x00000007c0000000)
  eden space 298496K, 100% used [0x0000000795580000,0x00000007a7900000,0x00000007a7900000)
  from space 22016K, 65% used [0x00000007a8f80000,0x00000007a9d83898,0x00000007aa500000)
  to   space 22528K, 0% used [0x00000007a7900000,0x00000007a7900000,0x00000007a8f00000)
 ParOldGen       total 478208K, used 292823K [0x0000000740000000, 0x000000075d300000, 0x0000000795580000)
  object space 478208K, 61% used [0x0000000740000000,0x0000000751df5f38,0x000000075d300000)
 Metaspace       used 149102K, capacity 168429K, committed 168600K, reserved 1193984K
  class space    used 19006K, capacity 24168K, committed 24240K, reserved 1048576K
Event: 356627.495 GC heap after
Heap after GC invocations=913 (full 6):
 PSYoungGen      total 321024K, used 14508K [0x0000000795580000, 0x00000007aa500000, 0x00000007c0000000)
  eden space 298496K, 0% used [0x0000000795580000,0x0000000795580000,0x00000007a7900000)
  from space 22528K, 64% used [0x00000007a7900000,0x00000007a872b1d8,0x00000007a8f00000)
  to   space 22016K, 0% used [0x00000007a8f80000,0x00000007a8f80000,0x00000007aa500000)
 ParOldGen       total 478208K, used 292887K [0x0000000740000000, 0x000000075d300000, 0x0000000795580000)
  object space 478208K, 61% used [0x0000000740000000,0x0000000751e05f38,0x000000075d300000)
 Metaspace       used 149102K, capacity 168429K, committed 168600K, reserved 1193984K
  class space    used 19006K, capacity 24168K, committed 24240K, reserved 1048576K
}
Event: 361568.025 GC heap before
{Heap before GC invocations=914 (full 6):
 PSYoungGen      total 321024K, used 313004K [0x0000000795580000, 0x00000007aa500000, 0x00000007c0000000)
  eden space 298496K, 100% used [0x0000000795580000,0x00000007a7900000,0x00000007a7900000)
  from space 22528K, 64% used [0x00000007a7900000,0x00000007a872b1d8,0x00000007a8f00000)
  to   space 22016K, 0% used [0x00000007a8f80000,0x00000007a8f80000,0x00000007aa500000)
 ParOldGen       total 478208K, used 292887K [0x0000000740000000, 0x000000075d300000, 0x0000000795580000)
  object space 478208K, 61% used [0x0000000740000000,0x0000000751e05f38,0x000000075d300000)
 Metaspace       used 149102K, capacity 168429K, committed 168600K, reserved 1193984K
  class space    used 19006K, capacity 24168K, committed 24240K, reserved 1048576K
Event: 361568.221 GC heap after
Heap after GC invocations=914 (full 6):
 PSYoungGen      total 319488K, used 13377K [0x0000000795580000, 0x00000007aa380000, 0x00000007c0000000)
  eden space 299008K, 0% used [0x0000000795580000,0x0000000795580000,0x00000007a7980000)
  from space 20480K, 65% used [0x00000007a8f80000,0x00000007a9c90528,0x00000007aa380000)
  to   space 21504K, 0% used [0x00000007a7980000,0x00000007a7980000,0x00000007a8e80000)
 ParOldGen       total 478208K, used 293876K [0x0000000740000000, 0x000000075d300000, 0x0000000795580000)
  object space 478208K, 61% used [0x0000000740000000,0x0000000751efd310,0x000000075d300000)
 Metaspace       used 149102K, capacity 168429K, committed 168600K, reserved 1193984K
  class space    used 19006K, capacity 24168K, committed 24240K, reserved 1048576K
}
Event: 362346.654 GC heap before
{Heap before GC invocations=915 (full 6):
 PSYoungGen      total 319488K, used 312385K [0x0000000795580000, 0x00000007aa380000, 0x00000007c0000000)
  eden space 299008K, 100% used [0x0000000795580000,0x00000007a7980000,0x00000007a7980000)
  from space 20480K, 65% used [0x00000007a8f80000,0x00000007a9c90528,0x00000007aa380000)
  to   space 21504K, 0% used [0x00000007a7980000,0x00000007a7980000,0x00000007a8e80000)
 ParOldGen       total 478208K, used 293876K [0x0000000740000000, 0x000000075d300000, 0x0000000795580000)
  object space 478208K, 61% used [0x0000000740000000,0x0000000751efd310,0x000000075d300000)
 Metaspace       used 149104K, capacity 168429K, committed 168600K, reserved 1193984K
  class space    used 19006K, capacity 24168K, committed 24240K, reserved 1048576K
Event: 362346.868 GC heap after
Heap after GC invocations=915 (full 6):
 PSYoungGen      total 320512K, used 16781K [0x0000000795580000, 0x00000007aa480000, 0x00000007c0000000)
  eden space 299008K, 0% used [0x0000000795580000,0x0000000795580000,0x00000007a7980000)
  from space 21504K, 78% used [0x00000007a7980000,0x00000007a89e35e8,0x00000007a8e80000)
  to   space 21504K, 0% used [0x00000007a8f80000,0x00000007a8f80000,0x00000007aa480000)
 ParOldGen       total 478208K, used 294243K [0x0000000740000000, 0x000000075d300000, 0x0000000795580000)
  object space 478208K, 61% used [0x0000000740000000,0x0000000751f58e50,0x000000075d300000)
 Metaspace       used 149104K, capacity 168429K, committed 168600K, reserved 1193984K
  class space    used 19006K, capacity 24168K, committed 24240K, reserved 1048576K
}
Event: 363650.426 GC heap before
{Heap before GC invocations=916 (full 6):
 PSYoungGen      total 320512K, used 315789K [0x0000000795580000, 0x00000007aa480000, 0x00000007c0000000)
  eden space 299008K, 100% used [0x0000000795580000,0x00000007a7980000,0x00000007a7980000)
  from space 21504K, 78% used [0x00000007a7980000,0x00000007a89e35e8,0x00000007a8e80000)
  to   space 21504K, 0% used [0x00000007a8f80000,0x00000007a8f80000,0x00000007aa480000)
 ParOldGen       total 478208K, used 294243K [0x0000000740000000, 0x000000075d300000, 0x0000000795580000)
  object space 478208K, 61% used [0x0000000740000000,0x0000000751f58e50,0x000000075d300000)
 Metaspace       used 149127K, capacity 168429K, committed 168600K, reserved 1193984K
  class space    used 19006K, capacity 24168K, committed 24240K, reserved 1048576K
Event: 363650.799 GC heap after
Heap after GC invocations=916 (full 6):
 PSYoungGen      total 320512K, used 18936K [0x0000000795580000, 0x00000007aa680000, 0x00000007c0000000)
  eden space 299008K, 0% used [0x0000000795580000,0x0000000795580000,0x00000007a7980000)
  from space 21504K, 88% used [0x00000007a8f80000,0x00000007aa1fe150,0x00000007aa480000)
  to   space 22528K, 0% used [0x00000007a7980000,0x00000007a7980000,0x00000007a8f80000)
 ParOldGen       total 478208K, used 294824K [0x0000000740000000, 0x000000075d300000, 0x0000000795580000)
  object space 478208K, 61% used [0x0000000740000000,0x0000000751fea190,0x000000075d300000)
 Metaspace       used 149127K, capacity 168429K, committed 168600K, reserved 1193984K
  class space    used 19006K, capacity 24168K, committed 24240K, reserved 1048576K
}
Event: 370498.684 GC heap before
{Heap before GC invocations=917 (full 6):
 PSYoungGen      total 320512K, used 317944K [0x0000000795580000, 0x00000007aa680000, 0x00000007c0000000)
  eden space 299008K, 100% used [0x0000000795580000,0x00000007a7980000,0x00000007a7980000)
  from space 21504K, 88% used [0x00000007a8f80000,0x00000007aa1fe150,0x00000007aa480000)
  to   space 22528K, 0% used [0x00000007a7980000,0x00000007a7980000,0x00000007a8f80000)
 ParOldGen       total 478208K, used 294824K [0x0000000740000000, 0x000000075d300000, 0x0000000795580000)
  object space 478208K, 61% used [0x0000000740000000,0x0000000751fea190,0x000000075d300000)
 Metaspace       used 149129K, capacity 168429K, committed 168600K, reserved 1193984K
  class space    used 19006K, capacity 24168K, committed 24240K, reserved 1048576K
Event: 370498.899 GC heap after
Heap after GC invocations=917 (full 6):
 PSYoungGen      total 321536K, used 16225K [0x0000000795580000, 0x00000007aa500000, 0x00000007c0000000)
  eden space 299008K, 0% used [0x0000000795580000,0x0000000795580000,0x00000007a7980000)
  from space 22528K, 72% used [0x00000007a7980000,0x00000007a89587d0,0x00000007a8f80000)
  to   space 22016K, 0% used [0x00000007a8f80000,0x00000007a8f80000,0x00000007aa500000)
 ParOldGen       total 478208K, used 294880K [0x0000000740000000, 0x000000075d300000, 0x0000000795580000)
  object space 478208K, 61% used [0x0000000740000000,0x0000000751ff8190,0x000000075d300000)
 Metaspace       used 149129K, capacity 168429K, committed 168600K, reserved 1193984K
  class space    used 19006K, capacity 24168K, committed 24240K, reserved 1048576K
}

Deoptimization events (10 events):
Event: 362340.366 Thread 0x00007fbe8751b800 Uncommon trap: reason=bimorphic action=maybe_recompile pc=0x0000000119840210 method=org.openide.util.lookup.ExcludingLookup$R.addLookupListener(Lorg/openide/util/LookupListener;)V @ 54
Event: 362380.013 Thread 0x00007fbe79443000 Uncommon trap: reason=class_check action=maybe_recompile pc=0x00000001177f9464 method=org.openide.util.lookup.AbstractLookup$R.getFromCache(I)Ljava/lang/Object; @ 18
Event: 362389.747 Thread 0x00007fbe8753b800 Uncommon trap: reason=array_check action=maybe_recompile pc=0x000000011b863254 method=java.util.TimSort.mergeHi(IIII)V @ 171
Event: 363650.800 Thread 0x00007fbe79053000 Uncommon trap: reason=bimorphic action=maybe_recompile pc=0x000000011aef0108 method=org.openide.util.lookup.ExcludingLookup$R.removeLookupListener(Lorg/openide/util/LookupListener;)V @ 54
Event: 363650.806 Thread 0x00007fbe79053000 Uncommon trap: reason=bimorphic action=maybe_recompile pc=0x000000011aef0108 method=org.openide.util.lookup.ExcludingLookup$R.removeLookupListener(Lorg/openide/util/LookupListener;)V @ 54
Event: 363650.806 Thread 0x00007fbe79053000 Uncommon trap: reason=bimorphic action=maybe_recompile pc=0x000000011aef0108 method=org.openide.util.lookup.ExcludingLookup$R.removeLookupListener(Lorg/openide/util/LookupListener;)V @ 54
Event: 363650.808 Thread 0x00007fbe79053000 Uncommon trap: reason=bimorphic action=maybe_recompile pc=0x000000011aef0108 method=org.openide.util.lookup.ExcludingLookup$R.removeLookupListener(Lorg/openide/util/LookupListener;)V @ 54
Event: 365347.886 Thread 0x00007fbe79443000 Uncommon trap: reason=class_check action=maybe_recompile pc=0x000000011d617c40 method=sun.java2d.SunGraphics2D.drawImage(Ljava/awt/Image;IILjava/awt/Color;Ljava/awt/image/ImageObserver;)Z @ 101
Event: 365347.887 Thread 0x00007fbe79443000 Uncommon trap: reason=class_check action=maybe_recompile pc=0x000000011d617c40 method=sun.java2d.SunGraphics2D.drawImage(Ljava/awt/Image;IILjava/awt/Color;Ljava/awt/image/ImageObserver;)Z @ 101
Event: 365423.634 Thread 0x00007fbe79443000 Uncommon trap: reason=unstable_if action=reinterpret pc=0x000000011b47efac method=javax.swing.RepaintManager.addDirtyRegion0(Ljava/awt/Container;IIII)V @ 108

Internal exceptions (10 events):
Event: 362393.260 Thread 0x00007fbe7fa34800 Exception <a 'java/io/FileNotFoundException'> (0x00000007a490a7b0) thrown at [/Users/java_re/workspace/8-2-build-macosx-x86_64/jdk8u131/8869/hotspot/src/share/vm/prims/jni.cpp, line 709]
Event: 362393.261 Thread 0x00007fbe7fa34800 Exception <a 'java/io/FileNotFoundException'> (0x00000007a490b380) thrown at [/Users/java_re/workspace/8-2-build-macosx-x86_64/jdk8u131/8869/hotspot/src/share/vm/prims/jni.cpp, line 709]
Event: 362393.261 Thread 0x00007fbe7fa34800 Exception <a 'java/io/FileNotFoundException'> (0x00000007a490bfa8) thrown at [/Users/java_re/workspace/8-2-build-macosx-x86_64/jdk8u131/8869/hotspot/src/share/vm/prims/jni.cpp, line 709]
Event: 362393.261 Thread 0x00007fbe7fa34800 Exception <a 'java/io/FileNotFoundException'> (0x00000007a490cbf8) thrown at [/Users/java_re/workspace/8-2-build-macosx-x86_64/jdk8u131/8869/hotspot/src/share/vm/prims/jni.cpp, line 709]
Event: 370338.995 Thread 0x00007fbe81e63000 Exception <a 'sun/nio/fs/UnixException'> (0x00000007a44444a0) thrown at [/Users/java_re/workspace/8-2-build-macosx-x86_64/jdk8u131/8869/hotspot/src/share/vm/prims/jni.cpp, line 709]
Event: 370338.997 Thread 0x00007fbe81e63000 Exception <a 'sun/nio/fs/UnixException'> (0x00000007a4445100) thrown at [/Users/java_re/workspace/8-2-build-macosx-x86_64/jdk8u131/8869/hotspot/src/share/vm/prims/jni.cpp, line 709]
Event: 370339.016 Thread 0x00007fbe81e63000 Exception <a 'java/io/FileNotFoundException'> (0x00000007a4449748) thrown at [/Users/java_re/workspace/8-2-build-macosx-x86_64/jdk8u131/8869/hotspot/src/share/vm/prims/jni.cpp, line 709]
Event: 370477.202 Thread 0x00007fbe80fd5800 Exception <a 'sun/nio/fs/UnixException'> (0x00000007a46361f8) thrown at [/Users/java_re/workspace/8-2-build-macosx-x86_64/jdk8u131/8869/hotspot/src/share/vm/prims/jni.cpp, line 709]
Event: 370477.202 Thread 0x00007fbe80fd5800 Exception <a 'sun/nio/fs/UnixException'> (0x00000007a4636e58) thrown at [/Users/java_re/workspace/8-2-build-macosx-x86_64/jdk8u131/8869/hotspot/src/share/vm/prims/jni.cpp, line 709]
Event: 370477.204 Thread 0x00007fbe80fd5800 Exception <a 'java/io/FileNotFoundException'> (0x00000007a463b530) thrown at [/Users/java_re/workspace/8-2-build-macosx-x86_64/jdk8u131/8869/hotspot/src/share/vm/prims/jni.cpp, line 709]

Events (10 events):
Event: 370496.196 Executing VM operation: BulkRevokeBias
Event: 370496.205 Executing VM operation: BulkRevokeBias done
Event: 370496.641 Thread 0x00007fbe7a800000 flushing nmethod 0x00000001192b7150
Event: 370497.725 Executing VM operation: RevokeBias
Event: 370497.732 Executing VM operation: RevokeBias done
Event: 370497.872 Thread 0x00007fbe86b8d000 Thread added: 0x00007fbe86b8d000
Event: 370498.001 Executing VM operation: FindDeadlocks
Event: 370498.003 Executing VM operation: FindDeadlocks done
Event: 370498.683 Executing VM operation: ParallelGCFailedAllocation
Event: 370498.900 Executing VM operation: ParallelGCFailedAllocation done


Dynamic libraries:
0x00000000061a1000 	/System/Library/Frameworks/Cocoa.framework/Versions/A/Cocoa
0x00000000061a1000 	/System/Library/Frameworks/Security.framework/Versions/A/Security
0x00000000061a1000 	/System/Library/Frameworks/ApplicationServices.framework/Versions/A/ApplicationServices
0x00000000061a1000 	/usr/lib/libz.1.dylib
0x00000000061a1000 	/usr/lib/libSystem.B.dylib
0x00000000061a1000 	/usr/lib/libobjc.A.dylib
0x00000000061a1000 	/System/Library/Frameworks/CoreFoundation.framework/Versions/A/CoreFoundation
0x00000000061a1000 	/System/Library/Frameworks/Foundation.framework/Versions/C/Foundation
0x00000000061a1000 	/System/Library/Frameworks/AppKit.framework/Versions/C/AppKit
0x00000000061a1000 	/System/Library/Frameworks/CoreData.framework/Versions/A/CoreData
0x00000000061a1000 	/System/Library/PrivateFrameworks/RemoteViewServices.framework/Versions/A/RemoteViewServices
0x00000000061a1000 	/System/Library/PrivateFrameworks/UIFoundation.framework/Versions/A/UIFoundation
0x00000000061a1000 	/System/Library/PrivateFrameworks/DFRFoundation.framework/Versions/A/DFRFoundation
0x00000000061a1000 	/usr/lib/libenergytrace.dylib
0x00000000061a1000 	/System/Library/PrivateFrameworks/SkyLight.framework/Versions/A/SkyLight
0x00000000061a1000 	/System/Library/Frameworks/CoreGraphics.framework/Versions/A/CoreGraphics
0x00000000061a1000 	/usr/lib/libScreenReader.dylib
0x00000000061a1000 	/System/Library/Frameworks/Accelerate.framework/Versions/A/Accelerate
0x00000000061a1000 	/System/Library/Frameworks/IOSurface.framework/Versions/A/IOSurface
0x00000000061a1000 	/System/Library/Frameworks/AudioToolbox.framework/Versions/A/AudioToolbox
0x00000000061a1000 	/System/Library/Frameworks/AudioUnit.framework/Versions/A/AudioUnit
0x00000000061a1000 	/System/Library/PrivateFrameworks/DataDetectorsCore.framework/Versions/A/DataDetectorsCore
0x00000000061a1000 	/System/Library/PrivateFrameworks/DesktopServicesPriv.framework/Versions/A/DesktopServicesPriv
0x00000000061a1000 	/System/Library/Frameworks/Carbon.framework/Versions/A/Frameworks/HIToolbox.framework/Versions/A/HIToolbox
0x00000000061a1000 	/usr/lib/libicucore.A.dylib
0x00000000061a1000 	/System/Library/Frameworks/QuartzCore.framework/Versions/A/QuartzCore
0x00000000061a1000 	/System/Library/Frameworks/Carbon.framework/Versions/A/Frameworks/SpeechRecognition.framework/Versions/A/SpeechRecognition
0x00000000061a1000 	/usr/lib/libauto.dylib
0x00000000061a1000 	/usr/lib/libxml2.2.dylib
0x00000000061a1000 	/System/Library/PrivateFrameworks/CoreUI.framework/Versions/A/CoreUI
0x00000000061a1000 	/System/Library/Frameworks/CoreAudio.framework/Versions/A/CoreAudio
0x00000000061a1000 	/System/Library/Frameworks/DiskArbitration.framework/Versions/A/DiskArbitration
0x00000000061a1000 	/usr/lib/liblangid.dylib
0x00000000061a1000 	/System/Library/PrivateFrameworks/MultitouchSupport.framework/Versions/A/MultitouchSupport
0x00000000061a1000 	/System/Library/Frameworks/IOKit.framework/Versions/A/IOKit
0x00000000061a1000 	/usr/lib/libDiagnosticMessagesClient.dylib
0x00000000061a1000 	/System/Library/Frameworks/CoreServices.framework/Versions/A/CoreServices
0x00000000061a1000 	/System/Library/PrivateFrameworks/PerformanceAnalysis.framework/Versions/A/PerformanceAnalysis
0x00000000061a1000 	/System/Library/PrivateFrameworks/GenerationalStorage.framework/Versions/A/GenerationalStorage
0x00000000061a1000 	/System/Library/Frameworks/OpenGL.framework/Versions/A/OpenGL
0x00000000061a1000 	/System/Library/Frameworks/CoreImage.framework/Versions/A/CoreImage
0x00000000061a1000 	/System/Library/Frameworks/CoreText.framework/Versions/A/CoreText
0x00000000061a1000 	/System/Library/Frameworks/ImageIO.framework/Versions/A/ImageIO
0x00000000061a1000 	/System/Library/PrivateFrameworks/Backup.framework/Versions/A/Backup
0x00000000061a1000 	/usr/lib/libarchive.2.dylib
0x00000000061a1000 	/System/Library/Frameworks/CFNetwork.framework/Versions/A/CFNetwork
0x00000000061a1000 	/System/Library/Frameworks/SystemConfiguration.framework/Versions/A/SystemConfiguration
0x00000000061a1000 	/usr/lib/libCRFSuite.dylib
0x00000000061a1000 	/usr/lib/libc++.1.dylib
0x00000000061a1000 	/usr/lib/libc++abi.dylib
0x00000000061a1000 	/usr/lib/system/libcache.dylib
0x00000000061a1000 	/usr/lib/system/libcommonCrypto.dylib
0x00000000061a1000 	/usr/lib/system/libcompiler_rt.dylib
0x00000000061a1000 	/usr/lib/system/libcopyfile.dylib
0x00000000061a1000 	/usr/lib/system/libcorecrypto.dylib
0x00000000061a1000 	/usr/lib/system/libdispatch.dylib
0x00000000061a1000 	/usr/lib/system/libdyld.dylib
0x00000000061a1000 	/usr/lib/system/libkeymgr.dylib
0x00000000061a1000 	/usr/lib/system/liblaunch.dylib
0x00000000061a1000 	/usr/lib/system/libmacho.dylib
0x00000000061a1000 	/usr/lib/system/libquarantine.dylib
0x00000000061a1000 	/usr/lib/system/libremovefile.dylib
0x00000000061a1000 	/usr/lib/system/libsystem_asl.dylib
0x00000000061a1000 	/usr/lib/system/libsystem_blocks.dylib
0x00000000061a1000 	/usr/lib/system/libsystem_c.dylib
0x00000000061a1000 	/usr/lib/system/libsystem_configuration.dylib
0x00000000061a1000 	/usr/lib/system/libsystem_coreservices.dylib
0x00000000061a1000 	/usr/lib/system/libsystem_coretls.dylib
0x00000000061a1000 	/usr/lib/system/libsystem_dnssd.dylib
0x00000000061a1000 	/usr/lib/system/libsystem_info.dylib
0x00000000061a1000 	/usr/lib/system/libsystem_kernel.dylib
0x00000000061a1000 	/usr/lib/system/libsystem_m.dylib
0x00000000061a1000 	/usr/lib/system/libsystem_malloc.dylib
0x00000000061a1000 	/usr/lib/system/libsystem_network.dylib
0x00000000061a1000 	/usr/lib/system/libsystem_networkextension.dylib
0x00000000061a1000 	/usr/lib/system/libsystem_notify.dylib
0x00000000061a1000 	/usr/lib/system/libsystem_platform.dylib
0x00000000061a1000 	/usr/lib/system/libsystem_pthread.dylib
0x00000000061a1000 	/usr/lib/system/libsystem_sandbox.dylib
0x00000000061a1000 	/usr/lib/system/libsystem_secinit.dylib
0x00000000061a1000 	/usr/lib/system/libsystem_symptoms.dylib
0x00000000061a1000 	/usr/lib/system/libsystem_trace.dylib
0x00000000061a1000 	/usr/lib/system/libunwind.dylib
0x00000000061a1000 	/usr/lib/system/libxpc.dylib
0x00000000061a1000 	/usr/lib/libbsm.0.dylib
0x00000000061a1000 	/usr/lib/system/libkxld.dylib
0x00000000061a1000 	/usr/lib/libcoretls.dylib
0x00000000061a1000 	/usr/lib/libcoretls_cfhelpers.dylib
0x00000000061a1000 	/usr/lib/libOpenScriptingUtil.dylib
0x00000000061a1000 	/usr/lib/libpam.2.dylib
0x00000000061a1000 	/usr/lib/libsqlite3.dylib
0x00000000061a1000 	/usr/lib/libxar.1.dylib
0x00000000061a1000 	/usr/lib/libbz2.1.0.dylib
0x00000000061a1000 	/usr/lib/liblzma.5.dylib
0x00000000061a1000 	/usr/lib/libnetwork.dylib
0x00000000061a1000 	/usr/lib/libpcap.A.dylib
0x00000000061a1000 	/System/Library/Frameworks/CoreServices.framework/Versions/A/Frameworks/FSEvents.framework/Versions/A/FSEvents
0x00000000061a1000 	/System/Library/Frameworks/CoreServices.framework/Versions/A/Frameworks/CarbonCore.framework/Versions/A/CarbonCore
0x00000000061a1000 	/System/Library/Frameworks/CoreServices.framework/Versions/A/Frameworks/Metadata.framework/Versions/A/Metadata
0x00000000061a1000 	/System/Library/Frameworks/CoreServices.framework/Versions/A/Frameworks/OSServices.framework/Versions/A/OSServices
0x00000000061a1000 	/System/Library/Frameworks/CoreServices.framework/Versions/A/Frameworks/SearchKit.framework/Versions/A/SearchKit
0x00000000061a1000 	/System/Library/Frameworks/CoreServices.framework/Versions/A/Frameworks/AE.framework/Versions/A/AE
0x00000000061a1000 	/System/Library/Frameworks/CoreServices.framework/Versions/A/Frameworks/LaunchServices.framework/Versions/A/LaunchServices
0x00000000061a1000 	/System/Library/Frameworks/CoreServices.framework/Versions/A/Frameworks/DictionaryServices.framework/Versions/A/DictionaryServices
0x00000000061a1000 	/System/Library/Frameworks/CoreServices.framework/Versions/A/Frameworks/SharedFileList.framework/Versions/A/SharedFileList
0x00000000061a1000 	/System/Library/Frameworks/NetFS.framework/Versions/A/NetFS
0x00000000061a1000 	/System/Library/PrivateFrameworks/NetAuth.framework/Versions/A/NetAuth
0x00000000061a1000 	/System/Library/PrivateFrameworks/login.framework/Versions/A/Frameworks/loginsupport.framework/Versions/A/loginsupport
0x00000000061a1000 	/System/Library/PrivateFrameworks/TCC.framework/Versions/A/TCC
0x00000000061a1000 	/usr/lib/libmecabra.dylib
0x00000000061a1000 	/System/Library/Frameworks/ApplicationServices.framework/Versions/A/Frameworks/ATS.framework/Versions/A/ATS
0x00000000061a1000 	/System/Library/Frameworks/ApplicationServices.framework/Versions/A/Frameworks/ColorSync.framework/Versions/A/ColorSync
0x00000000061a1000 	/System/Library/Frameworks/ApplicationServices.framework/Versions/A/Frameworks/HIServices.framework/Versions/A/HIServices
0x00000000061a1000 	/System/Library/Frameworks/ApplicationServices.framework/Versions/A/Frameworks/LangAnalysis.framework/Versions/A/LangAnalysis
0x00000000061a1000 	/System/Library/Frameworks/ApplicationServices.framework/Versions/A/Frameworks/PrintCore.framework/Versions/A/PrintCore
0x00000000061a1000 	/System/Library/Frameworks/ApplicationServices.framework/Versions/A/Frameworks/QD.framework/Versions/A/QD
0x00000000061a1000 	/System/Library/Frameworks/ApplicationServices.framework/Versions/A/Frameworks/SpeechSynthesis.framework/Versions/A/SpeechSynthesis
0x00000000061a1000 	/System/Library/Frameworks/Accelerate.framework/Versions/A/Frameworks/vImage.framework/Versions/A/vImage
0x00000000061a1000 	/System/Library/Frameworks/Accelerate.framework/Versions/A/Frameworks/vecLib.framework/Versions/A/vecLib
0x00000000061a1000 	/System/Library/Frameworks/Accelerate.framework/Versions/A/Frameworks/vecLib.framework/Versions/A/libvDSP.dylib
0x00000000061a1000 	/System/Library/Frameworks/Accelerate.framework/Versions/A/Frameworks/vecLib.framework/Versions/A/libBNNS.dylib
0x00000000061a1000 	/System/Library/Frameworks/Accelerate.framework/Versions/A/Frameworks/vecLib.framework/Versions/A/libQuadrature.dylib
0x00000000061a1000 	/System/Library/Frameworks/Accelerate.framework/Versions/A/Frameworks/vecLib.framework/Versions/A/libvMisc.dylib
0x00000000061a1000 	/System/Library/Frameworks/Accelerate.framework/Versions/A/Frameworks/vecLib.framework/Versions/A/libLAPACK.dylib
0x00000000061a1000 	/System/Library/Frameworks/Accelerate.framework/Versions/A/Frameworks/vecLib.framework/Versions/A/libBLAS.dylib
0x00000000061a1000 	/System/Library/Frameworks/Accelerate.framework/Versions/A/Frameworks/vecLib.framework/Versions/A/libLinearAlgebra.dylib
0x00000000061a1000 	/System/Library/Frameworks/Accelerate.framework/Versions/A/Frameworks/vecLib.framework/Versions/A/libSparseBLAS.dylib
0x00000000061a1000 	/System/Library/Frameworks/ApplicationServices.framework/Versions/A/Frameworks/ATS.framework/Versions/A/Resources/libFontParser.dylib
0x00000000061a1000 	/System/Library/Frameworks/ApplicationServices.framework/Versions/A/Frameworks/ATS.framework/Versions/A/Resources/libFontRegistry.dylib
0x00000000061a1000 	/System/Library/Frameworks/ImageIO.framework/Versions/A/Resources/libJPEG.dylib
0x00000000061a1000 	/System/Library/Frameworks/ImageIO.framework/Versions/A/Resources/libTIFF.dylib
0x00000000061a1000 	/System/Library/Frameworks/ImageIO.framework/Versions/A/Resources/libPng.dylib
0x00000000061a1000 	/System/Library/Frameworks/ImageIO.framework/Versions/A/Resources/libGIF.dylib
0x00000000061a1000 	/System/Library/Frameworks/ImageIO.framework/Versions/A/Resources/libJP2.dylib
0x00000000061a1000 	/System/Library/Frameworks/ImageIO.framework/Versions/A/Resources/libRadiance.dylib
0x00000000061a1000 	/usr/lib/libcompression.dylib
0x00000000061a1000 	/System/Library/PrivateFrameworks/AppleJPEG.framework/Versions/A/AppleJPEG
0x00000000061a1000 	/usr/lib/libcups.2.dylib
0x00000000061a1000 	/System/Library/Frameworks/Kerberos.framework/Versions/A/Kerberos
0x00000000061a1000 	/System/Library/Frameworks/GSS.framework/Versions/A/GSS
0x00000000061a1000 	/usr/lib/libresolv.9.dylib
0x00000000061a1000 	/usr/lib/libiconv.2.dylib
0x00000000061a1000 	/System/Library/PrivateFrameworks/Heimdal.framework/Versions/A/Heimdal
0x00000000061a1000 	/usr/lib/libheimdal-asn1.dylib
0x00000000061a1000 	/System/Library/Frameworks/OpenDirectory.framework/Versions/A/OpenDirectory
0x00000000061a1000 	/System/Library/PrivateFrameworks/CommonAuth.framework/Versions/A/CommonAuth
0x00000000061a1000 	/System/Library/Frameworks/OpenDirectory.framework/Versions/A/Frameworks/CFOpenDirectory.framework/Versions/A/CFOpenDirectory
0x00000000061a1000 	/System/Library/Frameworks/SecurityFoundation.framework/Versions/A/SecurityFoundation
0x00000000061a1000 	/System/Library/PrivateFrameworks/LanguageModeling.framework/Versions/A/LanguageModeling
0x00000000061a1000 	/usr/lib/libmarisa.dylib
0x00000000061a1000 	/usr/lib/libChineseTokenizer.dylib
0x00000000061a1000 	/usr/lib/libcmph.dylib
0x00000000061a1000 	/System/Library/PrivateFrameworks/CoreEmoji.framework/Versions/A/CoreEmoji
0x00000000061a1000 	/System/Library/Frameworks/ServiceManagement.framework/Versions/A/ServiceManagement
0x00000000061a1000 	/usr/lib/libxslt.1.dylib
0x00000000061a1000 	/System/Library/Frameworks/Carbon.framework/Versions/A/Frameworks/Ink.framework/Versions/A/Ink
0x00000000061a1000 	/System/Library/PrivateFrameworks/TextureIO.framework/Versions/A/TextureIO
0x00000000061a1000 	/System/Library/Frameworks/Metal.framework/Versions/A/Metal
0x00000000061a1000 	/usr/lib/libate.dylib
0x00000000061a1000 	/System/Library/PrivateFrameworks/GPUCompiler.framework/libmetal_timestamp.dylib
0x00000000061a1000 	/System/Library/Frameworks/OpenGL.framework/Versions/A/Libraries/libCoreFSCache.dylib
0x00000000061a1000 	/System/Library/PrivateFrameworks/IOAccelerator.framework/Versions/A/IOAccelerator
0x00000000061a1000 	/System/Library/Frameworks/CoreVideo.framework/Versions/A/CoreVideo
0x00000000061a1000 	/usr/lib/libFosl_dynamic.dylib
0x00000000061a1000 	/System/Library/PrivateFrameworks/MetalPerformanceShaders.framework/Versions/A/MetalPerformanceShaders
0x00000000061a1000 	/System/Library/PrivateFrameworks/FaceCore.framework/Versions/A/FaceCore
0x00000000061a1000 	/System/Library/Frameworks/OpenCL.framework/Versions/A/OpenCL
0x00000000061a1000 	/System/Library/Frameworks/OpenGL.framework/Versions/A/Libraries/libGLU.dylib
0x00000000061a1000 	/System/Library/Frameworks/OpenGL.framework/Versions/A/Libraries/libGFXShared.dylib
0x00000000061a1000 	/System/Library/Frameworks/OpenGL.framework/Versions/A/Libraries/libGL.dylib
0x00000000061a1000 	/System/Library/Frameworks/OpenGL.framework/Versions/A/Libraries/libGLImage.dylib
0x00000000061a1000 	/System/Library/Frameworks/OpenGL.framework/Versions/A/Libraries/libCVMSPluginSupport.dylib
0x00000000061a1000 	/System/Library/Frameworks/OpenGL.framework/Versions/A/Libraries/libCoreVMClient.dylib
0x00000000061a1000 	/System/Library/PrivateFrameworks/CrashReporterSupport.framework/Versions/A/CrashReporterSupport
0x00000000061a1000 	/System/Library/PrivateFrameworks/Sharing.framework/Versions/A/Sharing
0x00000000061a1000 	/System/Library/PrivateFrameworks/IconServices.framework/Versions/A/IconServices
0x00000000061a1000 	/System/Library/PrivateFrameworks/ProtocolBuffer.framework/Versions/A/ProtocolBuffer
0x00000000061a1000 	/System/Library/PrivateFrameworks/Apple80211.framework/Versions/A/Apple80211
0x00000000061a1000 	/System/Library/Frameworks/CoreWLAN.framework/Versions/A/CoreWLAN
0x00000000061a1000 	/System/Library/PrivateFrameworks/CoreUtils.framework/Versions/A/CoreUtils
0x00000000061a1000 	/System/Library/Frameworks/IOBluetooth.framework/Versions/A/IOBluetooth
0x00000000061a1000 	/System/Library/PrivateFrameworks/CoreWiFi.framework/Versions/A/CoreWiFi
0x00000000061a1000 	/System/Library/Frameworks/CoreBluetooth.framework/Versions/A/CoreBluetooth
0x00000000061a1000 	/System/Library/Frameworks/CoreDisplay.framework/Versions/A/CoreDisplay
0x00000000061a1000 	/System/Library/PrivateFrameworks/IOPresentment.framework/Versions/A/IOPresentment
0x00000000061a1000 	/System/Library/PrivateFrameworks/DSExternalDisplay.framework/Versions/A/DSExternalDisplay
0x00000000061a1000 	/System/Library/PrivateFrameworks/DebugSymbols.framework/Versions/A/DebugSymbols
0x00000000061a1000 	/System/Library/PrivateFrameworks/CoreSymbolication.framework/Versions/A/CoreSymbolication
0x00000000061a1000 	/System/Library/PrivateFrameworks/Symbolication.framework/Versions/A/Symbolication
0x00000000061a1000 	/System/Library/PrivateFrameworks/AppleFSCompression.framework/Versions/A/AppleFSCompression
0x00000000061a1000 	/System/Library/PrivateFrameworks/SpeechRecognitionCore.framework/Versions/A/SpeechRecognitionCore
0x00000000061a1000 	/System/Library/PrivateFrameworks/ChunkingLibrary.framework/Versions/A/ChunkingLibrary
0x000000010c200000 	/Library/Java/JavaVirtualMachines/jdk1.8.0_131.jdk/Contents/Home/jre/lib/server/libjvm.dylib
0x00000000061a1000 	/usr/lib/libstdc++.6.dylib
0x000000010b93d000 	/Library/Java/JavaVirtualMachines/jdk1.8.0_131.jdk/Contents/Home/jre/lib/libverify.dylib
0x000000010b94b000 	/Library/Java/JavaVirtualMachines/jdk1.8.0_131.jdk/Contents/Home/jre/lib/libjava.dylib
0x000000010b98a000 	/Library/Java/JavaVirtualMachines/jdk1.8.0_131.jdk/Contents/Home/jre/lib/libzip.dylib
0x000000010b9e4000 	/System/Library/Frameworks/JavaVM.framework/Frameworks/JavaRuntimeSupport.framework/JavaRuntimeSupport
0x0000000113ab6000 	/System/Library/Frameworks/JavaVM.framework/Versions/A/Frameworks/JavaNativeFoundation.framework/Versions/A/JavaNativeFoundation
0x0000000113acb000 	/System/Library/Frameworks/JavaVM.framework/Versions/A/JavaVM
0x00000000061a1000 	/System/Library/Frameworks/Carbon.framework/Versions/A/Carbon
0x0000000113ad8000 	/System/Library/PrivateFrameworks/JavaLaunching.framework/Versions/A/JavaLaunching
0x00000000061a1000 	/System/Library/Frameworks/Carbon.framework/Versions/A/Frameworks/CommonPanels.framework/Versions/A/CommonPanels
0x00000000061a1000 	/System/Library/Frameworks/Carbon.framework/Versions/A/Frameworks/Help.framework/Versions/A/Help
0x00000000061a1000 	/System/Library/Frameworks/Carbon.framework/Versions/A/Frameworks/ImageCapture.framework/Versions/A/ImageCapture
0x00000000061a1000 	/System/Library/Frameworks/Carbon.framework/Versions/A/Frameworks/OpenScripting.framework/Versions/A/OpenScripting
0x00000000061a1000 	/System/Library/Frameworks/Carbon.framework/Versions/A/Frameworks/Print.framework/Versions/A/Print
0x00000000061a1000 	/System/Library/Frameworks/Carbon.framework/Versions/A/Frameworks/SecurityHI.framework/Versions/A/SecurityHI
0x00000001153eb000 	/Library/Java/JavaVirtualMachines/jdk1.8.0_131.jdk/Contents/Home/jre/lib/libnio.dylib
0x00000001153fb000 	/Library/Java/JavaVirtualMachines/jdk1.8.0_131.jdk/Contents/Home/jre/lib/./libnet.dylib
0x00000001154f7000 	/Library/Java/JavaVirtualMachines/jdk1.8.0_131.jdk/Contents/Home/jre/lib/libawt.dylib
0x000000011559f000 	/Library/Java/JavaVirtualMachines/jdk1.8.0_131.jdk/Contents/Home/jre/lib/./libmlib_image.dylib
0x000000011566b000 	/Library/Java/JavaVirtualMachines/jdk1.8.0_131.jdk/Contents/Home/jre/lib/libawt_lwawt.dylib
0x0000000115722000 	/Library/Java/JavaVirtualMachines/jdk1.8.0_131.jdk/Contents/Home/jre/lib/./libosxapp.dylib
0x00000000061a1000 	/System/Library/Frameworks/ExceptionHandling.framework/Versions/A/ExceptionHandling
0x00000000061a1000 	/System/Library/PrivateFrameworks/CoreServicesInternal.framework/Versions/A/CoreServicesInternal
0x00000000061a1000 	/System/Library/CoreServices/RawCamera.bundle/Contents/MacOS/RawCamera
0x0000000115cbf000 	/System/Library/Frameworks/Accelerate.framework/Frameworks/vImage.framework/Versions/A/Libraries/libCGInterfaces.dylib
0x00000000061a1000 	/System/Library/Frameworks/ApplicationServices.framework/Versions/A/Frameworks/ATS.framework/Versions/A/Resources/libTrueTypeScaler.dylib
0x00000001297f8000 	/System/Library/Frameworks/OpenGL.framework/Resources/GLEngine.bundle/GLEngine
0x00000000061a1000 	/System/Library/Frameworks/OpenGL.framework/Versions/A/Libraries/libGLProgrammability.dylib
0x00000001299dd000 	/System/Library/Extensions/AppleIntelBDWGraphicsGLDriver.bundle/Contents/MacOS/AppleIntelBDWGraphicsGLDriver
0x00000000061a1000 	/System/Library/PrivateFrameworks/GPUSupport.framework/Versions/A/Libraries/libGPUSupportMercury.dylib
0x0000000116765000 	/System/Library/Frameworks/OpenGL.framework/Resources//GLRendererFloat.bundle/GLRendererFloat
0x00000000061a1000 	/System/Library/Frameworks/OpenCL.framework/Versions/A/Libraries/libcldcpuengine.dylib
0x00000000061a1000 	/usr/lib/libcrypto.0.9.8.dylib
0x00000000061a1000 	/System/Library/PrivateFrameworks/TrustEvaluationAgent.framework/Versions/A/TrustEvaluationAgent
0x000000011687b000 	/System/Library/Extensions/AppleIntelBDWGraphicsMTLDriver.bundle/Contents/MacOS/AppleIntelBDWGraphicsMTLDriver
0x00000000061a1000 	/System/Library/PrivateFrameworks/FamilyControls.framework/Versions/A/FamilyControls
0x00000000061a1000 	/System/Library/PrivateFrameworks/CommerceKit.framework/Versions/A/Frameworks/CommerceCore.framework/Versions/A/CommerceCore
0x00000000061a1000 	/System/Library/PrivateFrameworks/SystemAdministration.framework/Versions/A/SystemAdministration
0x00000000061a1000 	/System/Library/PrivateFrameworks/AppContainer.framework/Versions/A/AppContainer
0x00000000061a1000 	/System/Library/PrivateFrameworks/SecCodeWrapper.framework/Versions/A/SecCodeWrapper
0x00000000061a1000 	/System/Library/Frameworks/DirectoryService.framework/Versions/A/DirectoryService
0x00000000061a1000 	/System/Library/PrivateFrameworks/DiskImages.framework/Versions/A/DiskImages
0x00000000061a1000 	/System/Library/PrivateFrameworks/LoginUIKit.framework/Versions/A/Frameworks/LoginUICore.framework/Versions/A/LoginUICore
0x00000000061a1000 	/usr/lib/libCoreStorage.dylib
0x00000000061a1000 	/usr/lib/libcsfde.dylib
0x00000000061a1000 	/usr/lib/libodfde.dylib
0x00000000061a1000 	/System/Library/Frameworks/DiscRecording.framework/Versions/A/DiscRecording
0x00000000061a1000 	/usr/lib/libcurl.4.dylib
0x00000000061a1000 	/System/Library/PrivateFrameworks/MediaKit.framework/Versions/A/MediaKit
0x00000000061a1000 	/System/Library/PrivateFrameworks/ProtectedCloudStorage.framework/Versions/A/ProtectedCloudStorage
0x00000000061a1000 	/System/Library/PrivateFrameworks/EFILogin.framework/Versions/A/EFILogin
0x00000000061a1000 	/usr/lib/libutil.dylib
0x00000000061a1000 	/System/Library/Frameworks/LDAP.framework/Versions/A/LDAP
0x00000000061a1000 	/usr/lib/libsasl2.2.dylib
0x00000000061a1000 	/System/Library/PrivateFrameworks/CoreDaemon.framework/Versions/B/CoreDaemon
0x00000000061a1000 	/System/Library/PrivateFrameworks/AppleSRP.framework/Versions/A/AppleSRP
0x00000000061a1000 	/System/Library/PrivateFrameworks/APFS.framework/Versions/A/APFS
0x00000000061a1000 	/System/Library/PrivateFrameworks/ViewBridge.framework/Versions/A/ViewBridge
0x00000000061a1000 	/System/Library/PrivateFrameworks/XPCService.framework/Versions/A/XPCService
0x00000000061a1000 	/System/Library/PrivateFrameworks/AppSandbox.framework/Versions/A/AppSandbox
0x00000000061a1000 	/usr/lib/libsandbox.1.dylib
0x00000000061a1000 	/usr/lib/libMatch.1.dylib
0x000000012c033000 	/Library/Java/JavaVirtualMachines/jdk1.8.0_131.jdk/Contents/Home/jre/lib/libsplashscreen.dylib
0x000000012c08c000 	/Library/Java/JavaVirtualMachines/jdk1.8.0_131.jdk/Contents/Home/jre/lib/libfontmanager.dylib
0x0000000116758000 	/Library/Java/JavaVirtualMachines/jdk1.8.0_131.jdk/Contents/Home/jre/lib/libosxui.dylib
0x00000001296a3000 	/Applications/NetBeans/Apache NetBeans 11.1.app/Contents/Resources/NetBeans/platform/modules/lib/libjnidispatch-440.jnilib
0x0000000116812000 	/Library/Java/JavaVirtualMachines/jdk1.8.0_131.jdk/Contents/Home/jre/lib/libmanagement.dylib
0x000000012e751000 	/Library/Java/JavaVirtualMachines/jdk1.8.0_131.jdk/Contents/Home/jre/lib/libjpeg.dylib
0x000000012e6f0000 	/Library/Java/JavaVirtualMachines/jdk1.8.0_131.jdk/Contents/Home/jre/lib/libdcpr.dylib
0x00000000061a1000 	/System/Library/PrivateFrameworks/CloudDocs.framework/Versions/A/CloudDocs
0x00000000061a1000 	/System/Library/Frameworks/CloudKit.framework/Versions/A/CloudKit
0x00000000061a1000 	/System/Library/PrivateFrameworks/MMCS.framework/Versions/A/MMCS
0x00000000061a1000 	/System/Library/Frameworks/CoreLocation.framework/Versions/A/CoreLocation
0x00000000061a1000 	/System/Library/PrivateFrameworks/AssetCacheServices.framework/Versions/A/AssetCacheServices
0x00000000061a1000 	/System/Library/PrivateFrameworks/GeoServices.framework/Versions/A/GeoServices
0x000000012dcef000 	/Library/Java/JavaVirtualMachines/jdk1.8.0_131.jdk/Contents/Home/jre/lib/libsunec.dylib
0x00000000061a1000 	/System/Library/PrivateFrameworks/Shortcut.framework/Versions/A/Shortcut
0x00000000061a1000 	/System/Library/PrivateFrameworks/HelpData.framework/Versions/A/HelpData

VM Arguments:
jvm_args: -Djdk.home=/Library/Java/JavaVirtualMachines/jdk1.8.0_131.jdk/Contents/Home -Dnetbeans.default_userdir_root=/Users/dthurston/Library/Application Support/NetBeans -Dnetbeans.dirs=/Applications/NetBeans/Apache NetBeans 11.1.app/Contents/Resources/NetBeans/nb:/Applications/NetBeans/Apache NetBeans 11.1.app/Contents/Resources/NetBeans/ergonomics:/Applications/NetBeans/Apache NetBeans 11.1.app/Contents/Resources/NetBeans/ide:/Applications/NetBeans/Apache NetBeans 11.1.app/Contents/Resources/NetBeans/extide:/Applications/NetBeans/Apache NetBeans 11.1.app/Contents/Resources/NetBeans/java:/Applications/NetBeans/Apache NetBeans 11.1.app/Contents/Resources/NetBeans/apisupport:/Applications/NetBeans/Apache NetBeans 11.1.app/Contents/Resources/NetBeans/webcommon:/Applications/NetBeans/Apache NetBeans 11.1.app/Contents/Resources/NetBeans/websvccommon:/Applications/NetBeans/Apache NetBeans 11.1.app/Contents/Resources/NetBeans/enterprise:/Applications/NetBeans/Apache NetBeans 11.1.app/Contents/Resources/NetBeans/mobility:/Applications/NetBeans/Apache NetBeans 11.1.app/Contents/Resources/NetBeans/profiler:/Applications/NetBeans/Apache NetBeans 11.1.app/Contents/Resources/NetBeans/python:/Applications/NetBeans/Apache NetBeans 11.1.app/Contents/Resources/NetBeans/php:/Applications/NetBeans/Apache NetBeans 11.1.app/Contents/Resources/NetBeans/identity:/Applications/NetBeans/Apache NetBeans 11.1.app/Contents/Resources/NetBeans/harness:/Applications/NetBeans/Apache NetBeans 11.1.app/Contents/Resources/NetBeans/cnd:/Applications/NetBeans/Apache NetBeans 11.1.app/Contents/Resources/NetBeans/cndext:/Applications/NetBeans/Apache NetBeans 11.1.app/Contents/Resources/NetBeans/dlight:/Applications/NetBeans/Apache NetBeans 11.1.app/Contents/Resources/NetBeans/groovy:/Applications/NetBeans/Apache NetBeans 11.1.app/Contents/Resources/NetBeans/extra:/Applications/NetBeans/Apache NetBeans 11.1.app/Contents/Resources/NetBeans/javacard:/Applications/NetBeans/Apache NetBeans 11.1.app/Contents/Resources/NetBeans/javafx: -Dnetbeans.home=/Applications/NetBeans/Apache NetBeans 11.1.app/Contents/Resources/NetBeans/platform -Dnetbeans.importclass=org.netbeans.upgrade.AutoUpgrade -XX:+UseStringDeduplication -Xss2m -Djdk.gtk.version=2.2 -Dapple.laf.useScreenMenuBar=true -Dapple.awt.graphics.UseQuartz=true -Dsun.java2d.noddraw=true -Dsun.java2d.dpiaware=true -Dsun.zip.disableMemoryMapping=true -Dplugin.manager.check.updates=false -Dnetbeans.extbrowser.manual_chrome_plugin_install=yes --add-opens=java.base/java.net=ALL-UNNAMED --add-opens=java.base/java.lang.ref=ALL-UNNAMED --add-opens=java.base/java.lang=ALL-UNNAMED --add-opens=java.base/java.security=ALL-UNNAMED --add-opens=java.base/java.util=ALL-UNNAMED --add-opens=java.desktop/javax.swing.plaf.basic=ALL-UNNAMED --add-opens=java.desktop/javax.swing.text=ALL-UNNAMED --add-opens=java.desktop/javax.swing=ALL-UNNAMED --add-opens=java.desktop/java.awt=ALL-UNNAMED --add-opens=java.desktop/java.awt.event=ALL-UNNAMED --add-opens=java.prefs/java.util.prefs=ALL-UNNAMED --add-opens=jdk.jshell/jdk.jshell=ALL-UNNAMED --add-modules=jdk.jshell --add-exports=java.desktop/sun.awt=ALL-UNNAMED --add-exports=java.desktop/java.awt.peer=ALL-UNNAMED --add-exports=java.desktop/com.sun.beans.editors=ALL-UNNAMED --add-exports=java.desktop/sun.swing=ALL-UNNAMED --add-exports=java.desktop/sun.awt.im=ALL-UNNAMED --add-exports=jdk.internal.jvmstat/sun.jvmstat.monitor=ALL-UNNAMED --add-exports=java.management/sun.management=ALL-UNNAMED --add-exports=java.base/sun.reflect.annotation=ALL-UNNAMED --add-exports=jdk.javadoc/com.sun.tools.javadoc.main=ALL-UNNAMED -XX:+IgnoreUnrecognizedVMOptions -XX:+HeapDumpOnOutOfMemoryError -XX:HeapDumpPath=/Users/dthurston/Library/Application Support/NetBeans/11.1/var/log/heapdump.hprof 
java_command: org.netbeans.Main --cachedir /Users/dthurston/Library/Caches/NetBeans/11.1 --userdir /Users/dthurston/Library/Application Support/NetBeans/11.1 --branding nb
java_class_path (initial): /Applications/NetBeans/Apache NetBeans 11.1.app/Contents/Resources/NetBeans/platform/lib/boot.jar:/Applications/NetBeans/Apache NetBeans 11.1.app/Contents/Resources/NetBeans/platform/lib/org-openide-modules.jar:/Applications/NetBeans/Apache NetBeans 11.1.app/Contents/Resources/NetBeans/platform/lib/org-openide-util-lookup.jar:/Applications/NetBeans/Apache NetBeans 11.1.app/Contents/Resources/NetBeans/platform/lib/org-openide-util-ui.jar:/Applications/NetBeans/Apache NetBeans 11.1.app/Contents/Resources/NetBeans/platform/lib/org-openide-util.jar:/Library/Java/JavaVirtualMachines/jdk1.8.0_131.jdk/Contents/Home/lib/dt.jar:/Library/Java/JavaVirtualMachines/jdk1.8.0_131.jdk/Contents/Home/lib/tools.jar
Launcher Type: SUN_STANDARD

Environment Variables:
PATH=/Library/Frameworks/Python.framework/Versions/3.6/bin:/Users/dthurston/.rbenv/shims:/Library/Frameworks/Python.framework/Versions/2.7/bin:/usr/local/bin:/usr/bin:/bin:/usr/sbin:/sbin:/Library/Frameworks/Mono.framework/Versions/Current/Commands:/Applications/Wireshark.app/Contents/MacOS:/Users/dthurston/Projects
SHELL=/bin/bash

Signal Handlers:
SIGSEGV: [libjvm.dylib+0x5b1eb1], sa_mask[0]=11111111011111110111111111111111, sa_flags=SA_ONSTACK|SA_RESTART|SA_SIGINFO
SIGBUS: [libjvm.dylib+0x5b1eb1], sa_mask[0]=11111111011111110111111111111111, sa_flags=SA_RESTART|SA_SIGINFO
SIGFPE: [libjvm.dylib+0x488988], sa_mask[0]=11111111011111110111111111111111, sa_flags=SA_RESTART|SA_SIGINFO
SIGPIPE: [libjvm.dylib+0x488988], sa_mask[0]=11111111011111110111111111111111, sa_flags=SA_RESTART|SA_SIGINFO
SIGXFSZ: [libjvm.dylib+0x488988], sa_mask[0]=11111111011111110111111111111111, sa_flags=SA_RESTART|SA_SIGINFO
SIGILL: [libjvm.dylib+0x488988], sa_mask[0]=11111111011111110111111111111111, sa_flags=SA_RESTART|SA_SIGINFO
SIGUSR1: SIG_DFL, sa_mask[0]=11011111011111100000000111000110, sa_flags=none
SIGUSR2: [libjvm.dylib+0x4884a6], sa_mask[0]=00000000000000000000000000000000, sa_flags=SA_RESTART|SA_SIGINFO
SIGHUP: [libjvm.dylib+0x486a7d], sa_mask[0]=11111111011111110111111111111111, sa_flags=SA_RESTART|SA_SIGINFO
SIGINT: SIG_IGN, sa_mask[0]=00000000000000000000000000000000, sa_flags=none
SIGTERM: [libjvm.dylib+0x486a7d], sa_mask[0]=11111111011111110111111111111111, sa_flags=SA_RESTART|SA_SIGINFO
SIGQUIT: [libjvm.dylib+0x486a7d], sa_mask[0]=11111111011111110111111111111111, sa_flags=SA_RESTART|SA_SIGINFO


---------------  S Y S T E M  ---------------

OS:Bsduname:Darwin 16.7.0 Darwin Kernel Version 16.7.0: Sun Jun  2 20:26:31 PDT 2019; root:xnu-3789.73.50~1/RELEASE_X86_64 x86_64
rlimit: STACK 8192k, CORE 0k, NPROC 709, NOFILE 10240, AS infinity
load average:2.06 1.98 2.01

CPU:total 4 (initial active 4) (2 cores per cpu, 2 threads per core) family 6 model 61 stepping 4, cmov, cx8, fxsr, mmx, sse, sse2, sse3, ssse3, sse4.1, sse4.2, popcnt, avx, avx2, aes, clmul, erms, rtm, 3dnowpref, lzcnt, ht, tsc, tscinvbit, bmi1, bmi2, adx

Memory: 4k page, physical 8388608k(20688k free)

/proc/meminfo:


vm_info: Java HotSpot(TM) 64-Bit Server VM (25.131-b11) for bsd-amd64 JRE (1.8.0_131-b11), built on Mar 15 2017 01:32:22 by "java_re" with gcc 4.2.1 (Based on Apple Inc. build 5658) (LLVM build 2336.11.00)

time: Tue Dec 10 12:55:55 2019
elapsed time: 370499 seconds (4d 6h 54m 59s)

