#
# A fatal error has been detected by the Java Runtime Environment:
#
#  SIGSEGV (0xb) at pc=0x000000012aa843bf, pid=1966, tid=0x000000000000db07
#
# JRE version: Java(TM) SE Runtime Environment (8.0_131-b11) (build 1.8.0_131-b11)
# Java VM: Java HotSpot(TM) 64-Bit Server VM (25.131-b11 mixed mode bsd-amd64 compressed oops)
# Problematic frame:
# C  [libawt_lwawt.dylib+0x1c3bf]  OGLSD_SetScratchSurface+0x49
#
# Failed to write core dump. Core dumps have been disabled. To enable core dumping, try "ulimit -c unlimited" before starting Java again
#
# If you would like to submit a bug report, please visit:
#   http://bugreport.java.com/bugreport/crash.jsp
# The crash happened outside the Java Virtual Machine in native code.
# See problematic frame for where to report the bug.
#

---------------  T H R E A D  ---------------

Current thread (0x00007fb0164d3000):  JavaThread "Java2D Queue Flusher" daemon [_thread_in_native, id=56071, stack(0x000070000617e000,0x000070000637e000)]

siginfo: si_signo: 11 (SIGSEGV), si_code: 1 (SEGV_MAPERR), si_addr: 0x0000000000000002

Registers:
RAX=0x00000000ffffffff, RBX=0x0000000000000002, RCX=0x0000000000000047, RDX=0x000000012aaa5258
RSP=0x000070000637d810, RBP=0x000070000637d830, RSI=0x00007fb0208eb4c0, RDI=0x00007fb0164d31f8
R8 =0x0000000000000020, R9 =0x0000000000000000, R10=0x0000000115daf178, R11=0x00000000e82462d8
R12=0x0000000000000000, R13=0x0000000741231730, R14=0x00007fb0164d31f8, R15=0x00007fb0164d3000
RIP=0x000000012aa843bf, EFLAGS=0x0000000000010202, ERR=0x0000000000000004
  TRAPNO=0x000000000000000e

Top of Stack: (sp=0x000070000637d810)
0x000070000637d810:   00007fb0208eb4c0 0000000000000000
0x000070000637d820:   00007fb0164f8810 00007fb0164d3000
0x000070000637d830:   000070000637d8b0 000000012aaa4d36
0x000070000637d840:   0000000000000064 00007fb014e1f1e8
0x000070000637d850:   000070000637d8b0 000000010f150094
0x000070000637d860:   0000000000000005 00007fb0164d3000
0x000070000637d870:   0000000741231701 00007fb0164f8820
0x000070000637d880:   000070000037d800 00007fb0164d31f8
0x000070000637d890:   0000000000000000 0000000000000000
0x000070000637d8a0:   00000000e9a727fb 00007fb0164d3000
0x000070000637d8b0:   000070000637d900 0000000115daf1ea
0x000070000637d8c0:   00000007412316a8 000070000637d908
0x000070000637d8d0:   000000012eeb9028 0000000000000000
0x000070000637d8e0:   0000000000000079 0000000000000000
0x000070000637d8f0:   000070000637d910 0000000000000000
0x000070000637d900:   00000000e82462d5 00000001170512c4
0x000070000637d910:   00000007412316a8 0000000741231730
0x000070000637d920:   0000000000000000 0000000000000000
0x000070000637d930:   0000000741231730 000070000637d9d0
0x000070000637d940:   0000000000000001 0000000000000000
0x000070000637d950:   000070000637d9d0 00000001150c77a7
0x000070000637d960:   0000000741231730 0000000741511598
0x000070000637d970:   0000700000001fa0 000000000000000a
0x000070000637d980:   00007fb0164d3000 0000000000000001
0x000070000637d990:   00000001150c771f 0000000124837208
0x000070000637d9a0:   000070000637da68 000070000637dd00
0x000070000637d9b0:   000000010000000a 0000000124837208
0x000070000637d9c0:   00000001150da120 000070000637dc70
0x000070000637d9d0:   000070000637db80 000000010f0ee5b6
0x000070000637d9e0:   0000700000000001 00007fb0164d3000
0x000070000637d9f0:   00007fb0164d3000 000070000637dd00
0x000070000637da00:   00007fb014e1f1e0 00000001150da120 

Instructions: (pc=0x000000012aa843bf)
0x000000012aa8439f:   c0 e9 82 00 00 00 48 8b 5e 10 48 85 db 75 0e bf
0x000000012aa843af:   01 00 00 00 48 8d 15 07 7c 03 00 eb d6 49 89 fe
0x000000012aa843bf:   4c 8b 3b 30 c0 e8 c1 a6 02 00 49 8b 3f 49 89 c4
0x000000012aa843cf:   48 8b 35 4a 03 06 00 30 c0 e8 0f a8 02 00 48 85 

Register to memory mapping:

RAX=0x00000000ffffffff is an unknown value
RBX=0x0000000000000002 is an unknown value
RCX=0x0000000000000047 is an unknown value
RDX=0x000000012aaa5258: Java_sun_java2d_opengl_OGLRenderQueue_flushBuffer+0xb5c in /Library/Java/JavaVirtualMachines/jdk1.8.0_131.jdk/Contents/Home/jre/lib/libawt_lwawt.dylib at 0x000000012aa68000
RSP=0x000070000637d810 is pointing into the stack for thread: 0x00007fb0164d3000
RBP=0x000070000637d830 is pointing into the stack for thread: 0x00007fb0164d3000
RSI=0x00007fb0208eb4c0 is an unknown value
RDI=0x00007fb0164d31f8 is an unknown value
R8 =0x0000000000000020 is an unknown value
R9 =0x0000000000000000 is an unknown value
R10=0x0000000115daf178 is at entry_point+56 in (nmethod*)0x0000000115daefd0
R11=0x00000000e82462d8 is an unknown value
R12=0x0000000000000000 is an unknown value
R13=0x0000000741231730 is an oop
sun.java2d.opengl.OGLRenderQueue$QueueFlusher 
 - klass: 'sun/java2d/opengl/OGLRenderQueue$QueueFlusher'
R14=0x00007fb0164d31f8 is an unknown value
R15=0x00007fb0164d3000 is a thread


Stack: [0x000070000617e000,0x000070000637e000],  sp=0x000070000637d810,  free space=2046k
Native frames: (J=compiled Java code, j=interpreted, Vv=VM code, C=native code)
C  [libawt_lwawt.dylib+0x1c3bf]  OGLSD_SetScratchSurface+0x49
C  [libawt_lwawt.dylib+0x3cd36]  Java_sun_java2d_opengl_OGLRenderQueue_flushBuffer+0x63a
J 8452  sun.java2d.opengl.OGLRenderQueue.flushBuffer(JI)V (0 bytes) @ 0x0000000115daf1ea [0x0000000115daf140+0xaa]
J 27669% C2 sun.java2d.opengl.OGLRenderQueue$QueueFlusher.run()V (234 bytes) @ 0x00000001170512c4 [0x0000000117050fc0+0x304]
v  ~StubRoutines::call_stub
V  [libjvm.dylib+0x2ee5b6]
V  [libjvm.dylib+0x2eed5a]
V  [libjvm.dylib+0x2eef06]
V  [libjvm.dylib+0x34965d]
V  [libjvm.dylib+0x56b87f]
V  [libjvm.dylib+0x56cf6c]
V  [libjvm.dylib+0x48b376]
C  [libsystem_pthread.dylib+0x393b]  _pthread_body+0xb4
C  [libsystem_pthread.dylib+0x3887]  _pthread_body+0x0
C  [libsystem_pthread.dylib+0x308d]  thread_start+0xd
C  0x0000000000000000

Java frames: (J=compiled Java code, j=interpreted, Vv=VM code)
J 8452  sun.java2d.opengl.OGLRenderQueue.flushBuffer(JI)V (0 bytes) @ 0x0000000115daf178 [0x0000000115daf140+0x38]
J 27669% C2 sun.java2d.opengl.OGLRenderQueue$QueueFlusher.run()V (234 bytes) @ 0x00000001170512c4 [0x0000000117050fc0+0x304]
v  ~StubRoutines::call_stub

---------------  P R O C E S S  ---------------

Java Threads: ( => current thread )
  0x00007fb02238a800 JavaThread "Inactive RequestProcessor thread [Was:Pause Action/org.netbeans.modules.masterfs.ui.suspend.PauseAction$1Controller]" daemon [_thread_blocked, id=89339, stack(0x0000700006c10000,0x0000700006e10000)]
  0x00007fb01d0e5000 JavaThread "DestroyJavaVM" [_thread_blocked, id=7171, stack(0x00007000040b9000,0x00007000042b9000)]
  0x00007fb01c581800 JavaThread "TimerQueue" daemon [_thread_blocked, id=79875, stack(0x0000700008637000,0x0000700008837000)]
  0x00007fb01d124000 JavaThread "Worker-JM" [_thread_blocked, id=79107, stack(0x0000700008434000,0x0000700008634000)]
  0x00007fb01bbad000 JavaThread "Framework Event Dispatcher" daemon [_thread_blocked, id=78595, stack(0x0000700008231000,0x0000700008431000)]
  0x00007fb01d061000 JavaThread "Deadlock Detector" [_thread_blocked, id=78083, stack(0x000070000802e000,0x000070000822e000)]
  0x00007fb015fe4000 JavaThread "Thread-3" daemon [_thread_blocked, id=77851, stack(0x0000700007e2b000,0x000070000802b000)]
  0x00007fb015676800 JavaThread "File Watcher" daemon [_thread_blocked, id=75535, stack(0x0000700007c28000,0x0000700007e28000)]
  0x00007fb01bbb5800 JavaThread "Thread-1" daemon [_thread_in_native, id=73479, stack(0x0000700007a25000,0x0000700007c25000)]
  0x00007fb01526a800 JavaThread "Editor Parsing Loop (netbeans-release-428-on-20190716)" daemon [_thread_blocked, id=71435, stack(0x0000700007219000,0x0000700007419000)]
  0x00007fb016987000 JavaThread "State Data Manager" daemon [_thread_blocked, id=69571, stack(0x0000700006a0d000,0x0000700006c0d000)]
  0x00007fb0167cb000 JavaThread "Framework Active Thread" [_thread_blocked, id=68875, stack(0x000070000680a000,0x0000700006a0a000)]
  0x00007fb016580000 JavaThread "AWT-EventQueue-0" [_thread_blocked, id=63747, stack(0x0000700006584000,0x0000700006784000)]
  0x00007fb01645e000 JavaThread "Java2D Disposer" daemon [_thread_blocked, id=63243, stack(0x0000700006381000,0x0000700006581000)]
=>0x00007fb0164d3000 JavaThread "Java2D Queue Flusher" daemon [_thread_in_native, id=56071, stack(0x000070000617e000,0x000070000637e000)]
  0x00007fb015093800 JavaThread "RequestProcessor queue manager" daemon [_thread_blocked, id=55555, stack(0x0000700005f7b000,0x000070000617b000)]
  0x00007fb0163c2800 JavaThread "AWT-Shutdown" [_thread_blocked, id=30495, stack(0x000070000586c000,0x0000700005a6c000)]
  0x00007fb015065800 JavaThread "AppKit Thread" daemon [_thread_in_native, id=775, stack(0x00007fff50eb1000,0x00007fff516b1000)]
  0x00007fb015a28000 JavaThread "CLI Requests Server" daemon [_thread_in_native, id=20227, stack(0x00007000055e6000,0x00007000057e6000)]
  0x00007fb016185000 JavaThread "Active Reference Queue Daemon" daemon [_thread_blocked, id=19715, stack(0x00007000053e3000,0x00007000055e3000)]
  0x00007fb015815800 JavaThread "Service Thread" daemon [_thread_blocked, id=18691, stack(0x00007000050dd000,0x00007000052dd000)]
  0x00007fb01606d800 JavaThread "C1 CompilerThread2" daemon [_thread_blocked, id=18179, stack(0x0000700004fda000,0x00007000050da000)]
  0x00007fb01606d000 JavaThread "C2 CompilerThread1" daemon [_thread_blocked, id=17667, stack(0x0000700004ed7000,0x0000700004fd7000)]
  0x00007fb015814800 JavaThread "C2 CompilerThread0" daemon [_thread_blocked, id=17155, stack(0x0000700004dd4000,0x0000700004ed4000)]
  0x00007fb016076000 JavaThread "Signal Dispatcher" daemon [_thread_blocked, id=16643, stack(0x0000700004bd1000,0x0000700004dd1000)]
  0x00007fb016026000 JavaThread "Finalizer" daemon [_thread_blocked, id=12547, stack(0x00007000049ce000,0x0000700004bce000)]
  0x00007fb01582d000 JavaThread "Reference Handler" daemon [_thread_blocked, id=12035, stack(0x00007000047cb000,0x00007000049cb000)]

Other Threads:
  0x00007fb01582c800 VMThread [stack: 0x00007000046c8000,0x00007000047c8000] [id=11523]
  0x00007fb016076800 WatcherThread [stack: 0x00007000052e0000,0x00007000053e0000] [id=19203]

VM state:not at safepoint (normal execution)

VM Mutex/Monitor currently owned by a thread: None

Heap:
 PSYoungGen      total 201728K, used 6574K [0x0000000795580000, 0x00000007a2d00000, 0x00000007c0000000)
  eden space 184832K, 0% used [0x0000000795580000,0x000000079559dc80,0x00000007a0a00000)
  from space 16896K, 38% used [0x00000007a1c80000,0x00000007a22cddb8,0x00000007a2d00000)
  to   space 17920K, 0% used [0x00000007a0a00000,0x00000007a0a00000,0x00000007a1b80000)
 ParOldGen       total 412160K, used 266097K [0x0000000740000000, 0x0000000759280000, 0x0000000795580000)
  object space 412160K, 64% used [0x0000000740000000,0x00000007503dc508,0x0000000759280000)
 Metaspace       used 128800K, capacity 146535K, committed 146712K, reserved 1175552K
  class space    used 15484K, capacity 20243K, committed 20256K, reserved 1048576K

Card table byte_map: [0x0000000110198000,0x0000000110599000] byte_map_base: 0x000000010c798000

Marking Bits: (ParMarkBitMap*) 0x000000010f6f1ea0
 Begin Bits: [0x0000000110844000, 0x0000000112844000)
 End Bits:   [0x0000000112844000, 0x0000000114844000)

Polling page: 0x000000010e5da000

CodeCache: size=245760Kb used=87681Kb max_used=87692Kb free=158078Kb
 bounds [0x00000001150c7000, 0x000000011a727000, 0x00000001240c7000]
 total_blobs=23081 nmethods=22129 adapters=858
 compilation: enabled

Compilation events (10 events):
Event: 141881.367 Thread 0x00007fb015814800 33492 % !   4       org.netbeans.modules.masterfs.watcher.Watcher$Ext::run @ 0 (290 bytes)
Event: 141881.557 Thread 0x00007fb015814800 nmethod 33492% 0x000000011a711550 code [0x000000011a711a60, 0x000000011a7147b0]
Event: 154073.172 Thread 0x00007fb01606d800 33493       3       java.lang.StringCoding$StringDecoder::<init> (7 bytes)
Event: 154073.202 Thread 0x00007fb01606d800 nmethod 33493 0x00000001151d7690 code [0x00000001151d7800, 0x00000001151d7988]
Event: 154073.245 Thread 0x00007fb01606d800 33495       3       java.awt.Container::updateGraphicsData (59 bytes)
Event: 154073.250 Thread 0x00007fb01606d800 nmethod 33495 0x0000000119336c10 code [0x0000000119336e20, 0x00000001193377a8]
Event: 154073.307 Thread 0x00007fb01606d800 33496       1       sun.awt.NullComponentPeer::updateGraphicsData (2 bytes)
Event: 154073.308 Thread 0x00007fb01606d800 nmethod 33496 0x000000011a66e9d0 code [0x000000011a66eb20, 0x000000011a66ec30]
Event: 154073.335 Thread 0x00007fb01606d800 33494       3       java.lang.StringCoding$StringDecoder::<init> (54 bytes)
Event: 154073.340 Thread 0x00007fb01606d800 nmethod 33494 0x0000000117119990 code [0x0000000117119b60, 0x000000011711a388]

GC Heap History (10 events):
Event: 141096.798 GC heap before
{Heap before GC invocations=317 (full 5):
 PSYoungGen      total 201728K, used 187067K [0x0000000795580000, 0x00000007a2f80000, 0x00000007c0000000)
  eden space 180224K, 100% used [0x0000000795580000,0x00000007a0580000,0x00000007a0580000)
  from space 21504K, 31% used [0x00000007a0580000,0x00000007a0c2ec08,0x00000007a1a80000)
  to   space 20992K, 0% used [0x00000007a1b00000,0x00000007a1b00000,0x00000007a2f80000)
 ParOldGen       total 412160K, used 265697K [0x0000000740000000, 0x0000000759280000, 0x0000000795580000)
  object space 412160K, 64% used [0x0000000740000000,0x0000000750378508,0x0000000759280000)
 Metaspace       used 128794K, capacity 146535K, committed 146712K, reserved 1175552K
  class space    used 15483K, capacity 20243K, committed 20256K, reserved 1048576K
Event: 141096.898 GC heap after
Heap after GC invocations=317 (full 5):
 PSYoungGen      total 201216K, used 6689K [0x0000000795580000, 0x00000007a2e80000, 0x00000007c0000000)
  eden space 181248K, 0% used [0x0000000795580000,0x0000000795580000,0x00000007a0680000)
  from space 19968K, 33% used [0x00000007a1b00000,0x00000007a2188400,0x00000007a2e80000)
  to   space 20480K, 0% used [0x00000007a0680000,0x00000007a0680000,0x00000007a1a80000)
 ParOldGen       total 412160K, used 265825K [0x0000000740000000, 0x0000000759280000, 0x0000000795580000)
  object space 412160K, 64% used [0x0000000740000000,0x0000000750398508,0x0000000759280000)
 Metaspace       used 128794K, capacity 146535K, committed 146712K, reserved 1175552K
  class space    used 15483K, capacity 20243K, committed 20256K, reserved 1048576K
}
Event: 141121.827 GC heap before
{Heap before GC invocations=318 (full 5):
 PSYoungGen      total 201216K, used 187937K [0x0000000795580000, 0x00000007a2e80000, 0x00000007c0000000)
  eden space 181248K, 100% used [0x0000000795580000,0x00000007a0680000,0x00000007a0680000)
  from space 19968K, 33% used [0x00000007a1b00000,0x00000007a2188400,0x00000007a2e80000)
  to   space 20480K, 0% used [0x00000007a0680000,0x00000007a0680000,0x00000007a1a80000)
 ParOldGen       total 412160K, used 265825K [0x0000000740000000, 0x0000000759280000, 0x0000000795580000)
  object space 412160K, 64% used [0x0000000740000000,0x0000000750398508,0x0000000759280000)
 Metaspace       used 128797K, capacity 146535K, committed 146712K, reserved 1175552K
  class space    used 15483K, capacity 20243K, committed 20256K, reserved 1048576K
Event: 141121.848 GC heap after
Heap after GC invocations=318 (full 5):
 PSYoungGen      total 201728K, used 6855K [0x0000000795580000, 0x00000007a2d80000, 0x00000007c0000000)
  eden space 181248K, 0% used [0x0000000795580000,0x0000000795580000,0x00000007a0680000)
  from space 20480K, 33% used [0x00000007a0680000,0x00000007a0d31d60,0x00000007a1a80000)
  to   space 19456K, 0% used [0x00000007a1a80000,0x00000007a1a80000,0x00000007a2d80000)
 ParOldGen       total 412160K, used 265865K [0x0000000740000000, 0x0000000759280000, 0x0000000795580000)
  object space 412160K, 64% used [0x0000000740000000,0x00000007503a2508,0x0000000759280000)
 Metaspace       used 128797K, capacity 146535K, committed 146712K, reserved 1175552K
  class space    used 15483K, capacity 20243K, committed 20256K, reserved 1048576K
}
Event: 141125.678 GC heap before
{Heap before GC invocations=319 (full 5):
 PSYoungGen      total 201728K, used 188103K [0x0000000795580000, 0x00000007a2d80000, 0x00000007c0000000)
  eden space 181248K, 100% used [0x0000000795580000,0x00000007a0680000,0x00000007a0680000)
  from space 20480K, 33% used [0x00000007a0680000,0x00000007a0d31d60,0x00000007a1a80000)
  to   space 19456K, 0% used [0x00000007a1a80000,0x00000007a1a80000,0x00000007a2d80000)
 ParOldGen       total 412160K, used 265865K [0x0000000740000000, 0x0000000759280000, 0x0000000795580000)
  object space 412160K, 64% used [0x0000000740000000,0x00000007503a2508,0x0000000759280000)
 Metaspace       used 128797K, capacity 146535K, committed 146712K, reserved 1175552K
  class space    used 15483K, capacity 20243K, committed 20256K, reserved 1048576K
Event: 141125.708 GC heap after
Heap after GC invocations=319 (full 5):
 PSYoungGen      total 202240K, used 6772K [0x0000000795580000, 0x00000007a2e80000, 0x00000007c0000000)
  eden space 182784K, 0% used [0x0000000795580000,0x0000000795580000,0x00000007a0800000)
  from space 19456K, 34% used [0x00000007a1a80000,0x00000007a211d318,0x00000007a2d80000)
  to   space 18944K, 0% used [0x00000007a0800000,0x00000007a0800000,0x00000007a1a80000)
 ParOldGen       total 412160K, used 265913K [0x0000000740000000, 0x0000000759280000, 0x0000000795580000)
  object space 412160K, 64% used [0x0000000740000000,0x00000007503ae508,0x0000000759280000)
 Metaspace       used 128797K, capacity 146535K, committed 146712K, reserved 1175552K
  class space    used 15483K, capacity 20243K, committed 20256K, reserved 1048576K
}
Event: 142943.166 GC heap before
{Heap before GC invocations=320 (full 5):
 PSYoungGen      total 202240K, used 189556K [0x0000000795580000, 0x00000007a2e80000, 0x00000007c0000000)
  eden space 182784K, 100% used [0x0000000795580000,0x00000007a0800000,0x00000007a0800000)
  from space 19456K, 34% used [0x00000007a1a80000,0x00000007a211d318,0x00000007a2d80000)
  to   space 18944K, 0% used [0x00000007a0800000,0x00000007a0800000,0x00000007a1a80000)
 ParOldGen       total 412160K, used 265913K [0x0000000740000000, 0x0000000759280000, 0x0000000795580000)
  object space 412160K, 64% used [0x0000000740000000,0x00000007503ae508,0x0000000759280000)
 Metaspace       used 128797K, capacity 146535K, committed 146712K, reserved 1175552K
  class space    used 15483K, capacity 20243K, committed 20256K, reserved 1048576K
Event: 142943.288 GC heap after
Heap after GC invocations=320 (full 5):
 PSYoungGen      total 201728K, used 6688K [0x0000000795580000, 0x00000007a2e80000, 0x00000007c0000000)
  eden space 182784K, 0% used [0x0000000795580000,0x0000000795580000,0x00000007a0800000)
  from space 18944K, 35% used [0x00000007a0800000,0x00000007a0e88258,0x00000007a1a80000)
  to   space 18432K, 0% used [0x00000007a1c80000,0x00000007a1c80000,0x00000007a2e80000)
 ParOldGen       total 412160K, used 266049K [0x0000000740000000, 0x0000000759280000, 0x0000000795580000)
  object space 412160K, 64% used [0x0000000740000000,0x00000007503d0508,0x0000000759280000)
 Metaspace       used 128797K, capacity 146535K, committed 146712K, reserved 1175552K
  class space    used 15483K, capacity 20243K, committed 20256K, reserved 1048576K
}
Event: 154280.961 GC heap before
{Heap before GC invocations=321 (full 5):
 PSYoungGen      total 201728K, used 189472K [0x0000000795580000, 0x00000007a2e80000, 0x00000007c0000000)
  eden space 182784K, 100% used [0x0000000795580000,0x00000007a0800000,0x00000007a0800000)
  from space 18944K, 35% used [0x00000007a0800000,0x00000007a0e88258,0x00000007a1a80000)
  to   space 18432K, 0% used [0x00000007a1c80000,0x00000007a1c80000,0x00000007a2e80000)
 ParOldGen       total 412160K, used 266049K [0x0000000740000000, 0x0000000759280000, 0x0000000795580000)
  object space 412160K, 64% used [0x0000000740000000,0x00000007503d0508,0x0000000759280000)
 Metaspace       used 128800K, capacity 146535K, committed 146712K, reserved 1175552K
  class space    used 15484K, capacity 20243K, committed 20256K, reserved 1048576K
Event: 154281.242 GC heap after
Heap after GC invocations=321 (full 5):
 PSYoungGen      total 201728K, used 6455K [0x0000000795580000, 0x00000007a2d00000, 0x00000007c0000000)
  eden space 184832K, 0% used [0x0000000795580000,0x0000000795580000,0x00000007a0a00000)
  from space 16896K, 38% used [0x00000007a1c80000,0x00000007a22cddb8,0x00000007a2d00000)
  to   space 17920K, 0% used [0x00000007a0a00000,0x00000007a0a00000,0x00000007a1b80000)
 ParOldGen       total 412160K, used 266097K [0x0000000740000000, 0x0000000759280000, 0x0000000795580000)
  object space 412160K, 64% used [0x0000000740000000,0x00000007503dc508,0x0000000759280000)
 Metaspace       used 128800K, capacity 146535K, committed 146712K, reserved 1175552K
  class space    used 15484K, capacity 20243K, committed 20256K, reserved 1048576K
}

Deoptimization events (10 events):
Event: 139062.063 Thread 0x00007fb016580000 Uncommon trap: reason=unstable_if action=reinterpret pc=0x0000000117107bb0 method=sun.awt.geom.AreaOp.pruneEdges(Ljava/util/Vector;)Ljava/util/Vector; @ 417
Event: 139063.441 Thread 0x00007fb016580000 Uncommon trap: reason=unstable_if action=reinterpret pc=0x0000000117f4d8fc method=sun.font.ExtendedTextSourceLabel.caretAtOffsetIsValid(I)Z @ 97
Event: 139063.445 Thread 0x00007fb016580000 Uncommon trap: reason=unstable_if action=reinterpret pc=0x000000011746d040 method=sun.font.ExtendedTextSourceLabel.caretAtOffsetIsValid(I)Z @ 97
Event: 139063.453 Thread 0x00007fb016580000 Uncommon trap: reason=unstable_if action=reinterpret pc=0x0000000117190658 method=sun.font.ExtendedTextSourceLabel.caretAtOffsetIsValid(I)Z @ 97
Event: 139102.342 Thread 0x00007fb016580000 Uncommon trap: reason=predicate action=maybe_recompile pc=0x00000001199fa814 method=java.awt.image.RGBImageFilter.filterRGBPixels(IIII[III)V @ 23
Event: 139102.346 Thread 0x00007fb016580000 Uncommon trap: reason=predicate action=maybe_recompile pc=0x00000001199fda44 method=java.awt.image.RGBImageFilter.filterRGBPixels(IIII[III)V @ 23
Event: 140491.628 Thread 0x00007fb016580000 Uncommon trap: reason=unstable_if action=reinterpret pc=0x00000001189de330 method=java.awt.Rectangle.equals(Ljava/lang/Object;)Z @ 42
Event: 154073.215 Thread 0x00007fb016580000 Uncommon trap: reason=unstable_if action=reinterpret pc=0x0000000115e52d0c method=java.awt.Component.updateGraphicsData(Ljava/awt/GraphicsConfiguration;)Z @ 25
Event: 154073.217 Thread 0x00007fb015065800 Uncommon trap: reason=null_check action=make_not_entrant pc=0x000000011a4ac1f8 method=java.awt.geom.AffineTransform.equals(Ljava/lang/Object;)Z @ 1
Event: 154077.016 Thread 0x00007fb015065800 Uncommon trap: reason=null_check action=make_not_entrant pc=0x0000000116397c2c method=java.awt.geom.AffineTransform.equals(Ljava/lang/Object;)Z @ 1

Internal exceptions (10 events):
Event: 125004.727 Thread 0x00007fb016c34000 Exception <a 'java/lang/NullPointerException'> (0x000000079feb6980) thrown at [/Users/java_re/workspace/8-2-build-macosx-x86_64/jdk8u131/8869/hotspot/src/share/vm/runtime/sharedRuntime.cpp, line 605]
Event: 125004.728 Thread 0x00007fb016c34000 Implicit null exception at 0x00000001197a0ac0 to 0x00000001197a0d02
Event: 125004.728 Thread 0x00007fb016c34000 Exception <a 'java/lang/NullPointerException'> (0x000000079febb128) thrown at [/Users/java_re/workspace/8-2-build-macosx-x86_64/jdk8u131/8869/hotspot/src/share/vm/runtime/sharedRuntime.cpp, line 605]
Event: 125004.729 Thread 0x00007fb016c34000 Implicit null exception at 0x00000001197a0ac0 to 0x00000001197a0d02
Event: 125004.729 Thread 0x00007fb016c34000 Exception <a 'java/lang/NullPointerException'> (0x000000079febd918) thrown at [/Users/java_re/workspace/8-2-build-macosx-x86_64/jdk8u131/8869/hotspot/src/share/vm/runtime/sharedRuntime.cpp, line 605]
Event: 129456.736 Thread 0x00007fb016580000 Implicit null exception at 0x0000000118a18071 to 0x0000000118a1afc5
Event: 129456.743 Thread 0x00007fb016580000 Implicit null exception at 0x0000000115277251 to 0x0000000115277b95
Event: 129456.743 Thread 0x00007fb016580000 Implicit null exception at 0x0000000115b92b61 to 0x0000000115b9317d
Event: 154073.217 Thread 0x00007fb015065800 Implicit null exception at 0x000000011a4a9f84 to 0x000000011a4ac1d5
Event: 154077.016 Thread 0x00007fb015065800 Implicit null exception at 0x0000000116397acc to 0x0000000116397c1d

Events (10 events):
Event: 154273.343 Executing VM operation: FindDeadlocks
Event: 154273.343 Executing VM operation: FindDeadlocks done
Event: 154275.347 Executing VM operation: FindDeadlocks
Event: 154275.348 Executing VM operation: FindDeadlocks done
Event: 154277.350 Executing VM operation: FindDeadlocks
Event: 154277.350 Executing VM operation: FindDeadlocks done
Event: 154279.351 Executing VM operation: FindDeadlocks
Event: 154279.351 Executing VM operation: FindDeadlocks done
Event: 154280.959 Executing VM operation: ParallelGCFailedAllocation
Event: 154281.242 Executing VM operation: ParallelGCFailedAllocation done


Dynamic libraries:
0x000000001de6d000 	/System/Library/Frameworks/Cocoa.framework/Versions/A/Cocoa
0x000000001de6d000 	/System/Library/Frameworks/Security.framework/Versions/A/Security
0x000000001de6d000 	/System/Library/Frameworks/ApplicationServices.framework/Versions/A/ApplicationServices
0x000000001de6d000 	/usr/lib/libz.1.dylib
0x000000001de6d000 	/usr/lib/libSystem.B.dylib
0x000000001de6d000 	/usr/lib/libobjc.A.dylib
0x000000001de6d000 	/System/Library/Frameworks/CoreFoundation.framework/Versions/A/CoreFoundation
0x000000001de6d000 	/System/Library/Frameworks/Foundation.framework/Versions/C/Foundation
0x000000001de6d000 	/System/Library/Frameworks/AppKit.framework/Versions/C/AppKit
0x000000001de6d000 	/System/Library/Frameworks/CoreData.framework/Versions/A/CoreData
0x000000001de6d000 	/System/Library/PrivateFrameworks/RemoteViewServices.framework/Versions/A/RemoteViewServices
0x000000001de6d000 	/System/Library/PrivateFrameworks/UIFoundation.framework/Versions/A/UIFoundation
0x000000001de6d000 	/System/Library/PrivateFrameworks/DFRFoundation.framework/Versions/A/DFRFoundation
0x000000001de6d000 	/usr/lib/libenergytrace.dylib
0x000000001de6d000 	/System/Library/PrivateFrameworks/SkyLight.framework/Versions/A/SkyLight
0x000000001de6d000 	/System/Library/Frameworks/CoreGraphics.framework/Versions/A/CoreGraphics
0x000000001de6d000 	/usr/lib/libScreenReader.dylib
0x000000001de6d000 	/System/Library/Frameworks/Accelerate.framework/Versions/A/Accelerate
0x000000001de6d000 	/System/Library/Frameworks/IOSurface.framework/Versions/A/IOSurface
0x000000001de6d000 	/System/Library/Frameworks/AudioToolbox.framework/Versions/A/AudioToolbox
0x000000001de6d000 	/System/Library/Frameworks/AudioUnit.framework/Versions/A/AudioUnit
0x000000001de6d000 	/System/Library/PrivateFrameworks/DataDetectorsCore.framework/Versions/A/DataDetectorsCore
0x000000001de6d000 	/System/Library/PrivateFrameworks/DesktopServicesPriv.framework/Versions/A/DesktopServicesPriv
0x000000001de6d000 	/System/Library/Frameworks/Carbon.framework/Versions/A/Frameworks/HIToolbox.framework/Versions/A/HIToolbox
0x000000001de6d000 	/usr/lib/libicucore.A.dylib
0x000000001de6d000 	/System/Library/Frameworks/QuartzCore.framework/Versions/A/QuartzCore
0x000000001de6d000 	/System/Library/Frameworks/Carbon.framework/Versions/A/Frameworks/SpeechRecognition.framework/Versions/A/SpeechRecognition
0x000000001de6d000 	/usr/lib/libauto.dylib
0x000000001de6d000 	/usr/lib/libxml2.2.dylib
0x000000001de6d000 	/System/Library/PrivateFrameworks/CoreUI.framework/Versions/A/CoreUI
0x000000001de6d000 	/System/Library/Frameworks/CoreAudio.framework/Versions/A/CoreAudio
0x000000001de6d000 	/System/Library/Frameworks/DiskArbitration.framework/Versions/A/DiskArbitration
0x000000001de6d000 	/usr/lib/liblangid.dylib
0x000000001de6d000 	/System/Library/PrivateFrameworks/MultitouchSupport.framework/Versions/A/MultitouchSupport
0x000000001de6d000 	/System/Library/Frameworks/IOKit.framework/Versions/A/IOKit
0x000000001de6d000 	/usr/lib/libDiagnosticMessagesClient.dylib
0x000000001de6d000 	/System/Library/Frameworks/CoreServices.framework/Versions/A/CoreServices
0x000000001de6d000 	/System/Library/PrivateFrameworks/PerformanceAnalysis.framework/Versions/A/PerformanceAnalysis
0x000000001de6d000 	/System/Library/PrivateFrameworks/GenerationalStorage.framework/Versions/A/GenerationalStorage
0x000000001de6d000 	/System/Library/Frameworks/OpenGL.framework/Versions/A/OpenGL
0x000000001de6d000 	/System/Library/Frameworks/CoreImage.framework/Versions/A/CoreImage
0x000000001de6d000 	/System/Library/Frameworks/CoreText.framework/Versions/A/CoreText
0x000000001de6d000 	/System/Library/Frameworks/ImageIO.framework/Versions/A/ImageIO
0x000000001de6d000 	/System/Library/PrivateFrameworks/Backup.framework/Versions/A/Backup
0x000000001de6d000 	/usr/lib/libarchive.2.dylib
0x000000001de6d000 	/System/Library/Frameworks/CFNetwork.framework/Versions/A/CFNetwork
0x000000001de6d000 	/System/Library/Frameworks/SystemConfiguration.framework/Versions/A/SystemConfiguration
0x000000001de6d000 	/usr/lib/libCRFSuite.dylib
0x000000001de6d000 	/usr/lib/libc++.1.dylib
0x000000001de6d000 	/usr/lib/libc++abi.dylib
0x000000001de6d000 	/usr/lib/system/libcache.dylib
0x000000001de6d000 	/usr/lib/system/libcommonCrypto.dylib
0x000000001de6d000 	/usr/lib/system/libcompiler_rt.dylib
0x000000001de6d000 	/usr/lib/system/libcopyfile.dylib
0x000000001de6d000 	/usr/lib/system/libcorecrypto.dylib
0x000000001de6d000 	/usr/lib/system/libdispatch.dylib
0x000000001de6d000 	/usr/lib/system/libdyld.dylib
0x000000001de6d000 	/usr/lib/system/libkeymgr.dylib
0x000000001de6d000 	/usr/lib/system/liblaunch.dylib
0x000000001de6d000 	/usr/lib/system/libmacho.dylib
0x000000001de6d000 	/usr/lib/system/libquarantine.dylib
0x000000001de6d000 	/usr/lib/system/libremovefile.dylib
0x000000001de6d000 	/usr/lib/system/libsystem_asl.dylib
0x000000001de6d000 	/usr/lib/system/libsystem_blocks.dylib
0x000000001de6d000 	/usr/lib/system/libsystem_c.dylib
0x000000001de6d000 	/usr/lib/system/libsystem_configuration.dylib
0x000000001de6d000 	/usr/lib/system/libsystem_coreservices.dylib
0x000000001de6d000 	/usr/lib/system/libsystem_coretls.dylib
0x000000001de6d000 	/usr/lib/system/libsystem_dnssd.dylib
0x000000001de6d000 	/usr/lib/system/libsystem_info.dylib
0x000000001de6d000 	/usr/lib/system/libsystem_kernel.dylib
0x000000001de6d000 	/usr/lib/system/libsystem_m.dylib
0x000000001de6d000 	/usr/lib/system/libsystem_malloc.dylib
0x000000001de6d000 	/usr/lib/system/libsystem_network.dylib
0x000000001de6d000 	/usr/lib/system/libsystem_networkextension.dylib
0x000000001de6d000 	/usr/lib/system/libsystem_notify.dylib
0x000000001de6d000 	/usr/lib/system/libsystem_platform.dylib
0x000000001de6d000 	/usr/lib/system/libsystem_pthread.dylib
0x000000001de6d000 	/usr/lib/system/libsystem_sandbox.dylib
0x000000001de6d000 	/usr/lib/system/libsystem_secinit.dylib
0x000000001de6d000 	/usr/lib/system/libsystem_symptoms.dylib
0x000000001de6d000 	/usr/lib/system/libsystem_trace.dylib
0x000000001de6d000 	/usr/lib/system/libunwind.dylib
0x000000001de6d000 	/usr/lib/system/libxpc.dylib
0x000000001de6d000 	/usr/lib/libbsm.0.dylib
0x000000001de6d000 	/usr/lib/system/libkxld.dylib
0x000000001de6d000 	/usr/lib/libcoretls.dylib
0x000000001de6d000 	/usr/lib/libcoretls_cfhelpers.dylib
0x000000001de6d000 	/usr/lib/libOpenScriptingUtil.dylib
0x000000001de6d000 	/usr/lib/libpam.2.dylib
0x000000001de6d000 	/usr/lib/libsqlite3.dylib
0x000000001de6d000 	/usr/lib/libxar.1.dylib
0x000000001de6d000 	/usr/lib/libbz2.1.0.dylib
0x000000001de6d000 	/usr/lib/liblzma.5.dylib
0x000000001de6d000 	/usr/lib/libnetwork.dylib
0x000000001de6d000 	/usr/lib/libpcap.A.dylib
0x000000001de6d000 	/System/Library/Frameworks/CoreServices.framework/Versions/A/Frameworks/FSEvents.framework/Versions/A/FSEvents
0x000000001de6d000 	/System/Library/Frameworks/CoreServices.framework/Versions/A/Frameworks/CarbonCore.framework/Versions/A/CarbonCore
0x000000001de6d000 	/System/Library/Frameworks/CoreServices.framework/Versions/A/Frameworks/Metadata.framework/Versions/A/Metadata
0x000000001de6d000 	/System/Library/Frameworks/CoreServices.framework/Versions/A/Frameworks/OSServices.framework/Versions/A/OSServices
0x000000001de6d000 	/System/Library/Frameworks/CoreServices.framework/Versions/A/Frameworks/SearchKit.framework/Versions/A/SearchKit
0x000000001de6d000 	/System/Library/Frameworks/CoreServices.framework/Versions/A/Frameworks/AE.framework/Versions/A/AE
0x000000001de6d000 	/System/Library/Frameworks/CoreServices.framework/Versions/A/Frameworks/LaunchServices.framework/Versions/A/LaunchServices
0x000000001de6d000 	/System/Library/Frameworks/CoreServices.framework/Versions/A/Frameworks/DictionaryServices.framework/Versions/A/DictionaryServices
0x000000001de6d000 	/System/Library/Frameworks/CoreServices.framework/Versions/A/Frameworks/SharedFileList.framework/Versions/A/SharedFileList
0x000000001de6d000 	/System/Library/Frameworks/NetFS.framework/Versions/A/NetFS
0x000000001de6d000 	/System/Library/PrivateFrameworks/NetAuth.framework/Versions/A/NetAuth
0x000000001de6d000 	/System/Library/PrivateFrameworks/login.framework/Versions/A/Frameworks/loginsupport.framework/Versions/A/loginsupport
0x000000001de6d000 	/System/Library/PrivateFrameworks/TCC.framework/Versions/A/TCC
0x000000001de6d000 	/usr/lib/libmecabra.dylib
0x000000001de6d000 	/System/Library/Frameworks/ApplicationServices.framework/Versions/A/Frameworks/ATS.framework/Versions/A/ATS
0x000000001de6d000 	/System/Library/Frameworks/ApplicationServices.framework/Versions/A/Frameworks/ColorSync.framework/Versions/A/ColorSync
0x000000001de6d000 	/System/Library/Frameworks/ApplicationServices.framework/Versions/A/Frameworks/HIServices.framework/Versions/A/HIServices
0x000000001de6d000 	/System/Library/Frameworks/ApplicationServices.framework/Versions/A/Frameworks/LangAnalysis.framework/Versions/A/LangAnalysis
0x000000001de6d000 	/System/Library/Frameworks/ApplicationServices.framework/Versions/A/Frameworks/PrintCore.framework/Versions/A/PrintCore
0x000000001de6d000 	/System/Library/Frameworks/ApplicationServices.framework/Versions/A/Frameworks/QD.framework/Versions/A/QD
0x000000001de6d000 	/System/Library/Frameworks/ApplicationServices.framework/Versions/A/Frameworks/SpeechSynthesis.framework/Versions/A/SpeechSynthesis
0x000000001de6d000 	/System/Library/Frameworks/Accelerate.framework/Versions/A/Frameworks/vImage.framework/Versions/A/vImage
0x000000001de6d000 	/System/Library/Frameworks/Accelerate.framework/Versions/A/Frameworks/vecLib.framework/Versions/A/vecLib
0x000000001de6d000 	/System/Library/Frameworks/Accelerate.framework/Versions/A/Frameworks/vecLib.framework/Versions/A/libvDSP.dylib
0x000000001de6d000 	/System/Library/Frameworks/Accelerate.framework/Versions/A/Frameworks/vecLib.framework/Versions/A/libBNNS.dylib
0x000000001de6d000 	/System/Library/Frameworks/Accelerate.framework/Versions/A/Frameworks/vecLib.framework/Versions/A/libQuadrature.dylib
0x000000001de6d000 	/System/Library/Frameworks/Accelerate.framework/Versions/A/Frameworks/vecLib.framework/Versions/A/libvMisc.dylib
0x000000001de6d000 	/System/Library/Frameworks/Accelerate.framework/Versions/A/Frameworks/vecLib.framework/Versions/A/libLAPACK.dylib
0x000000001de6d000 	/System/Library/Frameworks/Accelerate.framework/Versions/A/Frameworks/vecLib.framework/Versions/A/libBLAS.dylib
0x000000001de6d000 	/System/Library/Frameworks/Accelerate.framework/Versions/A/Frameworks/vecLib.framework/Versions/A/libLinearAlgebra.dylib
0x000000001de6d000 	/System/Library/Frameworks/Accelerate.framework/Versions/A/Frameworks/vecLib.framework/Versions/A/libSparseBLAS.dylib
0x000000001de6d000 	/System/Library/Frameworks/ApplicationServices.framework/Versions/A/Frameworks/ATS.framework/Versions/A/Resources/libFontParser.dylib
0x000000001de6d000 	/System/Library/Frameworks/ApplicationServices.framework/Versions/A/Frameworks/ATS.framework/Versions/A/Resources/libFontRegistry.dylib
0x000000001de6d000 	/System/Library/Frameworks/ImageIO.framework/Versions/A/Resources/libJPEG.dylib
0x000000001de6d000 	/System/Library/Frameworks/ImageIO.framework/Versions/A/Resources/libTIFF.dylib
0x000000001de6d000 	/System/Library/Frameworks/ImageIO.framework/Versions/A/Resources/libPng.dylib
0x000000001de6d000 	/System/Library/Frameworks/ImageIO.framework/Versions/A/Resources/libGIF.dylib
0x000000001de6d000 	/System/Library/Frameworks/ImageIO.framework/Versions/A/Resources/libJP2.dylib
0x000000001de6d000 	/System/Library/Frameworks/ImageIO.framework/Versions/A/Resources/libRadiance.dylib
0x000000001de6d000 	/usr/lib/libcompression.dylib
0x000000001de6d000 	/System/Library/PrivateFrameworks/AppleJPEG.framework/Versions/A/AppleJPEG
0x000000001de6d000 	/usr/lib/libcups.2.dylib
0x000000001de6d000 	/System/Library/Frameworks/Kerberos.framework/Versions/A/Kerberos
0x000000001de6d000 	/System/Library/Frameworks/GSS.framework/Versions/A/GSS
0x000000001de6d000 	/usr/lib/libresolv.9.dylib
0x000000001de6d000 	/usr/lib/libiconv.2.dylib
0x000000001de6d000 	/System/Library/PrivateFrameworks/Heimdal.framework/Versions/A/Heimdal
0x000000001de6d000 	/usr/lib/libheimdal-asn1.dylib
0x000000001de6d000 	/System/Library/Frameworks/OpenDirectory.framework/Versions/A/OpenDirectory
0x000000001de6d000 	/System/Library/PrivateFrameworks/CommonAuth.framework/Versions/A/CommonAuth
0x000000001de6d000 	/System/Library/Frameworks/OpenDirectory.framework/Versions/A/Frameworks/CFOpenDirectory.framework/Versions/A/CFOpenDirectory
0x000000001de6d000 	/System/Library/Frameworks/SecurityFoundation.framework/Versions/A/SecurityFoundation
0x000000001de6d000 	/System/Library/PrivateFrameworks/LanguageModeling.framework/Versions/A/LanguageModeling
0x000000001de6d000 	/usr/lib/libmarisa.dylib
0x000000001de6d000 	/usr/lib/libChineseTokenizer.dylib
0x000000001de6d000 	/usr/lib/libcmph.dylib
0x000000001de6d000 	/System/Library/PrivateFrameworks/CoreEmoji.framework/Versions/A/CoreEmoji
0x000000001de6d000 	/System/Library/Frameworks/ServiceManagement.framework/Versions/A/ServiceManagement
0x000000001de6d000 	/usr/lib/libxslt.1.dylib
0x000000001de6d000 	/System/Library/Frameworks/Carbon.framework/Versions/A/Frameworks/Ink.framework/Versions/A/Ink
0x000000001de6d000 	/System/Library/PrivateFrameworks/TextureIO.framework/Versions/A/TextureIO
0x000000001de6d000 	/System/Library/Frameworks/Metal.framework/Versions/A/Metal
0x000000001de6d000 	/usr/lib/libate.dylib
0x000000001de6d000 	/System/Library/PrivateFrameworks/GPUCompiler.framework/libmetal_timestamp.dylib
0x000000001de6d000 	/System/Library/Frameworks/OpenGL.framework/Versions/A/Libraries/libCoreFSCache.dylib
0x000000001de6d000 	/System/Library/PrivateFrameworks/IOAccelerator.framework/Versions/A/IOAccelerator
0x000000001de6d000 	/System/Library/Frameworks/CoreVideo.framework/Versions/A/CoreVideo
0x000000001de6d000 	/usr/lib/libFosl_dynamic.dylib
0x000000001de6d000 	/System/Library/PrivateFrameworks/MetalPerformanceShaders.framework/Versions/A/MetalPerformanceShaders
0x000000001de6d000 	/System/Library/PrivateFrameworks/FaceCore.framework/Versions/A/FaceCore
0x000000001de6d000 	/System/Library/Frameworks/OpenCL.framework/Versions/A/OpenCL
0x000000001de6d000 	/System/Library/Frameworks/OpenGL.framework/Versions/A/Libraries/libGLU.dylib
0x000000001de6d000 	/System/Library/Frameworks/OpenGL.framework/Versions/A/Libraries/libGFXShared.dylib
0x000000001de6d000 	/System/Library/Frameworks/OpenGL.framework/Versions/A/Libraries/libGL.dylib
0x000000001de6d000 	/System/Library/Frameworks/OpenGL.framework/Versions/A/Libraries/libGLImage.dylib
0x000000001de6d000 	/System/Library/Frameworks/OpenGL.framework/Versions/A/Libraries/libCVMSPluginSupport.dylib
0x000000001de6d000 	/System/Library/Frameworks/OpenGL.framework/Versions/A/Libraries/libCoreVMClient.dylib
0x000000001de6d000 	/System/Library/PrivateFrameworks/CrashReporterSupport.framework/Versions/A/CrashReporterSupport
0x000000001de6d000 	/System/Library/PrivateFrameworks/Sharing.framework/Versions/A/Sharing
0x000000001de6d000 	/System/Library/PrivateFrameworks/IconServices.framework/Versions/A/IconServices
0x000000001de6d000 	/System/Library/PrivateFrameworks/ProtocolBuffer.framework/Versions/A/ProtocolBuffer
0x000000001de6d000 	/System/Library/PrivateFrameworks/Apple80211.framework/Versions/A/Apple80211
0x000000001de6d000 	/System/Library/Frameworks/CoreWLAN.framework/Versions/A/CoreWLAN
0x000000001de6d000 	/System/Library/PrivateFrameworks/CoreUtils.framework/Versions/A/CoreUtils
0x000000001de6d000 	/System/Library/Frameworks/IOBluetooth.framework/Versions/A/IOBluetooth
0x000000001de6d000 	/System/Library/PrivateFrameworks/CoreWiFi.framework/Versions/A/CoreWiFi
0x000000001de6d000 	/System/Library/Frameworks/CoreBluetooth.framework/Versions/A/CoreBluetooth
0x000000001de6d000 	/System/Library/Frameworks/CoreDisplay.framework/Versions/A/CoreDisplay
0x000000001de6d000 	/System/Library/PrivateFrameworks/IOPresentment.framework/Versions/A/IOPresentment
0x000000001de6d000 	/System/Library/PrivateFrameworks/DSExternalDisplay.framework/Versions/A/DSExternalDisplay
0x000000001de6d000 	/System/Library/PrivateFrameworks/DebugSymbols.framework/Versions/A/DebugSymbols
0x000000001de6d000 	/System/Library/PrivateFrameworks/CoreSymbolication.framework/Versions/A/CoreSymbolication
0x000000001de6d000 	/System/Library/PrivateFrameworks/Symbolication.framework/Versions/A/Symbolication
0x000000001de6d000 	/System/Library/PrivateFrameworks/AppleFSCompression.framework/Versions/A/AppleFSCompression
0x000000001de6d000 	/System/Library/PrivateFrameworks/SpeechRecognitionCore.framework/Versions/A/SpeechRecognitionCore
0x000000001de6d000 	/System/Library/PrivateFrameworks/ChunkingLibrary.framework/Versions/A/ChunkingLibrary
0x000000010ee00000 	/Library/Java/JavaVirtualMachines/jdk1.8.0_131.jdk/Contents/Home/jre/lib/server/libjvm.dylib
0x000000001de6d000 	/usr/lib/libstdc++.6.dylib
0x000000010e5cc000 	/Library/Java/JavaVirtualMachines/jdk1.8.0_131.jdk/Contents/Home/jre/lib/libverify.dylib
0x000000010fda3000 	/Library/Java/JavaVirtualMachines/jdk1.8.0_131.jdk/Contents/Home/jre/lib/libjava.dylib
0x000000010e5e4000 	/Library/Java/JavaVirtualMachines/jdk1.8.0_131.jdk/Contents/Home/jre/lib/libzip.dylib
0x00000001257c7000 	/System/Library/Frameworks/JavaVM.framework/Frameworks/JavaRuntimeSupport.framework/JavaRuntimeSupport
0x00000001257e1000 	/System/Library/Frameworks/JavaVM.framework/Versions/A/Frameworks/JavaNativeFoundation.framework/Versions/A/JavaNativeFoundation
0x000000010e5ee000 	/System/Library/Frameworks/JavaVM.framework/Versions/A/JavaVM
0x000000001de6d000 	/System/Library/Frameworks/Carbon.framework/Versions/A/Carbon
0x00000001257f6000 	/System/Library/PrivateFrameworks/JavaLaunching.framework/Versions/A/JavaLaunching
0x000000001de6d000 	/System/Library/Frameworks/Carbon.framework/Versions/A/Frameworks/CommonPanels.framework/Versions/A/CommonPanels
0x000000001de6d000 	/System/Library/Frameworks/Carbon.framework/Versions/A/Frameworks/Help.framework/Versions/A/Help
0x000000001de6d000 	/System/Library/Frameworks/Carbon.framework/Versions/A/Frameworks/ImageCapture.framework/Versions/A/ImageCapture
0x000000001de6d000 	/System/Library/Frameworks/Carbon.framework/Versions/A/Frameworks/OpenScripting.framework/Versions/A/OpenScripting
0x000000001de6d000 	/System/Library/Frameworks/Carbon.framework/Versions/A/Frameworks/Print.framework/Versions/A/Print
0x000000001de6d000 	/System/Library/Frameworks/Carbon.framework/Versions/A/Frameworks/SecurityHI.framework/Versions/A/SecurityHI
0x0000000127105000 	/Library/Java/JavaVirtualMachines/jdk1.8.0_131.jdk/Contents/Home/jre/lib/libnio.dylib
0x0000000127115000 	/Library/Java/JavaVirtualMachines/jdk1.8.0_131.jdk/Contents/Home/jre/lib/./libnet.dylib
0x000000012a8f4000 	/Library/Java/JavaVirtualMachines/jdk1.8.0_131.jdk/Contents/Home/jre/lib/libawt.dylib
0x000000012a99c000 	/Library/Java/JavaVirtualMachines/jdk1.8.0_131.jdk/Contents/Home/jre/lib/./libmlib_image.dylib
0x000000012aa68000 	/Library/Java/JavaVirtualMachines/jdk1.8.0_131.jdk/Contents/Home/jre/lib/libawt_lwawt.dylib
0x000000012ab1f000 	/Library/Java/JavaVirtualMachines/jdk1.8.0_131.jdk/Contents/Home/jre/lib/./libosxapp.dylib
0x000000001de6d000 	/System/Library/Frameworks/ExceptionHandling.framework/Versions/A/ExceptionHandling
0x000000001de6d000 	/System/Library/PrivateFrameworks/CoreServicesInternal.framework/Versions/A/CoreServicesInternal
0x000000001de6d000 	/System/Library/CoreServices/RawCamera.bundle/Contents/MacOS/RawCamera
0x000000012b0bc000 	/System/Library/Frameworks/Accelerate.framework/Frameworks/vImage.framework/Versions/A/Libraries/libCGInterfaces.dylib
0x000000001de6d000 	/System/Library/Frameworks/ApplicationServices.framework/Versions/A/Frameworks/ATS.framework/Versions/A/Resources/libTrueTypeScaler.dylib
0x000000012c6e5000 	/System/Library/Frameworks/OpenGL.framework/Resources/GLEngine.bundle/GLEngine
0x000000001de6d000 	/System/Library/Frameworks/OpenGL.framework/Versions/A/Libraries/libGLProgrammability.dylib
0x000000012c8ca000 	/System/Library/Extensions/AppleIntelBDWGraphicsGLDriver.bundle/Contents/MacOS/AppleIntelBDWGraphicsGLDriver
0x000000001de6d000 	/System/Library/PrivateFrameworks/GPUSupport.framework/Versions/A/Libraries/libGPUSupportMercury.dylib
0x000000012bb34000 	/System/Library/Frameworks/OpenGL.framework/Resources//GLRendererFloat.bundle/GLRendererFloat
0x000000001de6d000 	/System/Library/Frameworks/OpenCL.framework/Versions/A/Libraries/libcldcpuengine.dylib
0x000000001de6d000 	/usr/lib/libcrypto.0.9.8.dylib
0x000000001de6d000 	/System/Library/PrivateFrameworks/TrustEvaluationAgent.framework/Versions/A/TrustEvaluationAgent
0x000000012d034000 	/System/Library/Extensions/AppleIntelBDWGraphicsMTLDriver.bundle/Contents/MacOS/AppleIntelBDWGraphicsMTLDriver
0x000000001de6d000 	/System/Library/PrivateFrameworks/FamilyControls.framework/Versions/A/FamilyControls
0x000000001de6d000 	/System/Library/PrivateFrameworks/CommerceKit.framework/Versions/A/Frameworks/CommerceCore.framework/Versions/A/CommerceCore
0x000000001de6d000 	/System/Library/PrivateFrameworks/SystemAdministration.framework/Versions/A/SystemAdministration
0x000000001de6d000 	/System/Library/PrivateFrameworks/AppContainer.framework/Versions/A/AppContainer
0x000000001de6d000 	/System/Library/PrivateFrameworks/SecCodeWrapper.framework/Versions/A/SecCodeWrapper
0x000000001de6d000 	/System/Library/Frameworks/DirectoryService.framework/Versions/A/DirectoryService
0x000000001de6d000 	/System/Library/PrivateFrameworks/DiskImages.framework/Versions/A/DiskImages
0x000000001de6d000 	/System/Library/PrivateFrameworks/LoginUIKit.framework/Versions/A/Frameworks/LoginUICore.framework/Versions/A/LoginUICore
0x000000001de6d000 	/usr/lib/libCoreStorage.dylib
0x000000001de6d000 	/usr/lib/libcsfde.dylib
0x000000001de6d000 	/usr/lib/libodfde.dylib
0x000000001de6d000 	/System/Library/Frameworks/DiscRecording.framework/Versions/A/DiscRecording
0x000000001de6d000 	/usr/lib/libcurl.4.dylib
0x000000001de6d000 	/System/Library/PrivateFrameworks/MediaKit.framework/Versions/A/MediaKit
0x000000001de6d000 	/System/Library/PrivateFrameworks/ProtectedCloudStorage.framework/Versions/A/ProtectedCloudStorage
0x000000001de6d000 	/System/Library/PrivateFrameworks/EFILogin.framework/Versions/A/EFILogin
0x000000001de6d000 	/usr/lib/libutil.dylib
0x000000001de6d000 	/System/Library/Frameworks/LDAP.framework/Versions/A/LDAP
0x000000001de6d000 	/usr/lib/libsasl2.2.dylib
0x000000001de6d000 	/System/Library/PrivateFrameworks/CoreDaemon.framework/Versions/B/CoreDaemon
0x000000001de6d000 	/System/Library/PrivateFrameworks/AppleSRP.framework/Versions/A/AppleSRP
0x000000001de6d000 	/System/Library/PrivateFrameworks/APFS.framework/Versions/A/APFS
0x000000001de6d000 	/System/Library/PrivateFrameworks/ViewBridge.framework/Versions/A/ViewBridge
0x000000001de6d000 	/System/Library/PrivateFrameworks/XPCService.framework/Versions/A/XPCService
0x000000001de6d000 	/System/Library/PrivateFrameworks/AppSandbox.framework/Versions/A/AppSandbox
0x000000001de6d000 	/usr/lib/libsandbox.1.dylib
0x000000001de6d000 	/usr/lib/libMatch.1.dylib
0x000000012f0e9000 	/Library/Java/JavaVirtualMachines/jdk1.8.0_131.jdk/Contents/Home/jre/lib/libsplashscreen.dylib
0x000000012f142000 	/Library/Java/JavaVirtualMachines/jdk1.8.0_131.jdk/Contents/Home/jre/lib/libfontmanager.dylib
0x000000012bb25000 	/Library/Java/JavaVirtualMachines/jdk1.8.0_131.jdk/Contents/Home/jre/lib/libosxui.dylib
0x0000000138f25000 	/Applications/NetBeans/Apache NetBeans 11.1.app/Contents/Resources/NetBeans/platform/modules/lib/libjnidispatch-440.jnilib
0x00000001271a6000 	/Library/Java/JavaVirtualMachines/jdk1.8.0_131.jdk/Contents/Home/jre/lib/libmanagement.dylib
0x0000000131791000 	/Library/Java/JavaVirtualMachines/jdk1.8.0_131.jdk/Contents/Home/jre/lib/libdcpr.dylib
0x000000001de6d000 	/System/Library/PrivateFrameworks/CloudDocs.framework/Versions/A/CloudDocs
0x000000001de6d000 	/System/Library/Frameworks/CloudKit.framework/Versions/A/CloudKit
0x000000001de6d000 	/System/Library/PrivateFrameworks/MMCS.framework/Versions/A/MMCS
0x000000001de6d000 	/System/Library/Frameworks/CoreLocation.framework/Versions/A/CoreLocation
0x000000001de6d000 	/System/Library/PrivateFrameworks/AssetCacheServices.framework/Versions/A/AssetCacheServices
0x000000001de6d000 	/System/Library/PrivateFrameworks/GeoServices.framework/Versions/A/GeoServices
0x000000001de6d000 	/System/Library/PrivateFrameworks/Shortcut.framework/Versions/A/Shortcut
0x000000001de6d000 	/System/Library/PrivateFrameworks/HelpData.framework/Versions/A/HelpData
0x000000012b357000 	cl_kernels
0x0000000163b62000 	/System/Library/Frameworks/OpenCL.framework/Versions/A/Libraries/ImageFormats/unorm8_bgra.dylib
0x0000000127a75000 	/Library/Java/JavaVirtualMachines/jdk1.8.0_131.jdk/Contents/Home/jre/lib/libsunec.dylib

VM Arguments:
jvm_args: -Djdk.home=/Library/Java/JavaVirtualMachines/jdk1.8.0_131.jdk/Contents/Home -Dnetbeans.default_userdir_root=/Users/dthurston/Library/Application Support/NetBeans -Dnetbeans.dirs=/Applications/NetBeans/Apache NetBeans 11.1.app/Contents/Resources/NetBeans/nb:/Applications/NetBeans/Apache NetBeans 11.1.app/Contents/Resources/NetBeans/ergonomics:/Applications/NetBeans/Apache NetBeans 11.1.app/Contents/Resources/NetBeans/ide:/Applications/NetBeans/Apache NetBeans 11.1.app/Contents/Resources/NetBeans/extide:/Applications/NetBeans/Apache NetBeans 11.1.app/Contents/Resources/NetBeans/java:/Applications/NetBeans/Apache NetBeans 11.1.app/Contents/Resources/NetBeans/apisupport:/Applications/NetBeans/Apache NetBeans 11.1.app/Contents/Resources/NetBeans/webcommon:/Applications/NetBeans/Apache NetBeans 11.1.app/Contents/Resources/NetBeans/websvccommon:/Applications/NetBeans/Apache NetBeans 11.1.app/Contents/Resources/NetBeans/enterprise:/Applications/NetBeans/Apache NetBeans 11.1.app/Contents/Resources/NetBeans/mobility:/Applications/NetBeans/Apache NetBeans 11.1.app/Contents/Resources/NetBeans/profiler:/Applications/NetBeans/Apache NetBeans 11.1.app/Contents/Resources/NetBeans/python:/Applications/NetBeans/Apache NetBeans 11.1.app/Contents/Resources/NetBeans/php:/Applications/NetBeans/Apache NetBeans 11.1.app/Contents/Resources/NetBeans/identity:/Applications/NetBeans/Apache NetBeans 11.1.app/Contents/Resources/NetBeans/harness:/Applications/NetBeans/Apache NetBeans 11.1.app/Contents/Resources/NetBeans/cnd:/Applications/NetBeans/Apache NetBeans 11.1.app/Contents/Resources/NetBeans/cndext:/Applications/NetBeans/Apache NetBeans 11.1.app/Contents/Resources/NetBeans/dlight:/Applications/NetBeans/Apache NetBeans 11.1.app/Contents/Resources/NetBeans/groovy:/Applications/NetBeans/Apache NetBeans 11.1.app/Contents/Resources/NetBeans/extra:/Applications/NetBeans/Apache NetBeans 11.1.app/Contents/Resources/NetBeans/javacard:/Applications/NetBeans/Apache NetBeans 11.1.app/Contents/Resources/NetBeans/javafx: -Dnetbeans.home=/Applications/NetBeans/Apache NetBeans 11.1.app/Contents/Resources/NetBeans/platform -Dnetbeans.importclass=org.netbeans.upgrade.AutoUpgrade -XX:+UseStringDeduplication -Xss2m -Djdk.gtk.version=2.2 -Dapple.laf.useScreenMenuBar=true -Dapple.awt.graphics.UseQuartz=true -Dsun.java2d.noddraw=true -Dsun.java2d.dpiaware=true -Dsun.zip.disableMemoryMapping=true -Dplugin.manager.check.updates=false -Dnetbeans.extbrowser.manual_chrome_plugin_install=yes --add-opens=java.base/java.net=ALL-UNNAMED --add-opens=java.base/java.lang.ref=ALL-UNNAMED --add-opens=java.base/java.lang=ALL-UNNAMED --add-opens=java.base/java.security=ALL-UNNAMED --add-opens=java.base/java.util=ALL-UNNAMED --add-opens=java.desktop/javax.swing.plaf.basic=ALL-UNNAMED --add-opens=java.desktop/javax.swing.text=ALL-UNNAMED --add-opens=java.desktop/javax.swing=ALL-UNNAMED --add-opens=java.desktop/java.awt=ALL-UNNAMED --add-opens=java.desktop/java.awt.event=ALL-UNNAMED --add-opens=java.prefs/java.util.prefs=ALL-UNNAMED --add-opens=jdk.jshell/jdk.jshell=ALL-UNNAMED --add-modules=jdk.jshell --add-exports=java.desktop/sun.awt=ALL-UNNAMED --add-exports=java.desktop/java.awt.peer=ALL-UNNAMED --add-exports=java.desktop/com.sun.beans.editors=ALL-UNNAMED --add-exports=java.desktop/sun.swing=ALL-UNNAMED --add-exports=java.desktop/sun.awt.im=ALL-UNNAMED --add-exports=jdk.internal.jvmstat/sun.jvmstat.monitor=ALL-UNNAMED --add-exports=java.management/sun.management=ALL-UNNAMED --add-exports=java.base/sun.reflect.annotation=ALL-UNNAMED --add-exports=jdk.javadoc/com.sun.tools.javadoc.main=ALL-UNNAMED -XX:+IgnoreUnrecognizedVMOptions -XX:+HeapDumpOnOutOfMemoryError -XX:HeapDumpPath=/Users/dthurston/Library/Application Support/NetBeans/11.1/var/log/heapdump.hprof 
java_command: org.netbeans.Main --cachedir /Users/dthurston/Library/Caches/NetBeans/11.1 --userdir /Users/dthurston/Library/Application Support/NetBeans/11.1 --branding nb
java_class_path (initial): /Applications/NetBeans/Apache NetBeans 11.1.app/Contents/Resources/NetBeans/platform/lib/boot.jar:/Applications/NetBeans/Apache NetBeans 11.1.app/Contents/Resources/NetBeans/platform/lib/org-openide-modules.jar:/Applications/NetBeans/Apache NetBeans 11.1.app/Contents/Resources/NetBeans/platform/lib/org-openide-util-lookup.jar:/Applications/NetBeans/Apache NetBeans 11.1.app/Contents/Resources/NetBeans/platform/lib/org-openide-util-ui.jar:/Applications/NetBeans/Apache NetBeans 11.1.app/Contents/Resources/NetBeans/platform/lib/org-openide-util.jar:/Library/Java/JavaVirtualMachines/jdk1.8.0_131.jdk/Contents/Home/lib/dt.jar:/Library/Java/JavaVirtualMachines/jdk1.8.0_131.jdk/Contents/Home/lib/tools.jar
Launcher Type: SUN_STANDARD

Environment Variables:
PATH=/Library/Frameworks/Python.framework/Versions/3.6/bin:/Users/dthurston/.rbenv/shims:/Library/Frameworks/Python.framework/Versions/2.7/bin:/usr/local/bin:/usr/bin:/bin:/usr/sbin:/sbin:/Library/Frameworks/Mono.framework/Versions/Current/Commands:/Applications/Wireshark.app/Contents/MacOS:/Users/dthurston/Projects
SHELL=/bin/bash

Signal Handlers:
SIGSEGV: [libjvm.dylib+0x5b1eb1], sa_mask[0]=11111111011111110111111111111111, sa_flags=SA_ONSTACK|SA_RESTART|SA_SIGINFO
SIGBUS: [libjvm.dylib+0x5b1eb1], sa_mask[0]=11111111011111110111111111111111, sa_flags=SA_RESTART|SA_SIGINFO
SIGFPE: [libjvm.dylib+0x488988], sa_mask[0]=11111111011111110111111111111111, sa_flags=SA_RESTART|SA_SIGINFO
SIGPIPE: [libjvm.dylib+0x488988], sa_mask[0]=11111111011111110111111111111111, sa_flags=SA_RESTART|SA_SIGINFO
SIGXFSZ: [libjvm.dylib+0x488988], sa_mask[0]=11111111011111110111111111111111, sa_flags=SA_RESTART|SA_SIGINFO
SIGILL: [libjvm.dylib+0x488988], sa_mask[0]=11111111011111110111111111111111, sa_flags=SA_RESTART|SA_SIGINFO
SIGUSR1: SIG_DFL, sa_mask[0]=11011111011111100000000111000110, sa_flags=none
SIGUSR2: [libjvm.dylib+0x4884a6], sa_mask[0]=00000000000000000000000000000000, sa_flags=SA_RESTART|SA_SIGINFO
SIGHUP: [libjvm.dylib+0x486a7d], sa_mask[0]=11111111011111110111111111111111, sa_flags=SA_RESTART|SA_SIGINFO
SIGINT: SIG_IGN, sa_mask[0]=00000000000000000000000000000000, sa_flags=none
SIGTERM: [libjvm.dylib+0x486a7d], sa_mask[0]=11111111011111110111111111111111, sa_flags=SA_RESTART|SA_SIGINFO
SIGQUIT: [libjvm.dylib+0x486a7d], sa_mask[0]=11111111011111110111111111111111, sa_flags=SA_RESTART|SA_SIGINFO


---------------  S Y S T E M  ---------------

OS:Bsduname:Darwin 16.7.0 Darwin Kernel Version 16.7.0: Sun Jun  2 20:26:31 PDT 2019; root:xnu-3789.73.50~1/RELEASE_X86_64 x86_64
rlimit: STACK 8192k, CORE 0k, NPROC 709, NOFILE 10240, AS infinity
load average:3.69 4.34 3.33

CPU:total 4 (initial active 4) (2 cores per cpu, 2 threads per core) family 6 model 61 stepping 4, cmov, cx8, fxsr, mmx, sse, sse2, sse3, ssse3, sse4.1, sse4.2, popcnt, avx, avx2, aes, clmul, erms, rtm, 3dnowpref, lzcnt, ht, tsc, tscinvbit, bmi1, bmi2, adx

Memory: 4k page, physical 8388608k(19756k free)

/proc/meminfo:


vm_info: Java HotSpot(TM) 64-Bit Server VM (25.131-b11) for bsd-amd64 JRE (1.8.0_131-b11), built on Mar 15 2017 01:32:22 by "java_re" with gcc 4.2.1 (Based on Apple Inc. build 5658) (LLVM build 2336.11.00)

time: Thu Oct 17 08:26:33 2019
elapsed time: 154281 seconds (1d 18h 51m 21s)

