#
# A fatal error has been detected by the Java Runtime Environment:
#
#  SIGSEGV (0xb) at pc=0x0000000115feb3bf, pid=1816, tid=0x000000000000dc07
#
# JRE version: Java(TM) SE Runtime Environment (8.0_131-b11) (build 1.8.0_131-b11)
# Java VM: Java HotSpot(TM) 64-Bit Server VM (25.131-b11 mixed mode bsd-amd64 compressed oops)
# Problematic frame:
# C  [libawt_lwawt.dylib+0x1c3bf]  OGLSD_SetScratchSurface+0x49
#
# Failed to write core dump. Core dumps have been disabled. To enable core dumping, try "ulimit -c unlimited" before starting Java again
#
# If you would like to submit a bug report, please visit:
#   http://bugreport.java.com/bugreport/crash.jsp
# The crash happened outside the Java Virtual Machine in native code.
# See problematic frame for where to report the bug.
#

---------------  T H R E A D  ---------------

Current thread (0x00007f874fb4f000):  JavaThread "Java2D Queue Flusher" daemon [_thread_in_native, id=56327, stack(0x000070000f8c6000,0x000070000fac6000)]

siginfo: si_signo: 11 (SIGSEGV), si_code: 1 (SEGV_MAPERR), si_addr: 0x0000000000000002

Registers:
RAX=0x00000000ffffffff, RBX=0x0000000000000002, RCX=0x0000000000000047, RDX=0x000000011600c258
RSP=0x000070000fac5780, RBP=0x000070000fac57a0, RSI=0x00007f873fe249b0, RDI=0x00007f874fb4f1f8
R8 =0x00007f874ecc3040, R9 =0x000000000000da30, R10=0x0000000118886b38, R11=0x00000000e81a42f6
R12=0x0000000000000000, R13=0x000000011317fc48, R14=0x00007f874fb4f1f8, R15=0x00007f874fb4f000
RIP=0x0000000115feb3bf, EFLAGS=0x0000000000010202, ERR=0x0000000000000004
  TRAPNO=0x000000000000000e

Top of Stack: (sp=0x000070000fac5780)
0x000070000fac5780:   00007f873fe249b0 0000000000000000
0x000070000fac5790:   00007f874fb57e10 00007f874fb4f000
0x000070000fac57a0:   000070000fac5820 000000011600bd36
0x000070000fac57b0:   00007f874fb4f000 00007f874ec236a8
0x000070000fac57c0:   000070000fac57f0 000000010d1381cc
0x000070000fac57d0:   0000000000000064 0000000000000000
0x000070000fac57e0:   0000000000000064 00007f874fb57e20
0x000070000fac57f0:   0000700000ac5850 00007f874fb4f1f8
0x000070000fac5800:   0000000740d21798 0000000000000000
0x000070000fac5810:   000070000fac5780 00007f874fb4f000
0x000070000fac5820:   000070000fac5870 0000000118886baa
0x000070000fac5830:   0000000740d21798 0000000000000118
0x000070000fac5840:   000070000fac5780 00007f874fb4f000
0x000070000fac5850:   000070000fac58a0 0000000117f00568
0x000070000fac5860:   0000000740d21820 0000000740134db8
0x000070000fac5870:   0000000740d21798 000000011806f910
0x000070000fac5880:   0000000740134db8 0000000117aa24e0
0x000070000fac5890:   00000000e81a4304 0000000113178a38
0x000070000fac58a0:   000070000fac59d0 000000011998aea4
0x000070000fac58b0:   0000000000000041 0000000113178a38
0x000070000fac58c0:   000070000fac5960 00007f874fb4f000
0x000070000fac58d0:   000070000fac5938 00000001175e3b9a
0x000070000fac58e0:   00000001175e3b58 0000000000000001
0x000070000fac58f0:   0000000740d21820 000070000fac58e8
0x000070000fac5900:   000000011998a190 0000000100000001
0x000070000fac5910:   0000000740d21820 0000000740d21820
0x000070000fac5920:   0000000100000000 0000000000000000
0x000070000fac5930:   000070000fac5960 0000000000000001
0x000070000fac5940:   0000000740d21820 0000000000000000
0x000070000fac5950:   000070000fac59d0 00000001175c37a7
0x000070000fac5960:   0000000740d21820 0000000740d21820
0x000070000fac5970:   0000700000001fa0 000000000000000a 

Instructions: (pc=0x0000000115feb3bf)
0x0000000115feb39f:   c0 e9 82 00 00 00 48 8b 5e 10 48 85 db 75 0e bf
0x0000000115feb3af:   01 00 00 00 48 8d 15 07 7c 03 00 eb d6 49 89 fe
0x0000000115feb3bf:   4c 8b 3b 30 c0 e8 c1 a6 02 00 49 8b 3f 49 89 c4
0x0000000115feb3cf:   48 8b 35 4a 03 06 00 30 c0 e8 0f a8 02 00 48 85 

Register to memory mapping:

RAX=0x00000000ffffffff is an unknown value
RBX=0x0000000000000002 is an unknown value
RCX=0x0000000000000047 is an unknown value
RDX=0x000000011600c258: Java_sun_java2d_opengl_OGLRenderQueue_flushBuffer+0xb5c in /Library/Java/JavaVirtualMachines/jdk1.8.0_131.jdk/Contents/Home/jre/lib/libawt_lwawt.dylib at 0x0000000115fcf000
RSP=0x000070000fac5780 is pointing into the stack for thread: 0x00007f874fb4f000
RBP=0x000070000fac57a0 is pointing into the stack for thread: 0x00007f874fb4f000
RSI=0x00007f873fe249b0 is an unknown value
RDI=0x00007f874fb4f1f8 is an unknown value
R8 =0x00007f874ecc3040 is an unknown value
R9 =0x000000000000da30 is an unknown value
R10=0x0000000118886b38 is at entry_point+56 in (nmethod*)0x0000000118886990
R11=0x00000000e81a42f6 is an unknown value
R12=0x0000000000000000 is an unknown value
R13={method} {0x000000011317fc48} 'initFBObject' '(JZZZII)Z' in 'sun/java2d/opengl/OGLSurfaceData'
R14=0x00007f874fb4f1f8 is an unknown value
R15=0x00007f874fb4f000 is a thread


Stack: [0x000070000f8c6000,0x000070000fac6000],  sp=0x000070000fac5780,  free space=2045k
Native frames: (J=compiled Java code, j=interpreted, Vv=VM code, C=native code)
C  [libawt_lwawt.dylib+0x1c3bf]  OGLSD_SetScratchSurface+0x49
C  [libawt_lwawt.dylib+0x3cd36]  Java_sun_java2d_opengl_OGLRenderQueue_flushBuffer+0x63a
J 7866  sun.java2d.opengl.OGLRenderQueue.flushBuffer(JI)V (0 bytes) @ 0x0000000118886baa [0x0000000118886b00+0xaa]
J 36463 C2 sun.java2d.opengl.OGLRenderQueue.flushBuffer()V (41 bytes) @ 0x000000011806f910 [0x000000011806f8c0+0x50]
J 46555% C1 sun.java2d.opengl.OGLRenderQueue$QueueFlusher.run()V (234 bytes) @ 0x000000011998aea4 [0x000000011998a4e0+0x9c4]
v  ~StubRoutines::call_stub
V  [libjvm.dylib+0x2ee5b6]
V  [libjvm.dylib+0x2eed5a]
V  [libjvm.dylib+0x2eef06]
V  [libjvm.dylib+0x34965d]
V  [libjvm.dylib+0x56b87f]
V  [libjvm.dylib+0x56cf6c]
V  [libjvm.dylib+0x48b376]
C  [libsystem_pthread.dylib+0x393b]  _pthread_body+0xb4
C  [libsystem_pthread.dylib+0x3887]  _pthread_body+0x0
C  [libsystem_pthread.dylib+0x308d]  thread_start+0xd
C  0x0000000000000000

Java frames: (J=compiled Java code, j=interpreted, Vv=VM code)
J 7866  sun.java2d.opengl.OGLRenderQueue.flushBuffer(JI)V (0 bytes) @ 0x0000000118886b38 [0x0000000118886b00+0x38]
J 36463 C2 sun.java2d.opengl.OGLRenderQueue.flushBuffer()V (41 bytes) @ 0x000000011806f910 [0x000000011806f8c0+0x50]
J 46555% C1 sun.java2d.opengl.OGLRenderQueue$QueueFlusher.run()V (234 bytes) @ 0x000000011998aea4 [0x000000011998a4e0+0x9c4]
v  ~StubRoutines::call_stub

---------------  P R O C E S S  ---------------

Java Threads: ( => current thread )
  0x00007f8755db3000 JavaThread "Inactive RequestProcessor thread [Was:org.remikz.netbeans.AutoSaveModified.AutoSaveModified/org.remikz.netbeans.AutoSaveModified.AutoSaveModified]" daemon [_thread_blocked, id=90843, stack(0x000070000f4c0000,0x000070000f6c0000)]
  0x00007f875b2e8800 JavaThread "Refresh-After-WindowActivated" daemon [_thread_in_Java, id=69135, stack(0x0000700010961000,0x0000700010b61000)]
  0x00007f87567f0800 JavaThread "Pending refresh" daemon [_thread_blocked, id=84483, stack(0x0000700012991000,0x0000700012b91000)]
  0x00007f874f009800 JavaThread "DestroyJavaVM" [_thread_blocked, id=6915, stack(0x000070000d77e000,0x000070000d97e000)]
  0x00007f8750752800 JavaThread "TimerQueue" daemon [_thread_blocked, id=80903, stack(0x0000700012185000,0x0000700012385000)]
  0x00007f875057f800 JavaThread "Worker-JM" [_thread_blocked, id=80135, stack(0x0000700011f82000,0x0000700012182000)]
  0x00007f8758039000 JavaThread "Deadlock Detector" [_thread_blocked, id=79627, stack(0x0000700011d7f000,0x0000700011f7f000)]
  0x00007f874fcb2800 JavaThread "Thread-4" daemon [_thread_blocked, id=79371, stack(0x0000700011b7c000,0x0000700011d7c000)]
  0x00007f87500ad000 JavaThread "File Watcher" daemon [_thread_blocked, id=75267, stack(0x0000700011979000,0x0000700011b79000)]
  0x00007f87585d1000 JavaThread "Thread-2" daemon [_thread_in_native, id=72963, stack(0x0000700011776000,0x0000700011976000)]
  0x00007f874fc73800 JavaThread "Bundle File Closer" daemon [_thread_blocked, id=4615, stack(0x000070001055b000,0x000070001075b000)]
  0x00007f8758230800 JavaThread "Framework Event Dispatcher" daemon [_thread_blocked, id=44039, stack(0x0000700010358000,0x0000700010558000)]
  0x00007f874fca2000 JavaThread "Framework Active Thread" [_thread_blocked, id=38431, stack(0x000070000ff52000,0x0000700010152000)]
  0x00007f874f4e8800 JavaThread "AWT-EventQueue-0" [_thread_blocked, id=64003, stack(0x000070000fccc000,0x000070000fecc000)]
  0x00007f874fb96800 JavaThread "Java2D Disposer" daemon [_thread_blocked, id=63495, stack(0x000070000fac9000,0x000070000fcc9000)]
=>0x00007f874fb4f000 JavaThread "Java2D Queue Flusher" daemon [_thread_in_native, id=56327, stack(0x000070000f8c6000,0x000070000fac6000)]
  0x00007f874fb48800 JavaThread "RequestProcessor queue manager" daemon [_thread_blocked, id=55811, stack(0x000070000f6c3000,0x000070000f8c3000)]
  0x00007f874f2ea000 JavaThread "Editor Parsing Loop (netbeans-release-428-on-20190716)" daemon [_thread_blocked, id=48687, stack(0x000070000f2bd000,0x000070000f4bd000)]
  0x00007f874f3b7000 JavaThread "AWT-Shutdown" [_thread_blocked, id=30751, stack(0x000070000efb4000,0x000070000f1b4000)]
  0x00007f874f1f3800 JavaThread "AppKit Thread" daemon [_thread_blocked, id=775, stack(0x00007fff531da000,0x00007fff539da000)]
  0x00007f874f2e0000 JavaThread "CLI Requests Server" daemon [_thread_in_native, id=20227, stack(0x000070000ed2e000,0x000070000ef2e000)]
  0x00007f874f94c800 JavaThread "Active Reference Queue Daemon" daemon [_thread_blocked, id=19715, stack(0x000070000eb2b000,0x000070000ed2b000)]
  0x00007f874f89c800 JavaThread "Service Thread" daemon [_thread_blocked, id=18691, stack(0x000070000e825000,0x000070000ea25000)]
  0x00007f874f045000 JavaThread "C1 CompilerThread2" daemon [_thread_blocked, id=18179, stack(0x000070000e722000,0x000070000e822000)]
  0x00007f874f044000 JavaThread "C2 CompilerThread1" daemon [_thread_blocked, id=17667, stack(0x000070000e61f000,0x000070000e71f000)]
  0x00007f874f008800 JavaThread "C2 CompilerThread0" daemon [_thread_blocked, id=17155, stack(0x000070000e51c000,0x000070000e61c000)]
  0x00007f874f891800 JavaThread "Signal Dispatcher" daemon [_thread_blocked, id=16643, stack(0x000070000e319000,0x000070000e519000)]
  0x00007f874f027000 JavaThread "Finalizer" daemon [_thread_blocked, id=12291, stack(0x000070000e093000,0x000070000e293000)]
  0x00007f874f024800 JavaThread "Reference Handler" daemon [_thread_blocked, id=11779, stack(0x000070000de90000,0x000070000e090000)]

Other Threads:
  0x00007f874f847000 VMThread [stack: 0x000070000dd8d000,0x000070000de8d000] [id=11267]
  0x00007f874f89d000 WatcherThread [stack: 0x000070000ea28000,0x000070000eb28000] [id=19203]

VM state:not at safepoint (normal execution)

VM Mutex/Monitor currently owned by a thread: None

Heap:
 PSYoungGen      total 214016K, used 27522K [0x0000000795580000, 0x00000007a4e00000, 0x00000007c0000000)
  eden space 178688K, 2% used [0x0000000795580000,0x0000000795a18b08,0x00000007a0400000)
  from space 35328K, 64% used [0x00000007a2b80000,0x00000007a41c7d78,0x00000007a4e00000)
  to   space 37888K, 0% used [0x00000007a0400000,0x00000007a0400000,0x00000007a2900000)
 ParOldGen       total 368640K, used 359390K [0x0000000740000000, 0x0000000756800000, 0x0000000795580000)
  object space 368640K, 97% used [0x0000000740000000,0x0000000755ef7920,0x0000000756800000)
 Metaspace       used 150743K, capacity 172171K, committed 172416K, reserved 1198080K
  class space    used 17370K, capacity 23080K, committed 23168K, reserved 1048576K

Card table byte_map: [0x000000010df63000,0x000000010e364000] byte_map_base: 0x000000010a563000

Marking Bits: (ParMarkBitMap*) 0x000000010d4f1ea0
 Begin Bits: [0x000000010e60f000, 0x000000011060f000)
 End Bits:   [0x000000011060f000, 0x000000011260f000)

Polling page: 0x000000010c2e6000

CodeCache: size=245760Kb used=121837Kb max_used=122042Kb free=123922Kb
 bounds [0x00000001175c3000, 0x000000011ede3000, 0x00000001265c3000]
 total_blobs=30625 nmethods=29635 adapters=895
 compilation: enabled

Compilation events (10 events):
Event: 17954.996 Thread 0x00007f874f008800 nmethod 46564 0x000000011ce83850 code [0x000000011ce839a0, 0x000000011ce83a18]
Event: 17955.017 Thread 0x00007f874f044000 nmethod 46561 0x0000000119734a10 code [0x0000000119734e40, 0x0000000119737d98]
Event: 17955.017 Thread 0x00007f874f044000 46565       4       sun.java2d.pipe.BufferedPaints::resetPaint (18 bytes)
Event: 17955.023 Thread 0x00007f874f044000 nmethod 46565 0x000000011d137710 code [0x000000011d1378a0, 0x000000011d137d78]
Event: 17956.047 Thread 0x00007f874f044000 46566       4       javax.swing.JToolBar$Separator::getPreferredSize (20 bytes)
Event: 17956.049 Thread 0x00007f874f044000 nmethod 46566 0x000000011a8a54d0 code [0x000000011a8a5620, 0x000000011a8a56d8]
Event: 17956.119 Thread 0x00007f874f008800 46567       4       com.apple.laf.AquaToolBarSeparatorUI::getPreferredSize (34 bytes)
Event: 17956.122 Thread 0x00007f874f008800 nmethod 46567 0x000000011be6b4d0 code [0x000000011be6b620, 0x000000011be6b738]
Event: 17956.366 Thread 0x00007f874f045000 46568       3       java.awt.GridBagLayout::preferredLayoutSize (14 bytes)
Event: 17956.367 Thread 0x00007f874f045000 nmethod 46568 0x000000011cd66310 code [0x000000011cd664a0, 0x000000011cd66758]

GC Heap History (10 events):
Event: 11267.128 GC heap before
{Heap before GC invocations=227 (full 5):
 PSYoungGen      total 182784K, used 182533K [0x0000000795580000, 0x00000007a3e00000, 0x00000007c0000000)
  eden space 158208K, 100% used [0x0000000795580000,0x000000079f000000,0x000000079f000000)
  from space 24576K, 98% used [0x000000079f400000,0x00000007a0bc1720,0x00000007a0c00000)
  to   space 39936K, 0% used [0x00000007a1700000,0x00000007a1700000,0x00000007a3e00000)
 ParOldGen       total 368640K, used 347064K [0x0000000740000000, 0x0000000756800000, 0x0000000795580000)
  object space 368640K, 94% used [0x0000000740000000,0x00000007552ee050,0x0000000756800000)
 Metaspace       used 150663K, capacity 172089K, committed 172416K, reserved 1198080K
  class space    used 17364K, capacity 23077K, committed 23168K, reserved 1048576K
Event: 11267.223 GC heap after
Heap after GC invocations=227 (full 5):
 PSYoungGen      total 198656K, used 23829K [0x0000000795580000, 0x00000007a4880000, 0x00000007c0000000)
  eden space 158720K, 0% used [0x0000000795580000,0x0000000795580000,0x000000079f080000)
  from space 39936K, 59% used [0x00000007a1700000,0x00000007a2e45430,0x00000007a3e00000)
  to   space 39424K, 0% used [0x000000079f080000,0x000000079f080000,0x00000007a1700000)
 ParOldGen       total 368640K, used 347128K [0x0000000740000000, 0x0000000756800000, 0x0000000795580000)
  object space 368640K, 94% used [0x0000000740000000,0x00000007552fe050,0x0000000756800000)
 Metaspace       used 150663K, capacity 172089K, committed 172416K, reserved 1198080K
  class space    used 17364K, capacity 23077K, committed 23168K, reserved 1048576K
}
Event: 14100.358 GC heap before
{Heap before GC invocations=228 (full 5):
 PSYoungGen      total 198656K, used 182549K [0x0000000795580000, 0x00000007a4880000, 0x00000007c0000000)
  eden space 158720K, 100% used [0x0000000795580000,0x000000079f080000,0x000000079f080000)
  from space 39936K, 59% used [0x00000007a1700000,0x00000007a2e45430,0x00000007a3e00000)
  to   space 39424K, 0% used [0x000000079f080000,0x000000079f080000,0x00000007a1700000)
 ParOldGen       total 368640K, used 347128K [0x0000000740000000, 0x0000000756800000, 0x0000000795580000)
  object space 368640K, 94% used [0x0000000740000000,0x00000007552fe050,0x0000000756800000)
 Metaspace       used 150678K, capacity 172153K, committed 172416K, reserved 1198080K
  class space    used 17364K, capacity 23077K, committed 23168K, reserved 1048576K
Event: 14100.647 GC heap after
Heap after GC invocations=228 (full 5):
 PSYoungGen      total 198144K, used 24259K [0x0000000795580000, 0x00000007a4600000, 0x00000007c0000000)
  eden space 158720K, 0% used [0x0000000795580000,0x0000000795580000,0x000000079f080000)
  from space 39424K, 61% used [0x000000079f080000,0x00000007a0830dc0,0x00000007a1700000)
  to   space 38912K, 0% used [0x00000007a2000000,0x00000007a2000000,0x00000007a4600000)
 ParOldGen       total 368640K, used 347232K [0x0000000740000000, 0x0000000756800000, 0x0000000795580000)
  object space 368640K, 94% used [0x0000000740000000,0x0000000755318050,0x0000000756800000)
 Metaspace       used 150678K, capacity 172153K, committed 172416K, reserved 1198080K
  class space    used 17364K, capacity 23077K, committed 23168K, reserved 1048576K
}
Event: 14101.721 GC heap before
{Heap before GC invocations=229 (full 5):
 PSYoungGen      total 198144K, used 182979K [0x0000000795580000, 0x00000007a4600000, 0x00000007c0000000)
  eden space 158720K, 100% used [0x0000000795580000,0x000000079f080000,0x000000079f080000)
  from space 39424K, 61% used [0x000000079f080000,0x00000007a0830dc0,0x00000007a1700000)
  to   space 38912K, 0% used [0x00000007a2000000,0x00000007a2000000,0x00000007a4600000)
 ParOldGen       total 368640K, used 347232K [0x0000000740000000, 0x0000000756800000, 0x0000000795580000)
  object space 368640K, 94% used [0x0000000740000000,0x0000000755318050,0x0000000756800000)
 Metaspace       used 150678K, capacity 172153K, committed 172416K, reserved 1198080K
  class space    used 17364K, capacity 23077K, committed 23168K, reserved 1048576K
Event: 14101.767 GC heap after
Heap after GC invocations=229 (full 5):
 PSYoungGen      total 208384K, used 23668K [0x0000000795580000, 0x00000007a4680000, 0x00000007c0000000)
  eden space 169472K, 0% used [0x0000000795580000,0x0000000795580000,0x000000079fb00000)
  from space 38912K, 60% used [0x00000007a2000000,0x00000007a371d3f0,0x00000007a4600000)
  to   space 37888K, 0% used [0x000000079fb00000,0x000000079fb00000,0x00000007a2000000)
 ParOldGen       total 368640K, used 347328K [0x0000000740000000, 0x0000000756800000, 0x0000000795580000)
  object space 368640K, 94% used [0x0000000740000000,0x0000000755330070,0x0000000756800000)
 Metaspace       used 150678K, capacity 172153K, committed 172416K, reserved 1198080K
  class space    used 17364K, capacity 23077K, committed 23168K, reserved 1048576K
}
Event: 14292.037 GC heap before
{Heap before GC invocations=230 (full 5):
 PSYoungGen      total 208384K, used 193140K [0x0000000795580000, 0x00000007a4680000, 0x00000007c0000000)
  eden space 169472K, 100% used [0x0000000795580000,0x000000079fb00000,0x000000079fb00000)
  from space 38912K, 60% used [0x00000007a2000000,0x00000007a371d3f0,0x00000007a4600000)
  to   space 37888K, 0% used [0x000000079fb00000,0x000000079fb00000,0x00000007a2000000)
 ParOldGen       total 368640K, used 347328K [0x0000000740000000, 0x0000000756800000, 0x0000000795580000)
  object space 368640K, 94% used [0x0000000740000000,0x0000000755330070,0x0000000756800000)
 Metaspace       used 150736K, capacity 172171K, committed 172416K, reserved 1198080K
  class space    used 17369K, capacity 23080K, committed 23168K, reserved 1048576K
Event: 14292.266 GC heap after
Heap after GC invocations=230 (full 5):
 PSYoungGen      total 207360K, used 29985K [0x0000000795580000, 0x00000007a5100000, 0x00000007c0000000)
  eden space 169472K, 0% used [0x0000000795580000,0x0000000795580000,0x000000079fb00000)
  from space 37888K, 79% used [0x000000079fb00000,0x00000007a18485d0,0x00000007a2000000)
  to   space 38400K, 0% used [0x00000007a2b80000,0x00000007a2b80000,0x00000007a5100000)
 ParOldGen       total 368640K, used 347398K [0x0000000740000000, 0x0000000756800000, 0x0000000795580000)
  object space 368640K, 94% used [0x0000000740000000,0x0000000755341ac0,0x0000000756800000)
 Metaspace       used 150736K, capacity 172171K, committed 172416K, reserved 1198080K
  class space    used 17369K, capacity 23080K, committed 23168K, reserved 1048576K
}
Event: 17957.304 GC heap before
{Heap before GC invocations=231 (full 5):
 PSYoungGen      total 207360K, used 199457K [0x0000000795580000, 0x00000007a5100000, 0x00000007c0000000)
  eden space 169472K, 100% used [0x0000000795580000,0x000000079fb00000,0x000000079fb00000)
  from space 37888K, 79% used [0x000000079fb00000,0x00000007a18485d0,0x00000007a2000000)
  to   space 38400K, 0% used [0x00000007a2b80000,0x00000007a2b80000,0x00000007a5100000)
 ParOldGen       total 368640K, used 347398K [0x0000000740000000, 0x0000000756800000, 0x0000000795580000)
  object space 368640K, 94% used [0x0000000740000000,0x0000000755341ac0,0x0000000756800000)
 Metaspace       used 150743K, capacity 172171K, committed 172416K, reserved 1198080K
  class space    used 17370K, capacity 23080K, committed 23168K, reserved 1048576K
Event: 17957.569 GC heap after
Heap after GC invocations=231 (full 5):
 PSYoungGen      total 214016K, used 22815K [0x0000000795580000, 0x00000007a4e00000, 0x00000007c0000000)
  eden space 178688K, 0% used [0x0000000795580000,0x0000000795580000,0x00000007a0400000)
  from space 35328K, 64% used [0x00000007a2b80000,0x00000007a41c7d78,0x00000007a4e00000)
  to   space 37888K, 0% used [0x00000007a0400000,0x00000007a0400000,0x00000007a2900000)
 ParOldGen       total 368640K, used 359390K [0x0000000740000000, 0x0000000756800000, 0x0000000795580000)
  object space 368640K, 97% used [0x0000000740000000,0x0000000755ef7920,0x0000000756800000)
 Metaspace       used 150743K, capacity 172171K, committed 172416K, reserved 1198080K
  class space    used 17370K, capacity 23080K, committed 23168K, reserved 1048576K
}

Deoptimization events (10 events):
Event: 15532.331 Thread 0x00007f874fb4f000 Uncommon trap: reason=unstable_if action=reinterpret pc=0x000000011dad7600 method=sun.java2d.opengl.OGLRenderQueue$QueueFlusher.run()V @ 34
Event: 15532.451 Thread 0x00007f874f1f3800 Uncommon trap: reason=null_check action=make_not_entrant pc=0x000000011c9fb1b4 method=sun.java2d.pipe.BufferedContext.validate(Lsun/java2d/pipe/hw/AccelSurface;Lsun/java2d/pipe/hw/AccelSurface;Lsun/java2d/pipe/Region;Ljava/awt/Composite;Ljava/awt/geom/Aff
Event: 15532.453 Thread 0x00007f874f1f3800 Uncommon trap: reason=null_check action=make_not_entrant pc=0x00000001195ba86c method=java.awt.geom.AffineTransform.equals(Ljava/lang/Object;)Z @ 1
Event: 15532.454 Thread 0x00007f874f4e8800 Uncommon trap: reason=unstable_if action=reinterpret pc=0x00000001197e6504 method=java.awt.Component.updateGraphicsData(Ljava/awt/GraphicsConfiguration;)Z @ 25
Event: 15532.468 Thread 0x00007f874f4e8800 Uncommon trap: reason=unstable_if action=reinterpret pc=0x000000011ab0b958 method=java.awt.Component.updateGraphicsData(Ljava/awt/GraphicsConfiguration;)Z @ 25
Event: 17605.672 Thread 0x00007f87500ad000 Uncommon trap: reason=unstable_if action=reinterpret pc=0x000000011c4e77b0 method=org.netbeans.modules.masterfs.watcher.macosx.OSXNotifier.nextEvent()Ljava/lang/String; @ 16
Event: 17954.624 Thread 0x00007f874f4e8800 Uncommon trap: reason=class_check action=maybe_recompile pc=0x00000001198623e4 method=javax.swing.RepaintManager$4.run()Ljava/lang/Void; @ 91
Event: 17954.627 Thread 0x00007f874f4e8800 Uncommon trap: reason=null_check action=make_not_entrant pc=0x000000011ca4aff4 method=javax.swing.RepaintManager.getVolatileOffscreenBuffer(Ljava/awt/Component;II)Ljava/awt/Image; @ 172
Event: 17954.664 Thread 0x00007f874f4e8800 Uncommon trap: reason=unstable_if action=reinterpret pc=0x000000011aa24cd4 method=sun.java2d.StateTrackableDelegate.getStateTracker()Lsun/java2d/StateTracker; @ 6
Event: 17954.939 Thread 0x00007f874f4e8800 Uncommon trap: reason=class_check action=maybe_recompile pc=0x000000011abdd224 method=sun.java2d.SurfaceData.getSourceSurfaceData(Ljava/awt/Image;ILsun/java2d/loops/CompositeType;Ljava/awt/Color;)Lsun/java2d/SurfaceData; @ 78

Internal exceptions (10 events):
Event: 14108.652 Thread 0x00007f874f2ea000 Exception <a 'sun/nio/fs/UnixException'> (0x000000079df7f330) thrown at [/Users/java_re/workspace/8-2-build-macosx-x86_64/jdk8u131/8869/hotspot/src/share/vm/prims/jni.cpp, line 709]
Event: 14108.652 Thread 0x00007f874f2ea000 Exception <a 'sun/nio/fs/UnixException'> (0x000000079df7fe58) thrown at [/Users/java_re/workspace/8-2-build-macosx-x86_64/jdk8u131/8869/hotspot/src/share/vm/prims/jni.cpp, line 709]
Event: 14108.652 Thread 0x00007f874f2ea000 Exception <a 'sun/nio/fs/UnixException'> (0x000000079df80a10) thrown at [/Users/java_re/workspace/8-2-build-macosx-x86_64/jdk8u131/8869/hotspot/src/share/vm/prims/jni.cpp, line 709]
Event: 14108.652 Thread 0x00007f874f2ea000 Exception <a 'sun/nio/fs/UnixException'> (0x000000079df81670) thrown at [/Users/java_re/workspace/8-2-build-macosx-x86_64/jdk8u131/8869/hotspot/src/share/vm/prims/jni.cpp, line 709]
Event: 14108.652 Thread 0x00007f874f2ea000 Exception <a 'sun/nio/fs/UnixException'> (0x000000079df82248) thrown at [/Users/java_re/workspace/8-2-build-macosx-x86_64/jdk8u131/8869/hotspot/src/share/vm/prims/jni.cpp, line 709]
Event: 14108.652 Thread 0x00007f874f2ea000 Exception <a 'sun/nio/fs/UnixException'> (0x000000079df82f30) thrown at [/Users/java_re/workspace/8-2-build-macosx-x86_64/jdk8u131/8869/hotspot/src/share/vm/prims/jni.cpp, line 709]
Event: 14108.652 Thread 0x00007f874f2ea000 Exception <a 'sun/nio/fs/UnixException'> (0x000000079df83b50) thrown at [/Users/java_re/workspace/8-2-build-macosx-x86_64/jdk8u131/8869/hotspot/src/share/vm/prims/jni.cpp, line 709]
Event: 15532.451 Thread 0x00007f874f1f3800 Implicit null exception at 0x000000011c9f86cf to 0x000000011c9fb17d
Event: 15532.453 Thread 0x00007f874f1f3800 Implicit null exception at 0x00000001195ba70c to 0x00000001195ba85d
Event: 17954.627 Thread 0x00007f874f4e8800 Implicit null exception at 0x000000011ca49b7b to 0x000000011ca4afcf

Events (10 events):
Event: 17955.793 Executing VM operation: FindDeadlocks done
Event: 17956.112 Executing VM operation: RevokeBias
Event: 17956.112 Executing VM operation: RevokeBias done
Event: 17956.141 Thread 0x00007f874f008800 flushing nmethod 0x0000000118df7d90
Event: 17956.142 Thread 0x00007f874f008800 flushing nmethod 0x0000000118e14910
Event: 17956.395 Thread 0x00007f874f045000 flushing nmethod 0x000000011927a250
Event: 17956.398 Thread 0x00007f874f045000 flushing nmethod 0x00000001192dea50
Event: 17956.399 Thread 0x00007f874f045000 flushing nmethod 0x00000001192df590
Event: 17957.304 Executing VM operation: ParallelGCFailedAllocation
Event: 17957.569 Executing VM operation: ParallelGCFailedAllocation done


Dynamic libraries:
0x0000000005986000 	/System/Library/Frameworks/Cocoa.framework/Versions/A/Cocoa
0x0000000005986000 	/System/Library/Frameworks/Security.framework/Versions/A/Security
0x0000000005986000 	/System/Library/Frameworks/ApplicationServices.framework/Versions/A/ApplicationServices
0x0000000005986000 	/usr/lib/libz.1.dylib
0x0000000005986000 	/usr/lib/libSystem.B.dylib
0x0000000005986000 	/usr/lib/libobjc.A.dylib
0x0000000005986000 	/System/Library/Frameworks/CoreFoundation.framework/Versions/A/CoreFoundation
0x0000000005986000 	/System/Library/Frameworks/Foundation.framework/Versions/C/Foundation
0x0000000005986000 	/System/Library/Frameworks/AppKit.framework/Versions/C/AppKit
0x0000000005986000 	/System/Library/Frameworks/CoreData.framework/Versions/A/CoreData
0x0000000005986000 	/System/Library/PrivateFrameworks/RemoteViewServices.framework/Versions/A/RemoteViewServices
0x0000000005986000 	/System/Library/PrivateFrameworks/UIFoundation.framework/Versions/A/UIFoundation
0x0000000005986000 	/System/Library/PrivateFrameworks/DFRFoundation.framework/Versions/A/DFRFoundation
0x0000000005986000 	/usr/lib/libenergytrace.dylib
0x0000000005986000 	/System/Library/PrivateFrameworks/SkyLight.framework/Versions/A/SkyLight
0x0000000005986000 	/System/Library/Frameworks/CoreGraphics.framework/Versions/A/CoreGraphics
0x0000000005986000 	/usr/lib/libScreenReader.dylib
0x0000000005986000 	/System/Library/Frameworks/Accelerate.framework/Versions/A/Accelerate
0x0000000005986000 	/System/Library/Frameworks/IOSurface.framework/Versions/A/IOSurface
0x0000000005986000 	/System/Library/Frameworks/AudioToolbox.framework/Versions/A/AudioToolbox
0x0000000005986000 	/System/Library/Frameworks/AudioUnit.framework/Versions/A/AudioUnit
0x0000000005986000 	/System/Library/PrivateFrameworks/DataDetectorsCore.framework/Versions/A/DataDetectorsCore
0x0000000005986000 	/System/Library/PrivateFrameworks/DesktopServicesPriv.framework/Versions/A/DesktopServicesPriv
0x0000000005986000 	/System/Library/Frameworks/Carbon.framework/Versions/A/Frameworks/HIToolbox.framework/Versions/A/HIToolbox
0x0000000005986000 	/usr/lib/libicucore.A.dylib
0x0000000005986000 	/System/Library/Frameworks/QuartzCore.framework/Versions/A/QuartzCore
0x0000000005986000 	/System/Library/Frameworks/Carbon.framework/Versions/A/Frameworks/SpeechRecognition.framework/Versions/A/SpeechRecognition
0x0000000005986000 	/usr/lib/libauto.dylib
0x0000000005986000 	/usr/lib/libxml2.2.dylib
0x0000000005986000 	/System/Library/PrivateFrameworks/CoreUI.framework/Versions/A/CoreUI
0x0000000005986000 	/System/Library/Frameworks/CoreAudio.framework/Versions/A/CoreAudio
0x0000000005986000 	/System/Library/Frameworks/DiskArbitration.framework/Versions/A/DiskArbitration
0x0000000005986000 	/usr/lib/liblangid.dylib
0x0000000005986000 	/System/Library/PrivateFrameworks/MultitouchSupport.framework/Versions/A/MultitouchSupport
0x0000000005986000 	/System/Library/Frameworks/IOKit.framework/Versions/A/IOKit
0x0000000005986000 	/usr/lib/libDiagnosticMessagesClient.dylib
0x0000000005986000 	/System/Library/Frameworks/CoreServices.framework/Versions/A/CoreServices
0x0000000005986000 	/System/Library/PrivateFrameworks/PerformanceAnalysis.framework/Versions/A/PerformanceAnalysis
0x0000000005986000 	/System/Library/PrivateFrameworks/GenerationalStorage.framework/Versions/A/GenerationalStorage
0x0000000005986000 	/System/Library/Frameworks/OpenGL.framework/Versions/A/OpenGL
0x0000000005986000 	/System/Library/Frameworks/CoreImage.framework/Versions/A/CoreImage
0x0000000005986000 	/System/Library/Frameworks/CoreText.framework/Versions/A/CoreText
0x0000000005986000 	/System/Library/Frameworks/ImageIO.framework/Versions/A/ImageIO
0x0000000005986000 	/System/Library/PrivateFrameworks/Backup.framework/Versions/A/Backup
0x0000000005986000 	/usr/lib/libarchive.2.dylib
0x0000000005986000 	/System/Library/Frameworks/CFNetwork.framework/Versions/A/CFNetwork
0x0000000005986000 	/System/Library/Frameworks/SystemConfiguration.framework/Versions/A/SystemConfiguration
0x0000000005986000 	/usr/lib/libCRFSuite.dylib
0x0000000005986000 	/usr/lib/libc++.1.dylib
0x0000000005986000 	/usr/lib/libc++abi.dylib
0x0000000005986000 	/usr/lib/system/libcache.dylib
0x0000000005986000 	/usr/lib/system/libcommonCrypto.dylib
0x0000000005986000 	/usr/lib/system/libcompiler_rt.dylib
0x0000000005986000 	/usr/lib/system/libcopyfile.dylib
0x0000000005986000 	/usr/lib/system/libcorecrypto.dylib
0x0000000005986000 	/usr/lib/system/libdispatch.dylib
0x0000000005986000 	/usr/lib/system/libdyld.dylib
0x0000000005986000 	/usr/lib/system/libkeymgr.dylib
0x0000000005986000 	/usr/lib/system/liblaunch.dylib
0x0000000005986000 	/usr/lib/system/libmacho.dylib
0x0000000005986000 	/usr/lib/system/libquarantine.dylib
0x0000000005986000 	/usr/lib/system/libremovefile.dylib
0x0000000005986000 	/usr/lib/system/libsystem_asl.dylib
0x0000000005986000 	/usr/lib/system/libsystem_blocks.dylib
0x0000000005986000 	/usr/lib/system/libsystem_c.dylib
0x0000000005986000 	/usr/lib/system/libsystem_configuration.dylib
0x0000000005986000 	/usr/lib/system/libsystem_coreservices.dylib
0x0000000005986000 	/usr/lib/system/libsystem_coretls.dylib
0x0000000005986000 	/usr/lib/system/libsystem_dnssd.dylib
0x0000000005986000 	/usr/lib/system/libsystem_info.dylib
0x0000000005986000 	/usr/lib/system/libsystem_kernel.dylib
0x0000000005986000 	/usr/lib/system/libsystem_m.dylib
0x0000000005986000 	/usr/lib/system/libsystem_malloc.dylib
0x0000000005986000 	/usr/lib/system/libsystem_network.dylib
0x0000000005986000 	/usr/lib/system/libsystem_networkextension.dylib
0x0000000005986000 	/usr/lib/system/libsystem_notify.dylib
0x0000000005986000 	/usr/lib/system/libsystem_platform.dylib
0x0000000005986000 	/usr/lib/system/libsystem_pthread.dylib
0x0000000005986000 	/usr/lib/system/libsystem_sandbox.dylib
0x0000000005986000 	/usr/lib/system/libsystem_secinit.dylib
0x0000000005986000 	/usr/lib/system/libsystem_symptoms.dylib
0x0000000005986000 	/usr/lib/system/libsystem_trace.dylib
0x0000000005986000 	/usr/lib/system/libunwind.dylib
0x0000000005986000 	/usr/lib/system/libxpc.dylib
0x0000000005986000 	/usr/lib/libbsm.0.dylib
0x0000000005986000 	/usr/lib/system/libkxld.dylib
0x0000000005986000 	/usr/lib/libcoretls.dylib
0x0000000005986000 	/usr/lib/libcoretls_cfhelpers.dylib
0x0000000005986000 	/usr/lib/libOpenScriptingUtil.dylib
0x0000000005986000 	/usr/lib/libpam.2.dylib
0x0000000005986000 	/usr/lib/libsqlite3.dylib
0x0000000005986000 	/usr/lib/libxar.1.dylib
0x0000000005986000 	/usr/lib/libbz2.1.0.dylib
0x0000000005986000 	/usr/lib/liblzma.5.dylib
0x0000000005986000 	/usr/lib/libnetwork.dylib
0x0000000005986000 	/usr/lib/libpcap.A.dylib
0x0000000005986000 	/System/Library/Frameworks/CoreServices.framework/Versions/A/Frameworks/FSEvents.framework/Versions/A/FSEvents
0x0000000005986000 	/System/Library/Frameworks/CoreServices.framework/Versions/A/Frameworks/CarbonCore.framework/Versions/A/CarbonCore
0x0000000005986000 	/System/Library/Frameworks/CoreServices.framework/Versions/A/Frameworks/Metadata.framework/Versions/A/Metadata
0x0000000005986000 	/System/Library/Frameworks/CoreServices.framework/Versions/A/Frameworks/OSServices.framework/Versions/A/OSServices
0x0000000005986000 	/System/Library/Frameworks/CoreServices.framework/Versions/A/Frameworks/SearchKit.framework/Versions/A/SearchKit
0x0000000005986000 	/System/Library/Frameworks/CoreServices.framework/Versions/A/Frameworks/AE.framework/Versions/A/AE
0x0000000005986000 	/System/Library/Frameworks/CoreServices.framework/Versions/A/Frameworks/LaunchServices.framework/Versions/A/LaunchServices
0x0000000005986000 	/System/Library/Frameworks/CoreServices.framework/Versions/A/Frameworks/DictionaryServices.framework/Versions/A/DictionaryServices
0x0000000005986000 	/System/Library/Frameworks/CoreServices.framework/Versions/A/Frameworks/SharedFileList.framework/Versions/A/SharedFileList
0x0000000005986000 	/System/Library/Frameworks/NetFS.framework/Versions/A/NetFS
0x0000000005986000 	/System/Library/PrivateFrameworks/NetAuth.framework/Versions/A/NetAuth
0x0000000005986000 	/System/Library/PrivateFrameworks/login.framework/Versions/A/Frameworks/loginsupport.framework/Versions/A/loginsupport
0x0000000005986000 	/System/Library/PrivateFrameworks/TCC.framework/Versions/A/TCC
0x0000000005986000 	/usr/lib/libmecabra.dylib
0x0000000005986000 	/System/Library/Frameworks/ApplicationServices.framework/Versions/A/Frameworks/ATS.framework/Versions/A/ATS
0x0000000005986000 	/System/Library/Frameworks/ApplicationServices.framework/Versions/A/Frameworks/ColorSync.framework/Versions/A/ColorSync
0x0000000005986000 	/System/Library/Frameworks/ApplicationServices.framework/Versions/A/Frameworks/HIServices.framework/Versions/A/HIServices
0x0000000005986000 	/System/Library/Frameworks/ApplicationServices.framework/Versions/A/Frameworks/LangAnalysis.framework/Versions/A/LangAnalysis
0x0000000005986000 	/System/Library/Frameworks/ApplicationServices.framework/Versions/A/Frameworks/PrintCore.framework/Versions/A/PrintCore
0x0000000005986000 	/System/Library/Frameworks/ApplicationServices.framework/Versions/A/Frameworks/QD.framework/Versions/A/QD
0x0000000005986000 	/System/Library/Frameworks/ApplicationServices.framework/Versions/A/Frameworks/SpeechSynthesis.framework/Versions/A/SpeechSynthesis
0x0000000005986000 	/System/Library/Frameworks/Accelerate.framework/Versions/A/Frameworks/vImage.framework/Versions/A/vImage
0x0000000005986000 	/System/Library/Frameworks/Accelerate.framework/Versions/A/Frameworks/vecLib.framework/Versions/A/vecLib
0x0000000005986000 	/System/Library/Frameworks/Accelerate.framework/Versions/A/Frameworks/vecLib.framework/Versions/A/libvDSP.dylib
0x0000000005986000 	/System/Library/Frameworks/Accelerate.framework/Versions/A/Frameworks/vecLib.framework/Versions/A/libBNNS.dylib
0x0000000005986000 	/System/Library/Frameworks/Accelerate.framework/Versions/A/Frameworks/vecLib.framework/Versions/A/libQuadrature.dylib
0x0000000005986000 	/System/Library/Frameworks/Accelerate.framework/Versions/A/Frameworks/vecLib.framework/Versions/A/libvMisc.dylib
0x0000000005986000 	/System/Library/Frameworks/Accelerate.framework/Versions/A/Frameworks/vecLib.framework/Versions/A/libLAPACK.dylib
0x0000000005986000 	/System/Library/Frameworks/Accelerate.framework/Versions/A/Frameworks/vecLib.framework/Versions/A/libBLAS.dylib
0x0000000005986000 	/System/Library/Frameworks/Accelerate.framework/Versions/A/Frameworks/vecLib.framework/Versions/A/libLinearAlgebra.dylib
0x0000000005986000 	/System/Library/Frameworks/Accelerate.framework/Versions/A/Frameworks/vecLib.framework/Versions/A/libSparseBLAS.dylib
0x0000000005986000 	/System/Library/Frameworks/ApplicationServices.framework/Versions/A/Frameworks/ATS.framework/Versions/A/Resources/libFontParser.dylib
0x0000000005986000 	/System/Library/Frameworks/ApplicationServices.framework/Versions/A/Frameworks/ATS.framework/Versions/A/Resources/libFontRegistry.dylib
0x0000000005986000 	/System/Library/Frameworks/ImageIO.framework/Versions/A/Resources/libJPEG.dylib
0x0000000005986000 	/System/Library/Frameworks/ImageIO.framework/Versions/A/Resources/libTIFF.dylib
0x0000000005986000 	/System/Library/Frameworks/ImageIO.framework/Versions/A/Resources/libPng.dylib
0x0000000005986000 	/System/Library/Frameworks/ImageIO.framework/Versions/A/Resources/libGIF.dylib
0x0000000005986000 	/System/Library/Frameworks/ImageIO.framework/Versions/A/Resources/libJP2.dylib
0x0000000005986000 	/System/Library/Frameworks/ImageIO.framework/Versions/A/Resources/libRadiance.dylib
0x0000000005986000 	/usr/lib/libcompression.dylib
0x0000000005986000 	/System/Library/PrivateFrameworks/AppleJPEG.framework/Versions/A/AppleJPEG
0x0000000005986000 	/usr/lib/libcups.2.dylib
0x0000000005986000 	/System/Library/Frameworks/Kerberos.framework/Versions/A/Kerberos
0x0000000005986000 	/System/Library/Frameworks/GSS.framework/Versions/A/GSS
0x0000000005986000 	/usr/lib/libresolv.9.dylib
0x0000000005986000 	/usr/lib/libiconv.2.dylib
0x0000000005986000 	/System/Library/PrivateFrameworks/Heimdal.framework/Versions/A/Heimdal
0x0000000005986000 	/usr/lib/libheimdal-asn1.dylib
0x0000000005986000 	/System/Library/Frameworks/OpenDirectory.framework/Versions/A/OpenDirectory
0x0000000005986000 	/System/Library/PrivateFrameworks/CommonAuth.framework/Versions/A/CommonAuth
0x0000000005986000 	/System/Library/Frameworks/OpenDirectory.framework/Versions/A/Frameworks/CFOpenDirectory.framework/Versions/A/CFOpenDirectory
0x0000000005986000 	/System/Library/Frameworks/SecurityFoundation.framework/Versions/A/SecurityFoundation
0x0000000005986000 	/System/Library/PrivateFrameworks/LanguageModeling.framework/Versions/A/LanguageModeling
0x0000000005986000 	/usr/lib/libmarisa.dylib
0x0000000005986000 	/usr/lib/libChineseTokenizer.dylib
0x0000000005986000 	/usr/lib/libcmph.dylib
0x0000000005986000 	/System/Library/PrivateFrameworks/CoreEmoji.framework/Versions/A/CoreEmoji
0x0000000005986000 	/System/Library/Frameworks/ServiceManagement.framework/Versions/A/ServiceManagement
0x0000000005986000 	/usr/lib/libxslt.1.dylib
0x0000000005986000 	/System/Library/Frameworks/Carbon.framework/Versions/A/Frameworks/Ink.framework/Versions/A/Ink
0x0000000005986000 	/System/Library/PrivateFrameworks/TextureIO.framework/Versions/A/TextureIO
0x0000000005986000 	/System/Library/Frameworks/Metal.framework/Versions/A/Metal
0x0000000005986000 	/usr/lib/libate.dylib
0x0000000005986000 	/System/Library/PrivateFrameworks/GPUCompiler.framework/libmetal_timestamp.dylib
0x0000000005986000 	/System/Library/Frameworks/OpenGL.framework/Versions/A/Libraries/libCoreFSCache.dylib
0x0000000005986000 	/System/Library/PrivateFrameworks/IOAccelerator.framework/Versions/A/IOAccelerator
0x0000000005986000 	/System/Library/Frameworks/CoreVideo.framework/Versions/A/CoreVideo
0x0000000005986000 	/usr/lib/libFosl_dynamic.dylib
0x0000000005986000 	/System/Library/PrivateFrameworks/MetalPerformanceShaders.framework/Versions/A/MetalPerformanceShaders
0x0000000005986000 	/System/Library/PrivateFrameworks/FaceCore.framework/Versions/A/FaceCore
0x0000000005986000 	/System/Library/Frameworks/OpenCL.framework/Versions/A/OpenCL
0x0000000005986000 	/System/Library/Frameworks/OpenGL.framework/Versions/A/Libraries/libGLU.dylib
0x0000000005986000 	/System/Library/Frameworks/OpenGL.framework/Versions/A/Libraries/libGFXShared.dylib
0x0000000005986000 	/System/Library/Frameworks/OpenGL.framework/Versions/A/Libraries/libGL.dylib
0x0000000005986000 	/System/Library/Frameworks/OpenGL.framework/Versions/A/Libraries/libGLImage.dylib
0x0000000005986000 	/System/Library/Frameworks/OpenGL.framework/Versions/A/Libraries/libCVMSPluginSupport.dylib
0x0000000005986000 	/System/Library/Frameworks/OpenGL.framework/Versions/A/Libraries/libCoreVMClient.dylib
0x0000000005986000 	/System/Library/PrivateFrameworks/CrashReporterSupport.framework/Versions/A/CrashReporterSupport
0x0000000005986000 	/System/Library/PrivateFrameworks/Sharing.framework/Versions/A/Sharing
0x0000000005986000 	/System/Library/PrivateFrameworks/IconServices.framework/Versions/A/IconServices
0x0000000005986000 	/System/Library/PrivateFrameworks/ProtocolBuffer.framework/Versions/A/ProtocolBuffer
0x0000000005986000 	/System/Library/PrivateFrameworks/Apple80211.framework/Versions/A/Apple80211
0x0000000005986000 	/System/Library/Frameworks/CoreWLAN.framework/Versions/A/CoreWLAN
0x0000000005986000 	/System/Library/PrivateFrameworks/CoreUtils.framework/Versions/A/CoreUtils
0x0000000005986000 	/System/Library/Frameworks/IOBluetooth.framework/Versions/A/IOBluetooth
0x0000000005986000 	/System/Library/PrivateFrameworks/CoreWiFi.framework/Versions/A/CoreWiFi
0x0000000005986000 	/System/Library/Frameworks/CoreBluetooth.framework/Versions/A/CoreBluetooth
0x0000000005986000 	/System/Library/Frameworks/CoreDisplay.framework/Versions/A/CoreDisplay
0x0000000005986000 	/System/Library/PrivateFrameworks/IOPresentment.framework/Versions/A/IOPresentment
0x0000000005986000 	/System/Library/PrivateFrameworks/DSExternalDisplay.framework/Versions/A/DSExternalDisplay
0x0000000005986000 	/System/Library/PrivateFrameworks/DebugSymbols.framework/Versions/A/DebugSymbols
0x0000000005986000 	/System/Library/PrivateFrameworks/CoreSymbolication.framework/Versions/A/CoreSymbolication
0x0000000005986000 	/System/Library/PrivateFrameworks/Symbolication.framework/Versions/A/Symbolication
0x0000000005986000 	/System/Library/PrivateFrameworks/AppleFSCompression.framework/Versions/A/AppleFSCompression
0x0000000005986000 	/System/Library/PrivateFrameworks/SpeechRecognitionCore.framework/Versions/A/SpeechRecognitionCore
0x0000000005986000 	/System/Library/PrivateFrameworks/ChunkingLibrary.framework/Versions/A/ChunkingLibrary
0x000000010cc00000 	/Library/Java/JavaVirtualMachines/jdk1.8.0_131.jdk/Contents/Home/jre/lib/server/libjvm.dylib
0x0000000005986000 	/usr/lib/libstdc++.6.dylib
0x000000010c2a3000 	/Library/Java/JavaVirtualMachines/jdk1.8.0_131.jdk/Contents/Home/jre/lib/libverify.dylib
0x000000010c2b1000 	/Library/Java/JavaVirtualMachines/jdk1.8.0_131.jdk/Contents/Home/jre/lib/libjava.dylib
0x000000010c2f0000 	/Library/Java/JavaVirtualMachines/jdk1.8.0_131.jdk/Contents/Home/jre/lib/libzip.dylib
0x000000011440a000 	/System/Library/Frameworks/JavaVM.framework/Frameworks/JavaRuntimeSupport.framework/JavaRuntimeSupport
0x0000000114424000 	/System/Library/Frameworks/JavaVM.framework/Versions/A/Frameworks/JavaNativeFoundation.framework/Versions/A/JavaNativeFoundation
0x0000000114439000 	/System/Library/Frameworks/JavaVM.framework/Versions/A/JavaVM
0x0000000005986000 	/System/Library/Frameworks/Carbon.framework/Versions/A/Carbon
0x0000000114446000 	/System/Library/PrivateFrameworks/JavaLaunching.framework/Versions/A/JavaLaunching
0x0000000005986000 	/System/Library/Frameworks/Carbon.framework/Versions/A/Frameworks/CommonPanels.framework/Versions/A/CommonPanels
0x0000000005986000 	/System/Library/Frameworks/Carbon.framework/Versions/A/Frameworks/Help.framework/Versions/A/Help
0x0000000005986000 	/System/Library/Frameworks/Carbon.framework/Versions/A/Frameworks/ImageCapture.framework/Versions/A/ImageCapture
0x0000000005986000 	/System/Library/Frameworks/Carbon.framework/Versions/A/Frameworks/OpenScripting.framework/Versions/A/OpenScripting
0x0000000005986000 	/System/Library/Frameworks/Carbon.framework/Versions/A/Frameworks/Print.framework/Versions/A/Print
0x0000000005986000 	/System/Library/Frameworks/Carbon.framework/Versions/A/Frameworks/SecurityHI.framework/Versions/A/SecurityHI
0x0000000115d4f000 	/Library/Java/JavaVirtualMachines/jdk1.8.0_131.jdk/Contents/Home/jre/lib/libnio.dylib
0x0000000115d5f000 	/Library/Java/JavaVirtualMachines/jdk1.8.0_131.jdk/Contents/Home/jre/lib/./libnet.dylib
0x0000000115e5b000 	/Library/Java/JavaVirtualMachines/jdk1.8.0_131.jdk/Contents/Home/jre/lib/libawt.dylib
0x0000000115f03000 	/Library/Java/JavaVirtualMachines/jdk1.8.0_131.jdk/Contents/Home/jre/lib/./libmlib_image.dylib
0x0000000115fcf000 	/Library/Java/JavaVirtualMachines/jdk1.8.0_131.jdk/Contents/Home/jre/lib/libawt_lwawt.dylib
0x0000000116086000 	/Library/Java/JavaVirtualMachines/jdk1.8.0_131.jdk/Contents/Home/jre/lib/./libosxapp.dylib
0x0000000005986000 	/System/Library/Frameworks/ExceptionHandling.framework/Versions/A/ExceptionHandling
0x0000000005986000 	/System/Library/PrivateFrameworks/CoreServicesInternal.framework/Versions/A/CoreServicesInternal
0x0000000005986000 	/System/Library/CoreServices/RawCamera.bundle/Contents/MacOS/RawCamera
0x0000000116623000 	/System/Library/Frameworks/Accelerate.framework/Frameworks/vImage.framework/Versions/A/Libraries/libCGInterfaces.dylib
0x0000000005986000 	/System/Library/Frameworks/ApplicationServices.framework/Versions/A/Frameworks/ATS.framework/Versions/A/Resources/libTrueTypeScaler.dylib
0x0000000126cfc000 	/System/Library/Frameworks/OpenGL.framework/Resources/GLEngine.bundle/GLEngine
0x0000000005986000 	/System/Library/Frameworks/OpenGL.framework/Versions/A/Libraries/libGLProgrammability.dylib
0x0000000126ee1000 	/System/Library/Extensions/AppleIntelBDWGraphicsGLDriver.bundle/Contents/MacOS/AppleIntelBDWGraphicsGLDriver
0x0000000005986000 	/System/Library/PrivateFrameworks/GPUSupport.framework/Versions/A/Libraries/libGPUSupportMercury.dylib
0x00000001174a9000 	/System/Library/Frameworks/OpenGL.framework/Resources//GLRendererFloat.bundle/GLRendererFloat
0x0000000005986000 	/System/Library/Frameworks/OpenCL.framework/Versions/A/Libraries/libcldcpuengine.dylib
0x0000000005986000 	/usr/lib/libcrypto.0.9.8.dylib
0x0000000005986000 	/System/Library/PrivateFrameworks/TrustEvaluationAgent.framework/Versions/A/TrustEvaluationAgent
0x000000012764b000 	/System/Library/Extensions/AppleIntelBDWGraphicsMTLDriver.bundle/Contents/MacOS/AppleIntelBDWGraphicsMTLDriver
0x0000000005986000 	/System/Library/PrivateFrameworks/FamilyControls.framework/Versions/A/FamilyControls
0x0000000005986000 	/System/Library/PrivateFrameworks/CommerceKit.framework/Versions/A/Frameworks/CommerceCore.framework/Versions/A/CommerceCore
0x0000000005986000 	/System/Library/PrivateFrameworks/SystemAdministration.framework/Versions/A/SystemAdministration
0x0000000005986000 	/System/Library/PrivateFrameworks/AppContainer.framework/Versions/A/AppContainer
0x0000000005986000 	/System/Library/PrivateFrameworks/SecCodeWrapper.framework/Versions/A/SecCodeWrapper
0x0000000005986000 	/System/Library/Frameworks/DirectoryService.framework/Versions/A/DirectoryService
0x0000000005986000 	/System/Library/PrivateFrameworks/DiskImages.framework/Versions/A/DiskImages
0x0000000005986000 	/System/Library/PrivateFrameworks/LoginUIKit.framework/Versions/A/Frameworks/LoginUICore.framework/Versions/A/LoginUICore
0x0000000005986000 	/usr/lib/libCoreStorage.dylib
0x0000000005986000 	/usr/lib/libcsfde.dylib
0x0000000005986000 	/usr/lib/libodfde.dylib
0x0000000005986000 	/System/Library/Frameworks/DiscRecording.framework/Versions/A/DiscRecording
0x0000000005986000 	/usr/lib/libcurl.4.dylib
0x0000000005986000 	/System/Library/PrivateFrameworks/MediaKit.framework/Versions/A/MediaKit
0x0000000005986000 	/System/Library/PrivateFrameworks/ProtectedCloudStorage.framework/Versions/A/ProtectedCloudStorage
0x0000000005986000 	/System/Library/PrivateFrameworks/EFILogin.framework/Versions/A/EFILogin
0x0000000005986000 	/usr/lib/libutil.dylib
0x0000000005986000 	/System/Library/Frameworks/LDAP.framework/Versions/A/LDAP
0x0000000005986000 	/usr/lib/libsasl2.2.dylib
0x0000000005986000 	/System/Library/PrivateFrameworks/CoreDaemon.framework/Versions/B/CoreDaemon
0x0000000005986000 	/System/Library/PrivateFrameworks/AppleSRP.framework/Versions/A/AppleSRP
0x0000000005986000 	/System/Library/PrivateFrameworks/APFS.framework/Versions/A/APFS
0x0000000005986000 	/System/Library/PrivateFrameworks/ViewBridge.framework/Versions/A/ViewBridge
0x0000000005986000 	/System/Library/PrivateFrameworks/XPCService.framework/Versions/A/XPCService
0x0000000005986000 	/System/Library/PrivateFrameworks/AppSandbox.framework/Versions/A/AppSandbox
0x0000000005986000 	/usr/lib/libsandbox.1.dylib
0x0000000005986000 	/usr/lib/libMatch.1.dylib
0x00000001296f0000 	/Library/Java/JavaVirtualMachines/jdk1.8.0_131.jdk/Contents/Home/jre/lib/libsplashscreen.dylib
0x0000000129749000 	/Library/Java/JavaVirtualMachines/jdk1.8.0_131.jdk/Contents/Home/jre/lib/libfontmanager.dylib
0x00000001277bb000 	/Library/Java/JavaVirtualMachines/jdk1.8.0_131.jdk/Contents/Home/jre/lib/libosxui.dylib
0x0000000117441000 	/Applications/NetBeans/Apache NetBeans 11.1.app/Contents/Resources/NetBeans/platform/modules/lib/libjnidispatch-440.jnilib
0x000000011739c000 	/Library/Java/JavaVirtualMachines/jdk1.8.0_131.jdk/Contents/Home/jre/lib/libmanagement.dylib
0x000000011683c000 	/Library/Java/JavaVirtualMachines/jdk1.8.0_131.jdk/Contents/Home/jre/lib/libdcpr.dylib
0x000000011687a000 	/Library/Java/JavaVirtualMachines/jdk1.8.0_131.jdk/Contents/Home/jre/lib/libjpeg.dylib
0x0000000005986000 	/System/Library/PrivateFrameworks/CloudDocs.framework/Versions/A/CloudDocs
0x0000000005986000 	/System/Library/Frameworks/CloudKit.framework/Versions/A/CloudKit
0x0000000005986000 	/System/Library/PrivateFrameworks/MMCS.framework/Versions/A/MMCS
0x0000000005986000 	/System/Library/Frameworks/CoreLocation.framework/Versions/A/CoreLocation
0x0000000005986000 	/System/Library/PrivateFrameworks/AssetCacheServices.framework/Versions/A/AssetCacheServices
0x0000000005986000 	/System/Library/PrivateFrameworks/GeoServices.framework/Versions/A/GeoServices

VM Arguments:
jvm_args: -Djdk.home=/Library/Java/JavaVirtualMachines/jdk1.8.0_131.jdk/Contents/Home -Dnetbeans.default_userdir_root=/Users/dthurston/Library/Application Support/NetBeans -Dnetbeans.dirs=/Applications/NetBeans/Apache NetBeans 11.1.app/Contents/Resources/NetBeans/nb:/Applications/NetBeans/Apache NetBeans 11.1.app/Contents/Resources/NetBeans/ergonomics:/Applications/NetBeans/Apache NetBeans 11.1.app/Contents/Resources/NetBeans/ide:/Applications/NetBeans/Apache NetBeans 11.1.app/Contents/Resources/NetBeans/extide:/Applications/NetBeans/Apache NetBeans 11.1.app/Contents/Resources/NetBeans/java:/Applications/NetBeans/Apache NetBeans 11.1.app/Contents/Resources/NetBeans/apisupport:/Applications/NetBeans/Apache NetBeans 11.1.app/Contents/Resources/NetBeans/webcommon:/Applications/NetBeans/Apache NetBeans 11.1.app/Contents/Resources/NetBeans/websvccommon:/Applications/NetBeans/Apache NetBeans 11.1.app/Contents/Resources/NetBeans/enterprise:/Applications/NetBeans/Apache NetBeans 11.1.app/Contents/Resources/NetBeans/mobility:/Applications/NetBeans/Apache NetBeans 11.1.app/Contents/Resources/NetBeans/profiler:/Applications/NetBeans/Apache NetBeans 11.1.app/Contents/Resources/NetBeans/python:/Applications/NetBeans/Apache NetBeans 11.1.app/Contents/Resources/NetBeans/php:/Applications/NetBeans/Apache NetBeans 11.1.app/Contents/Resources/NetBeans/identity:/Applications/NetBeans/Apache NetBeans 11.1.app/Contents/Resources/NetBeans/harness:/Applications/NetBeans/Apache NetBeans 11.1.app/Contents/Resources/NetBeans/cnd:/Applications/NetBeans/Apache NetBeans 11.1.app/Contents/Resources/NetBeans/cndext:/Applications/NetBeans/Apache NetBeans 11.1.app/Contents/Resources/NetBeans/dlight:/Applications/NetBeans/Apache NetBeans 11.1.app/Contents/Resources/NetBeans/groovy:/Applications/NetBeans/Apache NetBeans 11.1.app/Contents/Resources/NetBeans/extra:/Applications/NetBeans/Apache NetBeans 11.1.app/Contents/Resources/NetBeans/javacard:/Applications/NetBeans/Apache NetBeans 11.1.app/Contents/Resources/NetBeans/javafx: -Dnetbeans.home=/Applications/NetBeans/Apache NetBeans 11.1.app/Contents/Resources/NetBeans/platform -Dnetbeans.importclass=org.netbeans.upgrade.AutoUpgrade -XX:+UseStringDeduplication -Xss2m -Djdk.gtk.version=2.2 -Dapple.laf.useScreenMenuBar=true -Dapple.awt.graphics.UseQuartz=true -Dsun.java2d.noddraw=true -Dsun.java2d.dpiaware=true -Dsun.zip.disableMemoryMapping=true -Dplugin.manager.check.updates=false -Dnetbeans.extbrowser.manual_chrome_plugin_install=yes --add-opens=java.base/java.net=ALL-UNNAMED --add-opens=java.base/java.lang.ref=ALL-UNNAMED --add-opens=java.base/java.lang=ALL-UNNAMED --add-opens=java.base/java.security=ALL-UNNAMED --add-opens=java.base/java.util=ALL-UNNAMED --add-opens=java.desktop/javax.swing.plaf.basic=ALL-UNNAMED --add-opens=java.desktop/javax.swing.text=ALL-UNNAMED --add-opens=java.desktop/javax.swing=ALL-UNNAMED --add-opens=java.desktop/java.awt=ALL-UNNAMED --add-opens=java.desktop/java.awt.event=ALL-UNNAMED --add-opens=java.prefs/java.util.prefs=ALL-UNNAMED --add-opens=jdk.jshell/jdk.jshell=ALL-UNNAMED --add-modules=jdk.jshell --add-exports=java.desktop/sun.awt=ALL-UNNAMED --add-exports=java.desktop/java.awt.peer=ALL-UNNAMED --add-exports=java.desktop/com.sun.beans.editors=ALL-UNNAMED --add-exports=java.desktop/sun.swing=ALL-UNNAMED --add-exports=java.desktop/sun.awt.im=ALL-UNNAMED --add-exports=jdk.internal.jvmstat/sun.jvmstat.monitor=ALL-UNNAMED --add-exports=java.management/sun.management=ALL-UNNAMED --add-exports=java.base/sun.reflect.annotation=ALL-UNNAMED --add-exports=jdk.javadoc/com.sun.tools.javadoc.main=ALL-UNNAMED -XX:+IgnoreUnrecognizedVMOptions -XX:+HeapDumpOnOutOfMemoryError -XX:HeapDumpPath=/Users/dthurston/Library/Application Support/NetBeans/11.1/var/log/heapdump.hprof 
java_command: org.netbeans.Main --cachedir /Users/dthurston/Library/Caches/NetBeans/11.1 --userdir /Users/dthurston/Library/Application Support/NetBeans/11.1 --branding nb
java_class_path (initial): /Applications/NetBeans/Apache NetBeans 11.1.app/Contents/Resources/NetBeans/platform/lib/boot.jar:/Applications/NetBeans/Apache NetBeans 11.1.app/Contents/Resources/NetBeans/platform/lib/org-openide-modules.jar:/Applications/NetBeans/Apache NetBeans 11.1.app/Contents/Resources/NetBeans/platform/lib/org-openide-util-lookup.jar:/Applications/NetBeans/Apache NetBeans 11.1.app/Contents/Resources/NetBeans/platform/lib/org-openide-util-ui.jar:/Applications/NetBeans/Apache NetBeans 11.1.app/Contents/Resources/NetBeans/platform/lib/org-openide-util.jar:/Library/Java/JavaVirtualMachines/jdk1.8.0_131.jdk/Contents/Home/lib/dt.jar:/Library/Java/JavaVirtualMachines/jdk1.8.0_131.jdk/Contents/Home/lib/tools.jar
Launcher Type: SUN_STANDARD

Environment Variables:
PATH=/Library/Frameworks/Python.framework/Versions/3.6/bin:/Users/dthurston/.rbenv/shims:/Library/Frameworks/Python.framework/Versions/2.7/bin:/usr/local/bin:/usr/bin:/bin:/usr/sbin:/sbin:/Library/Frameworks/Mono.framework/Versions/Current/Commands:/Applications/Wireshark.app/Contents/MacOS:/Users/dthurston/Projects
SHELL=/bin/bash

Signal Handlers:
SIGSEGV: [libjvm.dylib+0x5b1eb1], sa_mask[0]=11111111011111110111111111111111, sa_flags=SA_ONSTACK|SA_RESTART|SA_SIGINFO
SIGBUS: [libjvm.dylib+0x5b1eb1], sa_mask[0]=11111111011111110111111111111111, sa_flags=SA_RESTART|SA_SIGINFO
SIGFPE: [libjvm.dylib+0x488988], sa_mask[0]=11111111011111110111111111111111, sa_flags=SA_RESTART|SA_SIGINFO
SIGPIPE: [libjvm.dylib+0x488988], sa_mask[0]=11111111011111110111111111111111, sa_flags=SA_RESTART|SA_SIGINFO
SIGXFSZ: [libjvm.dylib+0x488988], sa_mask[0]=11111111011111110111111111111111, sa_flags=SA_RESTART|SA_SIGINFO
SIGILL: [libjvm.dylib+0x488988], sa_mask[0]=11111111011111110111111111111111, sa_flags=SA_RESTART|SA_SIGINFO
SIGUSR1: SIG_DFL, sa_mask[0]=11011111011111100000000111000110, sa_flags=none
SIGUSR2: [libjvm.dylib+0x4884a6], sa_mask[0]=00000000000000000000000000000000, sa_flags=SA_RESTART|SA_SIGINFO
SIGHUP: [libjvm.dylib+0x486a7d], sa_mask[0]=11111111011111110111111111111111, sa_flags=SA_RESTART|SA_SIGINFO
SIGINT: SIG_IGN, sa_mask[0]=00000000000000000000000000000000, sa_flags=none
SIGTERM: [libjvm.dylib+0x486a7d], sa_mask[0]=11111111011111110111111111111111, sa_flags=SA_RESTART|SA_SIGINFO
SIGQUIT: [libjvm.dylib+0x486a7d], sa_mask[0]=11111111011111110111111111111111, sa_flags=SA_RESTART|SA_SIGINFO


---------------  S Y S T E M  ---------------

OS:Bsduname:Darwin 16.7.0 Darwin Kernel Version 16.7.0: Sun Jun  2 20:26:31 PDT 2019; root:xnu-3789.73.50~1/RELEASE_X86_64 x86_64
rlimit: STACK 8192k, CORE 0k, NPROC 709, NOFILE 10240, AS infinity
load average:2.06 2.91 3.10

CPU:total 4 (initial active 4) (2 cores per cpu, 2 threads per core) family 6 model 61 stepping 4, cmov, cx8, fxsr, mmx, sse, sse2, sse3, ssse3, sse4.1, sse4.2, popcnt, avx, avx2, aes, clmul, erms, rtm, 3dnowpref, lzcnt, ht, tsc, tscinvbit, bmi1, bmi2, adx

Memory: 4k page, physical 8388608k(17840k free)

/proc/meminfo:


vm_info: Java HotSpot(TM) 64-Bit Server VM (25.131-b11) for bsd-amd64 JRE (1.8.0_131-b11), built on Mar 15 2017 01:32:22 by "java_re" with gcc 4.2.1 (Based on Apple Inc. build 5658) (LLVM build 2336.11.00)

time: Tue Jan 28 12:08:32 2020
elapsed time: 17957 seconds (0d 4h 59m 17s)

