#
# A fatal error has been detected by the Java Runtime Environment:
#
#  SIGSEGV (0xb) at pc=0x000000011ba6e3bf, pid=2088, tid=0x000000000000e10b
#
# JRE version: Java(TM) SE Runtime Environment (8.0_131-b11) (build 1.8.0_131-b11)
# Java VM: Java HotSpot(TM) 64-Bit Server VM (25.131-b11 mixed mode bsd-amd64 compressed oops)
# Problematic frame:
# C  [libawt_lwawt.dylib+0x1c3bf]  OGLSD_SetScratchSurface+0x49
#
# Failed to write core dump. Core dumps have been disabled. To enable core dumping, try "ulimit -c unlimited" before starting Java again
#
# If you would like to submit a bug report, please visit:
#   http://bugreport.java.com/bugreport/crash.jsp
# The crash happened outside the Java Virtual Machine in native code.
# See problematic frame for where to report the bug.
#

---------------  T H R E A D  ---------------

Current thread (0x00007fdf4ab32000):  JavaThread "Java2D Queue Flusher" daemon [_thread_in_native, id=57611, stack(0x000070000cf5d000,0x000070000d15d000)]

siginfo: si_signo: 11 (SIGSEGV), si_code: 1 (SEGV_MAPERR), si_addr: 0x0000000000000002

Registers:
RAX=0x00000000ffffffff, RBX=0x0000000000000002, RCX=0x0000000000000047, RDX=0x000000011ba8f258
RSP=0x000070000d15c810, RBP=0x000070000d15c830, RSI=0x00007fdf3b7bd530, RDI=0x00007fdf4ab321f8
R8 =0x0000000000000020, R9 =0x0000000000000000, R10=0x000000010b6491b8, R11=0x00000000e8106117
R12=0x0000000000000000, R13=0x00000007408306c8, R14=0x00007fdf4ab321f8, R15=0x00007fdf4ab32000
RIP=0x000000011ba6e3bf, EFLAGS=0x0000000000010202, ERR=0x0000000000000004
  TRAPNO=0x000000000000000e

Top of Stack: (sp=0x000070000d15c810)
0x000070000d15c810:   00007fdf3b7bd530 0000000000000000
0x000070000d15c820:   00007fdf4a336610 00007fdf4ab32000
0x000070000d15c830:   000070000d15c8b0 000000011ba8ed36
0x000070000d15c840:   0000000000000064 00007fdf49dd4358
0x000070000d15c850:   000070000d15c8b0 0000000103950094
0x000070000d15c860:   0000000000000005 00007fdf4ab32000
0x000070000d15c870:   0000000740830601 00007fdf4a336620
0x000070000d15c880:   000070000015c800 00007fdf4ab321f8
0x000070000d15c890:   0000000000000000 0000000000000000
0x000070000d15c8a0:   000070000d15c840 00007fdf4ab32000
0x000070000d15c8b0:   000070000d15c900 000000010b64922a
0x000070000d15c8c0:   00000007408308a0 0000000100000000
0x000070000d15c8d0:   00007fdf3c491690 0000000000000001
0x000070000d15c8e0:   0000000109c0ef48 0000000000000000
0x000070000d15c8f0:   000070000d15c910 00000007408306c8
0x000070000d15c900:   00000000e8106114 000000010f8c3aa8
0x000070000d15c910:   00000007408308a0 0000000000000000
0x000070000d15c920:   00000007408306c8 0000000000000000
0x000070000d15c930:   00000007408306c8 000070000d15c9d0
0x000070000d15c940:   0000000000000001 0000000000000000
0x000070000d15c950:   000070000d15c9d0 000000010a8987a7
0x000070000d15c960:   0000000740b04ce8 0000000740b04ce8
0x000070000d15c970:   0000700000001fa0 000000000000000a
0x000070000d15c980:   00007fdf4ab32000 0000000000000001
0x000070000d15c990:   000000010a89871f 0000000109b76e48
0x000070000d15c9a0:   000070000d15ca68 000070000d15cd00
0x000070000d15c9b0:   000000010000000a 0000000109b76e48
0x000070000d15c9c0:   000000010a8ab120 000070000d15cc70
0x000070000d15c9d0:   000070000d15cb80 00000001038ee5b6
0x000070000d15c9e0:   0000700000000001 00007fdf4ab32000
0x000070000d15c9f0:   00007fdf4ab32000 000070000d15cd00
0x000070000d15ca00:   00007fdf49dd4350 000000010a8ab120 

Instructions: (pc=0x000000011ba6e3bf)
0x000000011ba6e39f:   c0 e9 82 00 00 00 48 8b 5e 10 48 85 db 75 0e bf
0x000000011ba6e3af:   01 00 00 00 48 8d 15 07 7c 03 00 eb d6 49 89 fe
0x000000011ba6e3bf:   4c 8b 3b 30 c0 e8 c1 a6 02 00 49 8b 3f 49 89 c4
0x000000011ba6e3cf:   48 8b 35 4a 03 06 00 30 c0 e8 0f a8 02 00 48 85 

Register to memory mapping:

RAX=0x00000000ffffffff is an unknown value
RBX=0x0000000000000002 is an unknown value
RCX=0x0000000000000047 is an unknown value
RDX=0x000000011ba8f258: Java_sun_java2d_opengl_OGLRenderQueue_flushBuffer+0xb5c in /Library/Java/JavaVirtualMachines/jdk1.8.0_131.jdk/Contents/Home/jre/lib/libawt_lwawt.dylib at 0x000000011ba52000
RSP=0x000070000d15c810 is pointing into the stack for thread: 0x00007fdf4ab32000
RBP=0x000070000d15c830 is pointing into the stack for thread: 0x00007fdf4ab32000
RSI=0x00007fdf3b7bd530 is an unknown value
RDI=0x00007fdf4ab321f8 is an unknown value
R8 =0x0000000000000020 is an unknown value
R9 =0x0000000000000000 is an unknown value
R10=0x000000010b6491b8 is at entry_point+56 in (nmethod*)0x000000010b649010
R11=0x00000000e8106117 is an unknown value
R12=0x0000000000000000 is an unknown value
R13=0x00000007408306c8 is an oop
sun.java2d.opengl.OGLRenderQueue$QueueFlusher 
 - klass: 'sun/java2d/opengl/OGLRenderQueue$QueueFlusher'
R14=0x00007fdf4ab321f8 is an unknown value
R15=0x00007fdf4ab32000 is a thread


Stack: [0x000070000cf5d000,0x000070000d15d000],  sp=0x000070000d15c810,  free space=2046k
Native frames: (J=compiled Java code, j=interpreted, Vv=VM code, C=native code)
C  [libawt_lwawt.dylib+0x1c3bf]  OGLSD_SetScratchSurface+0x49
C  [libawt_lwawt.dylib+0x3cd36]  Java_sun_java2d_opengl_OGLRenderQueue_flushBuffer+0x63a
J 6616  sun.java2d.opengl.OGLRenderQueue.flushBuffer(JI)V (0 bytes) @ 0x000000010b64922a [0x000000010b649180+0xaa]
J 35074% C2 sun.java2d.opengl.OGLRenderQueue$QueueFlusher.run()V (234 bytes) @ 0x000000010f8c3aa8 [0x000000010f8c3920+0x188]
v  ~StubRoutines::call_stub
V  [libjvm.dylib+0x2ee5b6]  JavaCalls::call_helper(JavaValue*, methodHandle*, JavaCallArguments*, Thread*)+0x6ae
V  [libjvm.dylib+0x2eed5a]  JavaCalls::call_virtual(JavaValue*, KlassHandle, Symbol*, Symbol*, JavaCallArguments*, Thread*)+0x164
V  [libjvm.dylib+0x2eef06]  JavaCalls::call_virtual(JavaValue*, Handle, KlassHandle, Symbol*, Symbol*, Thread*)+0x4a
V  [libjvm.dylib+0x34965d]  thread_entry(JavaThread*, Thread*)+0x7c
V  [libjvm.dylib+0x56b87f]  JavaThread::thread_main_inner()+0x9b
V  [libjvm.dylib+0x56cf6c]  JavaThread::run()+0x1c2
V  [libjvm.dylib+0x48b376]  java_start(Thread*)+0xf6
C  [libsystem_pthread.dylib+0x393b]  _pthread_body+0xb4
C  [libsystem_pthread.dylib+0x3887]  _pthread_body+0x0
C  [libsystem_pthread.dylib+0x308d]  thread_start+0xd
C  0x0000000000000000

Java frames: (J=compiled Java code, j=interpreted, Vv=VM code)
J 6616  sun.java2d.opengl.OGLRenderQueue.flushBuffer(JI)V (0 bytes) @ 0x000000010b6491b8 [0x000000010b649180+0x38]
J 35074% C2 sun.java2d.opengl.OGLRenderQueue$QueueFlusher.run()V (234 bytes) @ 0x000000010f8c3aa8 [0x000000010f8c3920+0x188]
v  ~StubRoutines::call_stub

---------------  P R O C E S S  ---------------

Java Threads: ( => current thread )
  0x00007fdf505d0000 JavaThread "Refresh-After-WindowActivated" daemon [_thread_in_vm, id=55491, stack(0x000070000d7ec000,0x000070000d9ec000)]
  0x00007fdf4be89000 JavaThread "Inactive RequestProcessor thread [Was:OpenIDE-request-processor-1/org.netbeans.core.startup.preferences.NbPreferences$1]" daemon [_thread_blocked, id=73731, stack(0x000070000c9d7000,0x000070000cbd7000)]
  0x00007fdf52867800 JavaThread "DestroyJavaVM" [_thread_blocked, id=7171, stack(0x000070000ae98000,0x000070000b098000)]
  0x00007fdf4a96b000 JavaThread "TimerQueue" daemon [_thread_blocked, id=80643, stack(0x000070000f81c000,0x000070000fa1c000)]
  0x00007fdf52bfd800 JavaThread "Worker-JM" [_thread_blocked, id=79883, stack(0x000070000f619000,0x000070000f819000)]
  0x00007fdf4ab46800 JavaThread "Deadlock Detector" [_thread_blocked, id=79371, stack(0x000070000f416000,0x000070000f616000)]
  0x00007fdf53e75800 JavaThread "Thread-4" daemon [_thread_blocked, id=79115, stack(0x000070000f213000,0x000070000f413000)]
  0x00007fdf4a79f000 JavaThread "File Watcher" daemon [_thread_blocked, id=76547, stack(0x000070000f010000,0x000070000f210000)]
  0x00007fdf53158800 JavaThread "Thread-2" daemon [_thread_in_native, id=74243, stack(0x000070000ee0d000,0x000070000f00d000)]
  0x00007fdf4bd33000 JavaThread "Editor Parsing Loop (netbeans-release-428-on-20190716)" daemon [_thread_blocked, id=72707, stack(0x000070000e804000,0x000070000ea04000)]
  0x00007fdf4ac61000 JavaThread "Bundle File Closer" daemon [_thread_blocked, id=26891, stack(0x000070000dbf2000,0x000070000ddf2000)]
  0x00007fdf52b82000 JavaThread "Framework Event Dispatcher" daemon [_thread_blocked, id=38407, stack(0x000070000d9ef000,0x000070000dbef000)]
  0x00007fdf5343a800 JavaThread "Framework Active Thread" [_thread_blocked, id=38151, stack(0x000070000d5e9000,0x000070000d7e9000)]
  0x00007fdf4a370800 JavaThread "AWT-EventQueue-0" [_thread_blocked, id=61963, stack(0x000070000d363000,0x000070000d563000)]
  0x00007fdf4a312000 JavaThread "Java2D Disposer" daemon [_thread_blocked, id=56595, stack(0x000070000d160000,0x000070000d360000)]
=>0x00007fdf4ab32000 JavaThread "Java2D Queue Flusher" daemon [_thread_in_native, id=57611, stack(0x000070000cf5d000,0x000070000d15d000)]
  0x00007fdf4b8cc800 JavaThread "RequestProcessor queue manager" daemon [_thread_blocked, id=55851, stack(0x000070000cd5a000,0x000070000cf5a000)]
  0x00007fdf4b14f800 JavaThread "AWT-Shutdown" [_thread_blocked, id=30495, stack(0x000070000c64b000,0x000070000c84b000)]
  0x00007fdf4aa38800 JavaThread "AppKit Thread" daemon [_thread_in_native, id=775, stack(0x00007fff5c7e5000,0x00007fff5cfe5000)]
  0x00007fdf4b052800 JavaThread "CLI Requests Server" daemon [_thread_in_native, id=20227, stack(0x000070000c3c5000,0x000070000c5c5000)]
  0x00007fdf4a0d6800 JavaThread "Active Reference Queue Daemon" daemon [_thread_blocked, id=19715, stack(0x000070000c1c2000,0x000070000c3c2000)]
  0x00007fdf4a078800 JavaThread "Service Thread" daemon [_thread_blocked, id=18691, stack(0x000070000bebc000,0x000070000c0bc000)]
  0x00007fdf4a05f000 JavaThread "C1 CompilerThread2" daemon [_thread_blocked, id=18179, stack(0x000070000bdb9000,0x000070000beb9000)]
  0x00007fdf4a05e800 JavaThread "C2 CompilerThread1" daemon [_thread_blocked, id=17667, stack(0x000070000bcb6000,0x000070000bdb6000)]
  0x00007fdf4a030000 JavaThread "C2 CompilerThread0" daemon [_thread_blocked, id=17155, stack(0x000070000bbb3000,0x000070000bcb3000)]
  0x00007fdf4b802000 JavaThread "Signal Dispatcher" daemon [_thread_blocked, id=16643, stack(0x000070000b9b0000,0x000070000bbb0000)]
  0x00007fdf4a81e000 JavaThread "Finalizer" daemon [_thread_blocked, id=12547, stack(0x000070000b7ad000,0x000070000b9ad000)]
  0x00007fdf4a81b000 JavaThread "Reference Handler" daemon [_thread_blocked, id=12035, stack(0x000070000b5aa000,0x000070000b7aa000)]

Other Threads:
  0x00007fdf4a04e000 VMThread [stack: 0x000070000b4a7000,0x000070000b5a7000] [id=11523]
  0x00007fdf4a84a000 WatcherThread [stack: 0x000070000c0bf000,0x000070000c1bf000] [id=19203]

VM state:not at safepoint (normal execution)

VM Mutex/Monitor currently owned by a thread: None

Heap:
 PSYoungGen      total 465408K, used 27072K [0x0000000795580000, 0x00000007c0000000, 0x00000007c0000000)
  eden space 430592K, 2% used [0x0000000795580000,0x0000000796089948,0x00000007afa00000)
  from space 34816K, 45% used [0x00000007bde00000,0x00000007bed669e8,0x00000007c0000000)
  to   space 134144K, 0% used [0x00000007afa00000,0x00000007afa00000,0x00000007b7d00000)
 ParOldGen       total 714752K, used 550746K [0x0000000740000000, 0x000000076ba00000, 0x0000000795580000)
  object space 714752K, 77% used [0x0000000740000000,0x00000007619d6bf0,0x000000076ba00000)
 Metaspace       used 162063K, capacity 183452K, committed 184960K, reserved 1210368K
  class space    used 18933K, capacity 24423K, committed 24704K, reserved 1048576K

Card table byte_map: [0x0000000104963000,0x0000000104d64000] byte_map_base: 0x0000000100f63000

Marking Bits: (ParMarkBitMap*) 0x0000000103ef1ea0
 Begin Bits: [0x000000010500f000, 0x000000010700f000)
 End Bits:   [0x000000010700f000, 0x000000010900f000)

Polling page: 0x0000000102cdb000

CodeCache: size=245760Kb used=157242Kb max_used=157276Kb free=88517Kb
 bounds [0x000000010a898000, 0x0000000114418000, 0x0000000119898000]
 total_blobs=35863 nmethods=34848 adapters=920
 compilation: enabled

Compilation events (10 events):
Event: 34833.067 Thread 0x00007fdf4a05e800 58128       4       javax.swing.JEditorPane::getEditorKit (25 bytes)
Event: 34833.071 Thread 0x00007fdf4a05e800 nmethod 58128 0x000000010fec8950 code [0x000000010fec8aa0, 0x000000010fec8b58]
Event: 34836.246 Thread 0x00007fdf4a030000 58129   !   4       java.awt.CardLayout::layoutContainer (156 bytes)
Event: 34836.279 Thread 0x00007fdf4a030000 nmethod 58129 0x000000010c301810 code [0x000000010c301a20, 0x000000010c302698]
Event: 34909.901 Thread 0x00007fdf4a05e800 58130       4       org.netbeans.editor.WeakTimerListener::actionPerformed (60 bytes)
Event: 34910.017 Thread 0x00007fdf4a05e800 nmethod 58130 0x0000000112201590 code [0x0000000112201b40, 0x0000000112203e00]
Event: 34910.720 Thread 0x00007fdf4a05f000 58131       3       org.netbeans.editor.ext.ToolTipSupport$Listener::mouseExited (154 bytes)
Event: 34910.725 Thread 0x00007fdf4a05f000 nmethod 58131 0x000000010ff2ff50 code [0x000000010ff30340, 0x000000010ff32d18]
Event: 34911.589 Thread 0x00007fdf4a05f000 58132   !   3       org.openide.util.lookup.ExcludingLookup$R::removeLookupListener (58 bytes)
Event: 34911.591 Thread 0x00007fdf4a05f000 nmethod 58132 0x000000010b39e610 code [0x000000010b39e7a0, 0x000000010b39ec58]

GC Heap History (10 events):
Event: 31782.276 GC heap before
{Heap before GC invocations=719 (full 6):
 PSYoungGen      total 663552K, used 646533K [0x0000000795580000, 0x00000007c0000000, 0x00000007c0000000)
  eden space 629248K, 100% used [0x0000000795580000,0x00000007bbc00000,0x00000007bbc00000)
  from space 34304K, 50% used [0x00000007bdd80000,0x00000007bee61710,0x00000007bff00000)
  to   space 34304K, 0% used [0x00000007bbc00000,0x00000007bbc00000,0x00000007bdd80000)
 ParOldGen       total 365056K, used 359419K [0x0000000740000000, 0x0000000756480000, 0x0000000795580000)
  object space 365056K, 98% used [0x0000000740000000,0x0000000755efee48,0x0000000756480000)
 Metaspace       used 160633K, capacity 182510K, committed 182784K, reserved 1208320K
  class space    used 18627K, capacity 24212K, committed 24320K, reserved 1048576K
Event: 31782.301 GC heap after
Heap after GC invocations=719 (full 6):
 PSYoungGen      total 663552K, used 21839K [0x0000000795580000, 0x00000007bff00000, 0x00000007c0000000)
  eden space 629248K, 0% used [0x0000000795580000,0x0000000795580000,0x00000007bbc00000)
  from space 34304K, 63% used [0x00000007bbc00000,0x00000007bd153c48,0x00000007bdd80000)
  to   space 33792K, 0% used [0x00000007bde00000,0x00000007bde00000,0x00000007bff00000)
 ParOldGen       total 365056K, used 359499K [0x0000000740000000, 0x0000000756480000, 0x0000000795580000)
  object space 365056K, 98% used [0x0000000740000000,0x0000000755f12e48,0x0000000756480000)
 Metaspace       used 160633K, capacity 182510K, committed 182784K, reserved 1208320K
  class space    used 18627K, capacity 24212K, committed 24320K, reserved 1048576K
}
Event: 32783.699 GC heap before
{Heap before GC invocations=720 (full 6):
 PSYoungGen      total 663552K, used 613369K [0x0000000795580000, 0x00000007bff00000, 0x00000007c0000000)
  eden space 629248K, 94% used [0x0000000795580000,0x00000007b972aa68,0x00000007bbc00000)
  from space 34304K, 63% used [0x00000007bbc00000,0x00000007bd153c48,0x00000007bdd80000)
  to   space 33792K, 0% used [0x00000007bde00000,0x00000007bde00000,0x00000007bff00000)
 ParOldGen       total 365056K, used 359499K [0x0000000740000000, 0x0000000756480000, 0x0000000795580000)
  object space 365056K, 98% used [0x0000000740000000,0x0000000755f12e48,0x0000000756480000)
 Metaspace       used 162611K, capacity 184500K, committed 184704K, reserved 1210368K
  class space    used 19027K, capacity 24619K, committed 24704K, reserved 1048576K
Event: 32783.873 GC heap after
Heap after GC invocations=720 (full 6):
 PSYoungGen      total 663040K, used 28857K [0x0000000795580000, 0x00000007c0000000, 0x00000007c0000000)
  eden space 629248K, 0% used [0x0000000795580000,0x0000000795580000,0x00000007bbc00000)
  from space 33792K, 85% used [0x00000007bde00000,0x00000007bfa2e530,0x00000007bff00000)
  to   space 34816K, 0% used [0x00000007bbc00000,0x00000007bbc00000,0x00000007bde00000)
 ParOldGen       total 365056K, used 360423K [0x0000000740000000, 0x0000000756480000, 0x0000000795580000)
  object space 365056K, 98% used [0x0000000740000000,0x0000000755ff9d08,0x0000000756480000)
 Metaspace       used 162611K, capacity 184500K, committed 184704K, reserved 1210368K
  class space    used 19027K, capacity 24619K, committed 24704K, reserved 1048576K
}
Event: 32937.227 GC heap before
{Heap before GC invocations=721 (full 6):
 PSYoungGen      total 663040K, used 658105K [0x0000000795580000, 0x00000007c0000000, 0x00000007c0000000)
  eden space 629248K, 100% used [0x0000000795580000,0x00000007bbc00000,0x00000007bbc00000)
  from space 33792K, 85% used [0x00000007bde00000,0x00000007bfa2e530,0x00000007bff00000)
  to   space 34816K, 0% used [0x00000007bbc00000,0x00000007bbc00000,0x00000007bde00000)
 ParOldGen       total 365056K, used 360423K [0x0000000740000000, 0x0000000756480000, 0x0000000795580000)
  object space 365056K, 98% used [0x0000000740000000,0x0000000755ff9d08,0x0000000756480000)
 Metaspace       used 162743K, capacity 184564K, committed 184704K, reserved 1210368K
  class space    used 19040K, capacity 24619K, committed 24704K, reserved 1048576K
Event: 32937.668 GC heap after
Heap after GC invocations=721 (full 6):
 PSYoungGen      total 664064K, used 34786K [0x0000000795580000, 0x00000007c0000000, 0x00000007c0000000)
  eden space 629248K, 0% used [0x0000000795580000,0x0000000795580000,0x00000007bbc00000)
  from space 34816K, 99% used [0x00000007bbc00000,0x00000007bddf8b48,0x00000007bde00000)
  to   space 34816K, 0% used [0x00000007bde00000,0x00000007bde00000,0x00000007c0000000)
 ParOldGen       total 629760K, used 627291K [0x0000000740000000, 0x0000000766700000, 0x0000000795580000)
  object space 629760K, 99% used [0x0000000740000000,0x0000000766496cd0,0x0000000766700000)
 Metaspace       used 162743K, capacity 184564K, committed 184704K, reserved 1210368K
  class space    used 19040K, capacity 24619K, committed 24704K, reserved 1048576K
}
Event: 32937.668 GC heap before
{Heap before GC invocations=722 (full 7):
 PSYoungGen      total 664064K, used 34786K [0x0000000795580000, 0x00000007c0000000, 0x00000007c0000000)
  eden space 629248K, 0% used [0x0000000795580000,0x0000000795580000,0x00000007bbc00000)
  from space 34816K, 99% used [0x00000007bbc00000,0x00000007bddf8b48,0x00000007bde00000)
  to   space 34816K, 0% used [0x00000007bde00000,0x00000007bde00000,0x00000007c0000000)
 ParOldGen       total 629760K, used 627291K [0x0000000740000000, 0x0000000766700000, 0x0000000795580000)
  object space 629760K, 99% used [0x0000000740000000,0x0000000766496cd0,0x0000000766700000)
 Metaspace       used 162743K, capacity 184564K, committed 184704K, reserved 1210368K
  class space    used 19040K, capacity 24619K, committed 24704K, reserved 1048576K
Event: 32940.659 GC heap after
Heap after GC invocations=722 (full 7):
 PSYoungGen      total 664064K, used 0K [0x0000000795580000, 0x00000007c0000000, 0x00000007c0000000)
  eden space 629248K, 0% used [0x0000000795580000,0x0000000795580000,0x00000007bbc00000)
  from space 34816K, 0% used [0x00000007bbc00000,0x00000007bbc00000,0x00000007bde00000)
  to   space 34816K, 0% used [0x00000007bde00000,0x00000007bde00000,0x00000007c0000000)
 ParOldGen       total 714752K, used 410770K [0x0000000740000000, 0x000000076ba00000, 0x0000000795580000)
  object space 714752K, 57% used [0x0000000740000000,0x0000000759124bc0,0x000000076ba00000)
 Metaspace       used 161986K, capacity 183328K, committed 184704K, reserved 1210368K
  class space    used 18926K, capacity 24413K, committed 24704K, reserved 1048576K
}
Event: 34911.305 GC heap before
{Heap before GC invocations=723 (full 7):
 PSYoungGen      total 664064K, used 629248K [0x0000000795580000, 0x00000007c0000000, 0x00000007c0000000)
  eden space 629248K, 100% used [0x0000000795580000,0x00000007bbc00000,0x00000007bbc00000)
  from space 34816K, 0% used [0x00000007bbc00000,0x00000007bbc00000,0x00000007bde00000)
  to   space 34816K, 0% used [0x00000007bde00000,0x00000007bde00000,0x00000007c0000000)
 ParOldGen       total 714752K, used 410770K [0x0000000740000000, 0x000000076ba00000, 0x0000000795580000)
  object space 714752K, 57% used [0x0000000740000000,0x0000000759124bc0,0x000000076ba00000)
 Metaspace       used 162063K, capacity 183452K, committed 184960K, reserved 1210368K
  class space    used 18933K, capacity 24423K, committed 24704K, reserved 1048576K
Event: 34911.582 GC heap after
Heap after GC invocations=723 (full 7):
 PSYoungGen      total 465408K, used 15770K [0x0000000795580000, 0x00000007c0000000, 0x00000007c0000000)
  eden space 430592K, 0% used [0x0000000795580000,0x0000000795580000,0x00000007afa00000)
  from space 34816K, 45% used [0x00000007bde00000,0x00000007bed669e8,0x00000007c0000000)
  to   space 134144K, 0% used [0x00000007afa00000,0x00000007afa00000,0x00000007b7d00000)
 ParOldGen       total 714752K, used 550746K [0x0000000740000000, 0x000000076ba00000, 0x0000000795580000)
  object space 714752K, 77% used [0x0000000740000000,0x00000007619d6bf0,0x000000076ba00000)
 Metaspace       used 162063K, capacity 183452K, committed 184960K, reserved 1210368K
  class space    used 18933K, capacity 24423K, committed 24704K, reserved 1048576K
}

Deoptimization events (10 events):
Event: 33054.202 Thread 0x00007fdf4a370800 Uncommon trap: reason=speculate_class_check action=maybe_recompile pc=0x000000010d443314 method=sun.java2d.opengl.OGLSurfaceDataProxy.createProxy(Lsun/java2d/SurfaceData;Lsun/java2d/opengl/OGLGraphicsConfig;)Lsun/java2d/SurfaceDataProxy; @ 1
Event: 33070.115 Thread 0x00007fdf4a370800 Uncommon trap: reason=unstable_if action=reinterpret pc=0x000000011282eb30 method=javax.swing.RepaintManager.addDirtyRegion0(Ljava/awt/Container;IIII)V @ 108
Event: 33102.698 Thread 0x00007fdf4a370800 Uncommon trap: reason=unstable_if action=reinterpret pc=0x000000010db94244 method=java.awt.Component.updateGraphicsData(Ljava/awt/GraphicsConfiguration;)Z @ 25
Event: 33102.725 Thread 0x00007fdf4aa38800 Uncommon trap: reason=null_check action=make_not_entrant pc=0x00000001139aded8 method=sun.java2d.pipe.BufferedContext.validate(Lsun/java2d/pipe/hw/AccelSurface;Lsun/java2d/pipe/hw/AccelSurface;Lsun/java2d/pipe/Region;Ljava/awt/Composite;Ljava/awt/geom/Aff
Event: 34659.926 Thread 0x00007fdf4a370800 Uncommon trap: reason=unstable_if action=reinterpret pc=0x000000010ce59454 method=sun.java2d.StateTrackableDelegate.getStateTracker()Lsun/java2d/StateTracker; @ 6
Event: 34660.141 Thread 0x00007fdf4a370800 Uncommon trap: reason=class_check action=maybe_recompile pc=0x000000010f1dfaa4 method=sun.java2d.loops.GraphicsPrimitive.convertFrom(Lsun/java2d/loops/Blit;Lsun/java2d/SurfaceData;IIIILsun/java2d/SurfaceData;I)Lsun/java2d/SurfaceData; @ 78
Event: 34660.142 Thread 0x00007fdf4a370800 Uncommon trap: reason=class_check action=maybe_recompile pc=0x000000010f1dfaa4 method=sun.java2d.loops.GraphicsPrimitive.convertFrom(Lsun/java2d/loops/Blit;Lsun/java2d/SurfaceData;IIIILsun/java2d/SurfaceData;I)Lsun/java2d/SurfaceData; @ 78
Event: 34662.715 Thread 0x00007fdf4a370800 Uncommon trap: reason=unstable_if action=reinterpret pc=0x000000010da2c104 method=org.netbeans.modules.editor.lib2.WeakReferenceStableList$ImmutableList.get(I)Ljava/lang/Object; @ 8
Event: 34662.717 Thread 0x00007fdf4a370800 Uncommon trap: reason=null_check action=make_not_entrant pc=0x000000010d978d58 method=org.netbeans.lib.editor.bookmarks.actions.ToggleBookmarkAction$EditorRegistryListener.propertyChange(Ljava/beans/PropertyChangeEvent;)V @ 7
Event: 34703.316 Thread 0x00007fdf4a370800 Uncommon trap: reason=class_check action=maybe_recompile pc=0x0000000113216b24 method=org.netbeans.modules.editor.hints.HintsUI.keyPressed(Ljava/awt/event/KeyEvent;)V @ 215

Internal exceptions (10 events):
Event: 33040.460 Thread 0x00007fdf4b657000 Exception <a 'java/lang/NullPointerException'> (0x000000079e8dc778) thrown at [/Users/java_re/workspace/8-2-build-macosx-x86_64/jdk8u131/8869/hotspot/src/share/vm/runtime/sharedRuntime.cpp, line 605]
Event: 33040.460 Thread 0x00007fdf4b657000 Implicit null exception at 0x00000001108f7440 to 0x00000001108f7682
Event: 33040.460 Thread 0x00007fdf4b657000 Exception <a 'java/lang/NullPointerException'> (0x000000079e8e0b50) thrown at [/Users/java_re/workspace/8-2-build-macosx-x86_64/jdk8u131/8869/hotspot/src/share/vm/runtime/sharedRuntime.cpp, line 605]
Event: 33040.461 Thread 0x00007fdf4b657000 Implicit null exception at 0x00000001108f7440 to 0x00000001108f7682
Event: 33040.461 Thread 0x00007fdf4b657000 Exception <a 'java/lang/NullPointerException'> (0x000000079e8e3340) thrown at [/Users/java_re/workspace/8-2-build-macosx-x86_64/jdk8u131/8869/hotspot/src/share/vm/runtime/sharedRuntime.cpp, line 605]
Event: 33050.966 Thread 0x00007fdf4a370800 Implicit null exception at 0x000000010f95a77d to 0x000000010f95afa9
Event: 33051.195 Thread 0x00007fdf4a370800 Implicit null exception at 0x000000010f63851d to 0x000000010f638871
Event: 33102.725 Thread 0x00007fdf4aa38800 Implicit null exception at 0x00000001139ab443 to 0x00000001139adea1
Event: 34662.715 Thread 0x00007fdf4a370800 Implicit null exception at 0x000000010da2c04f to 0x000000010da2c0f1
Event: 34662.717 Thread 0x00007fdf4a370800 Implicit null exception at 0x000000010d97894d to 0x000000010d978d49

Events (10 events):
Event: 34911.597 Executing VM operation: RevokeBias done
Event: 34911.598 Executing VM operation: RevokeBias
Event: 34911.599 Executing VM operation: RevokeBias done
Event: 34911.612 Executing VM operation: RevokeBias
Event: 34911.612 Executing VM operation: RevokeBias done
Event: 34911.615 Executing VM operation: RevokeBias
Event: 34911.615 Executing VM operation: RevokeBias done
Event: 34911.621 Executing VM operation: RevokeBias
Event: 34911.621 Executing VM operation: RevokeBias done
Event: 34911.627 Thread 0x00007fdf4a05f000 flushing nmethod 0x000000010d24b410


Dynamic libraries:
0x0000000031564000 	/System/Library/Frameworks/Cocoa.framework/Versions/A/Cocoa
0x0000000031564000 	/System/Library/Frameworks/Security.framework/Versions/A/Security
0x0000000031564000 	/System/Library/Frameworks/ApplicationServices.framework/Versions/A/ApplicationServices
0x0000000031564000 	/usr/lib/libz.1.dylib
0x0000000031564000 	/usr/lib/libSystem.B.dylib
0x0000000031564000 	/usr/lib/libobjc.A.dylib
0x0000000031564000 	/System/Library/Frameworks/CoreFoundation.framework/Versions/A/CoreFoundation
0x0000000031564000 	/System/Library/Frameworks/Foundation.framework/Versions/C/Foundation
0x0000000031564000 	/System/Library/Frameworks/AppKit.framework/Versions/C/AppKit
0x0000000031564000 	/System/Library/Frameworks/CoreData.framework/Versions/A/CoreData
0x0000000031564000 	/System/Library/PrivateFrameworks/RemoteViewServices.framework/Versions/A/RemoteViewServices
0x0000000031564000 	/System/Library/PrivateFrameworks/UIFoundation.framework/Versions/A/UIFoundation
0x0000000031564000 	/System/Library/PrivateFrameworks/DFRFoundation.framework/Versions/A/DFRFoundation
0x0000000031564000 	/usr/lib/libenergytrace.dylib
0x0000000031564000 	/System/Library/PrivateFrameworks/SkyLight.framework/Versions/A/SkyLight
0x0000000031564000 	/System/Library/Frameworks/CoreGraphics.framework/Versions/A/CoreGraphics
0x0000000031564000 	/usr/lib/libScreenReader.dylib
0x0000000031564000 	/System/Library/Frameworks/Accelerate.framework/Versions/A/Accelerate
0x0000000031564000 	/System/Library/Frameworks/IOSurface.framework/Versions/A/IOSurface
0x0000000031564000 	/System/Library/Frameworks/AudioToolbox.framework/Versions/A/AudioToolbox
0x0000000031564000 	/System/Library/Frameworks/AudioUnit.framework/Versions/A/AudioUnit
0x0000000031564000 	/System/Library/PrivateFrameworks/DataDetectorsCore.framework/Versions/A/DataDetectorsCore
0x0000000031564000 	/System/Library/PrivateFrameworks/DesktopServicesPriv.framework/Versions/A/DesktopServicesPriv
0x0000000031564000 	/System/Library/Frameworks/Carbon.framework/Versions/A/Frameworks/HIToolbox.framework/Versions/A/HIToolbox
0x0000000031564000 	/usr/lib/libicucore.A.dylib
0x0000000031564000 	/System/Library/Frameworks/QuartzCore.framework/Versions/A/QuartzCore
0x0000000031564000 	/System/Library/Frameworks/Carbon.framework/Versions/A/Frameworks/SpeechRecognition.framework/Versions/A/SpeechRecognition
0x0000000031564000 	/usr/lib/libauto.dylib
0x0000000031564000 	/usr/lib/libxml2.2.dylib
0x0000000031564000 	/System/Library/PrivateFrameworks/CoreUI.framework/Versions/A/CoreUI
0x0000000031564000 	/System/Library/Frameworks/CoreAudio.framework/Versions/A/CoreAudio
0x0000000031564000 	/System/Library/Frameworks/DiskArbitration.framework/Versions/A/DiskArbitration
0x0000000031564000 	/usr/lib/liblangid.dylib
0x0000000031564000 	/System/Library/PrivateFrameworks/MultitouchSupport.framework/Versions/A/MultitouchSupport
0x0000000031564000 	/System/Library/Frameworks/IOKit.framework/Versions/A/IOKit
0x0000000031564000 	/usr/lib/libDiagnosticMessagesClient.dylib
0x0000000031564000 	/System/Library/Frameworks/CoreServices.framework/Versions/A/CoreServices
0x0000000031564000 	/System/Library/PrivateFrameworks/PerformanceAnalysis.framework/Versions/A/PerformanceAnalysis
0x0000000031564000 	/System/Library/PrivateFrameworks/GenerationalStorage.framework/Versions/A/GenerationalStorage
0x0000000031564000 	/System/Library/Frameworks/OpenGL.framework/Versions/A/OpenGL
0x0000000031564000 	/System/Library/Frameworks/CoreImage.framework/Versions/A/CoreImage
0x0000000031564000 	/System/Library/Frameworks/CoreText.framework/Versions/A/CoreText
0x0000000031564000 	/System/Library/Frameworks/ImageIO.framework/Versions/A/ImageIO
0x0000000031564000 	/System/Library/PrivateFrameworks/Backup.framework/Versions/A/Backup
0x0000000031564000 	/usr/lib/libarchive.2.dylib
0x0000000031564000 	/System/Library/Frameworks/CFNetwork.framework/Versions/A/CFNetwork
0x0000000031564000 	/System/Library/Frameworks/SystemConfiguration.framework/Versions/A/SystemConfiguration
0x0000000031564000 	/usr/lib/libCRFSuite.dylib
0x0000000031564000 	/usr/lib/libc++.1.dylib
0x0000000031564000 	/usr/lib/libc++abi.dylib
0x0000000031564000 	/usr/lib/system/libcache.dylib
0x0000000031564000 	/usr/lib/system/libcommonCrypto.dylib
0x0000000031564000 	/usr/lib/system/libcompiler_rt.dylib
0x0000000031564000 	/usr/lib/system/libcopyfile.dylib
0x0000000031564000 	/usr/lib/system/libcorecrypto.dylib
0x0000000031564000 	/usr/lib/system/libdispatch.dylib
0x0000000031564000 	/usr/lib/system/libdyld.dylib
0x0000000031564000 	/usr/lib/system/libkeymgr.dylib
0x0000000031564000 	/usr/lib/system/liblaunch.dylib
0x0000000031564000 	/usr/lib/system/libmacho.dylib
0x0000000031564000 	/usr/lib/system/libquarantine.dylib
0x0000000031564000 	/usr/lib/system/libremovefile.dylib
0x0000000031564000 	/usr/lib/system/libsystem_asl.dylib
0x0000000031564000 	/usr/lib/system/libsystem_blocks.dylib
0x0000000031564000 	/usr/lib/system/libsystem_c.dylib
0x0000000031564000 	/usr/lib/system/libsystem_configuration.dylib
0x0000000031564000 	/usr/lib/system/libsystem_coreservices.dylib
0x0000000031564000 	/usr/lib/system/libsystem_coretls.dylib
0x0000000031564000 	/usr/lib/system/libsystem_dnssd.dylib
0x0000000031564000 	/usr/lib/system/libsystem_info.dylib
0x0000000031564000 	/usr/lib/system/libsystem_kernel.dylib
0x0000000031564000 	/usr/lib/system/libsystem_m.dylib
0x0000000031564000 	/usr/lib/system/libsystem_malloc.dylib
0x0000000031564000 	/usr/lib/system/libsystem_network.dylib
0x0000000031564000 	/usr/lib/system/libsystem_networkextension.dylib
0x0000000031564000 	/usr/lib/system/libsystem_notify.dylib
0x0000000031564000 	/usr/lib/system/libsystem_platform.dylib
0x0000000031564000 	/usr/lib/system/libsystem_pthread.dylib
0x0000000031564000 	/usr/lib/system/libsystem_sandbox.dylib
0x0000000031564000 	/usr/lib/system/libsystem_secinit.dylib
0x0000000031564000 	/usr/lib/system/libsystem_symptoms.dylib
0x0000000031564000 	/usr/lib/system/libsystem_trace.dylib
0x0000000031564000 	/usr/lib/system/libunwind.dylib
0x0000000031564000 	/usr/lib/system/libxpc.dylib
0x0000000031564000 	/usr/lib/libbsm.0.dylib
0x0000000031564000 	/usr/lib/system/libkxld.dylib
0x0000000031564000 	/usr/lib/libcoretls.dylib
0x0000000031564000 	/usr/lib/libcoretls_cfhelpers.dylib
0x0000000031564000 	/usr/lib/libOpenScriptingUtil.dylib
0x0000000031564000 	/usr/lib/libpam.2.dylib
0x0000000031564000 	/usr/lib/libsqlite3.dylib
0x0000000031564000 	/usr/lib/libxar.1.dylib
0x0000000031564000 	/usr/lib/libbz2.1.0.dylib
0x0000000031564000 	/usr/lib/liblzma.5.dylib
0x0000000031564000 	/usr/lib/libnetwork.dylib
0x0000000031564000 	/usr/lib/libpcap.A.dylib
0x0000000031564000 	/System/Library/Frameworks/CoreServices.framework/Versions/A/Frameworks/FSEvents.framework/Versions/A/FSEvents
0x0000000031564000 	/System/Library/Frameworks/CoreServices.framework/Versions/A/Frameworks/CarbonCore.framework/Versions/A/CarbonCore
0x0000000031564000 	/System/Library/Frameworks/CoreServices.framework/Versions/A/Frameworks/Metadata.framework/Versions/A/Metadata
0x0000000031564000 	/System/Library/Frameworks/CoreServices.framework/Versions/A/Frameworks/OSServices.framework/Versions/A/OSServices
0x0000000031564000 	/System/Library/Frameworks/CoreServices.framework/Versions/A/Frameworks/SearchKit.framework/Versions/A/SearchKit
0x0000000031564000 	/System/Library/Frameworks/CoreServices.framework/Versions/A/Frameworks/AE.framework/Versions/A/AE
0x0000000031564000 	/System/Library/Frameworks/CoreServices.framework/Versions/A/Frameworks/LaunchServices.framework/Versions/A/LaunchServices
0x0000000031564000 	/System/Library/Frameworks/CoreServices.framework/Versions/A/Frameworks/DictionaryServices.framework/Versions/A/DictionaryServices
0x0000000031564000 	/System/Library/Frameworks/CoreServices.framework/Versions/A/Frameworks/SharedFileList.framework/Versions/A/SharedFileList
0x0000000031564000 	/System/Library/Frameworks/NetFS.framework/Versions/A/NetFS
0x0000000031564000 	/System/Library/PrivateFrameworks/NetAuth.framework/Versions/A/NetAuth
0x0000000031564000 	/System/Library/PrivateFrameworks/login.framework/Versions/A/Frameworks/loginsupport.framework/Versions/A/loginsupport
0x0000000031564000 	/System/Library/PrivateFrameworks/TCC.framework/Versions/A/TCC
0x0000000031564000 	/usr/lib/libmecabra.dylib
0x0000000031564000 	/System/Library/Frameworks/ApplicationServices.framework/Versions/A/Frameworks/ATS.framework/Versions/A/ATS
0x0000000031564000 	/System/Library/Frameworks/ApplicationServices.framework/Versions/A/Frameworks/ColorSync.framework/Versions/A/ColorSync
0x0000000031564000 	/System/Library/Frameworks/ApplicationServices.framework/Versions/A/Frameworks/HIServices.framework/Versions/A/HIServices
0x0000000031564000 	/System/Library/Frameworks/ApplicationServices.framework/Versions/A/Frameworks/LangAnalysis.framework/Versions/A/LangAnalysis
0x0000000031564000 	/System/Library/Frameworks/ApplicationServices.framework/Versions/A/Frameworks/PrintCore.framework/Versions/A/PrintCore
0x0000000031564000 	/System/Library/Frameworks/ApplicationServices.framework/Versions/A/Frameworks/QD.framework/Versions/A/QD
0x0000000031564000 	/System/Library/Frameworks/ApplicationServices.framework/Versions/A/Frameworks/SpeechSynthesis.framework/Versions/A/SpeechSynthesis
0x0000000031564000 	/System/Library/Frameworks/Accelerate.framework/Versions/A/Frameworks/vImage.framework/Versions/A/vImage
0x0000000031564000 	/System/Library/Frameworks/Accelerate.framework/Versions/A/Frameworks/vecLib.framework/Versions/A/vecLib
0x0000000031564000 	/System/Library/Frameworks/Accelerate.framework/Versions/A/Frameworks/vecLib.framework/Versions/A/libvDSP.dylib
0x0000000031564000 	/System/Library/Frameworks/Accelerate.framework/Versions/A/Frameworks/vecLib.framework/Versions/A/libBNNS.dylib
0x0000000031564000 	/System/Library/Frameworks/Accelerate.framework/Versions/A/Frameworks/vecLib.framework/Versions/A/libQuadrature.dylib
0x0000000031564000 	/System/Library/Frameworks/Accelerate.framework/Versions/A/Frameworks/vecLib.framework/Versions/A/libvMisc.dylib
0x0000000031564000 	/System/Library/Frameworks/Accelerate.framework/Versions/A/Frameworks/vecLib.framework/Versions/A/libLAPACK.dylib
0x0000000031564000 	/System/Library/Frameworks/Accelerate.framework/Versions/A/Frameworks/vecLib.framework/Versions/A/libBLAS.dylib
0x0000000031564000 	/System/Library/Frameworks/Accelerate.framework/Versions/A/Frameworks/vecLib.framework/Versions/A/libLinearAlgebra.dylib
0x0000000031564000 	/System/Library/Frameworks/Accelerate.framework/Versions/A/Frameworks/vecLib.framework/Versions/A/libSparseBLAS.dylib
0x0000000031564000 	/System/Library/Frameworks/ApplicationServices.framework/Versions/A/Frameworks/ATS.framework/Versions/A/Resources/libFontParser.dylib
0x0000000031564000 	/System/Library/Frameworks/ApplicationServices.framework/Versions/A/Frameworks/ATS.framework/Versions/A/Resources/libFontRegistry.dylib
0x0000000031564000 	/System/Library/Frameworks/ImageIO.framework/Versions/A/Resources/libJPEG.dylib
0x0000000031564000 	/System/Library/Frameworks/ImageIO.framework/Versions/A/Resources/libTIFF.dylib
0x0000000031564000 	/System/Library/Frameworks/ImageIO.framework/Versions/A/Resources/libPng.dylib
0x0000000031564000 	/System/Library/Frameworks/ImageIO.framework/Versions/A/Resources/libGIF.dylib
0x0000000031564000 	/System/Library/Frameworks/ImageIO.framework/Versions/A/Resources/libJP2.dylib
0x0000000031564000 	/System/Library/Frameworks/ImageIO.framework/Versions/A/Resources/libRadiance.dylib
0x0000000031564000 	/usr/lib/libcompression.dylib
0x0000000031564000 	/System/Library/PrivateFrameworks/AppleJPEG.framework/Versions/A/AppleJPEG
0x0000000031564000 	/usr/lib/libcups.2.dylib
0x0000000031564000 	/System/Library/Frameworks/Kerberos.framework/Versions/A/Kerberos
0x0000000031564000 	/System/Library/Frameworks/GSS.framework/Versions/A/GSS
0x0000000031564000 	/usr/lib/libresolv.9.dylib
0x0000000031564000 	/usr/lib/libiconv.2.dylib
0x0000000031564000 	/System/Library/PrivateFrameworks/Heimdal.framework/Versions/A/Heimdal
0x0000000031564000 	/usr/lib/libheimdal-asn1.dylib
0x0000000031564000 	/System/Library/Frameworks/OpenDirectory.framework/Versions/A/OpenDirectory
0x0000000031564000 	/System/Library/PrivateFrameworks/CommonAuth.framework/Versions/A/CommonAuth
0x0000000031564000 	/System/Library/Frameworks/OpenDirectory.framework/Versions/A/Frameworks/CFOpenDirectory.framework/Versions/A/CFOpenDirectory
0x0000000031564000 	/System/Library/Frameworks/SecurityFoundation.framework/Versions/A/SecurityFoundation
0x0000000031564000 	/System/Library/PrivateFrameworks/LanguageModeling.framework/Versions/A/LanguageModeling
0x0000000031564000 	/usr/lib/libmarisa.dylib
0x0000000031564000 	/usr/lib/libChineseTokenizer.dylib
0x0000000031564000 	/usr/lib/libcmph.dylib
0x0000000031564000 	/System/Library/PrivateFrameworks/CoreEmoji.framework/Versions/A/CoreEmoji
0x0000000031564000 	/System/Library/Frameworks/ServiceManagement.framework/Versions/A/ServiceManagement
0x0000000031564000 	/usr/lib/libxslt.1.dylib
0x0000000031564000 	/System/Library/Frameworks/Carbon.framework/Versions/A/Frameworks/Ink.framework/Versions/A/Ink
0x0000000031564000 	/System/Library/PrivateFrameworks/TextureIO.framework/Versions/A/TextureIO
0x0000000031564000 	/System/Library/Frameworks/Metal.framework/Versions/A/Metal
0x0000000031564000 	/usr/lib/libate.dylib
0x0000000031564000 	/System/Library/PrivateFrameworks/GPUCompiler.framework/libmetal_timestamp.dylib
0x0000000031564000 	/System/Library/Frameworks/OpenGL.framework/Versions/A/Libraries/libCoreFSCache.dylib
0x0000000031564000 	/System/Library/PrivateFrameworks/IOAccelerator.framework/Versions/A/IOAccelerator
0x0000000031564000 	/System/Library/Frameworks/CoreVideo.framework/Versions/A/CoreVideo
0x0000000031564000 	/usr/lib/libFosl_dynamic.dylib
0x0000000031564000 	/System/Library/PrivateFrameworks/MetalPerformanceShaders.framework/Versions/A/MetalPerformanceShaders
0x0000000031564000 	/System/Library/PrivateFrameworks/FaceCore.framework/Versions/A/FaceCore
0x0000000031564000 	/System/Library/Frameworks/OpenCL.framework/Versions/A/OpenCL
0x0000000031564000 	/System/Library/Frameworks/OpenGL.framework/Versions/A/Libraries/libGLU.dylib
0x0000000031564000 	/System/Library/Frameworks/OpenGL.framework/Versions/A/Libraries/libGFXShared.dylib
0x0000000031564000 	/System/Library/Frameworks/OpenGL.framework/Versions/A/Libraries/libGL.dylib
0x0000000031564000 	/System/Library/Frameworks/OpenGL.framework/Versions/A/Libraries/libGLImage.dylib
0x0000000031564000 	/System/Library/Frameworks/OpenGL.framework/Versions/A/Libraries/libCVMSPluginSupport.dylib
0x0000000031564000 	/System/Library/Frameworks/OpenGL.framework/Versions/A/Libraries/libCoreVMClient.dylib
0x0000000031564000 	/System/Library/PrivateFrameworks/CrashReporterSupport.framework/Versions/A/CrashReporterSupport
0x0000000031564000 	/System/Library/PrivateFrameworks/Sharing.framework/Versions/A/Sharing
0x0000000031564000 	/System/Library/PrivateFrameworks/IconServices.framework/Versions/A/IconServices
0x0000000031564000 	/System/Library/PrivateFrameworks/ProtocolBuffer.framework/Versions/A/ProtocolBuffer
0x0000000031564000 	/System/Library/PrivateFrameworks/Apple80211.framework/Versions/A/Apple80211
0x0000000031564000 	/System/Library/Frameworks/CoreWLAN.framework/Versions/A/CoreWLAN
0x0000000031564000 	/System/Library/PrivateFrameworks/CoreUtils.framework/Versions/A/CoreUtils
0x0000000031564000 	/System/Library/Frameworks/IOBluetooth.framework/Versions/A/IOBluetooth
0x0000000031564000 	/System/Library/PrivateFrameworks/CoreWiFi.framework/Versions/A/CoreWiFi
0x0000000031564000 	/System/Library/Frameworks/CoreBluetooth.framework/Versions/A/CoreBluetooth
0x0000000031564000 	/System/Library/Frameworks/CoreDisplay.framework/Versions/A/CoreDisplay
0x0000000031564000 	/System/Library/PrivateFrameworks/IOPresentment.framework/Versions/A/IOPresentment
0x0000000031564000 	/System/Library/PrivateFrameworks/DSExternalDisplay.framework/Versions/A/DSExternalDisplay
0x0000000031564000 	/System/Library/PrivateFrameworks/DebugSymbols.framework/Versions/A/DebugSymbols
0x0000000031564000 	/System/Library/PrivateFrameworks/CoreSymbolication.framework/Versions/A/CoreSymbolication
0x0000000031564000 	/System/Library/PrivateFrameworks/Symbolication.framework/Versions/A/Symbolication
0x0000000031564000 	/System/Library/PrivateFrameworks/AppleFSCompression.framework/Versions/A/AppleFSCompression
0x0000000031564000 	/System/Library/PrivateFrameworks/SpeechRecognitionCore.framework/Versions/A/SpeechRecognitionCore
0x0000000031564000 	/System/Library/PrivateFrameworks/ChunkingLibrary.framework/Versions/A/ChunkingLibrary
0x0000000103600000 	/Library/Java/JavaVirtualMachines/jdk1.8.0_131.jdk/Contents/Home/jre/lib/server/libjvm.dylib
0x0000000031564000 	/usr/lib/libstdc++.6.dylib
0x0000000102c98000 	/Library/Java/JavaVirtualMachines/jdk1.8.0_131.jdk/Contents/Home/jre/lib/libverify.dylib
0x0000000102ca6000 	/Library/Java/JavaVirtualMachines/jdk1.8.0_131.jdk/Contents/Home/jre/lib/libjava.dylib
0x0000000102ce5000 	/Library/Java/JavaVirtualMachines/jdk1.8.0_131.jdk/Contents/Home/jre/lib/libzip.dylib
0x0000000119e98000 	/System/Library/Frameworks/JavaVM.framework/Frameworks/JavaRuntimeSupport.framework/JavaRuntimeSupport
0x0000000102deb000 	/System/Library/Frameworks/JavaVM.framework/Versions/A/Frameworks/JavaNativeFoundation.framework/Versions/A/JavaNativeFoundation
0x0000000119eb2000 	/System/Library/Frameworks/JavaVM.framework/Versions/A/JavaVM
0x0000000031564000 	/System/Library/Frameworks/Carbon.framework/Versions/A/Carbon
0x0000000119ebf000 	/System/Library/PrivateFrameworks/JavaLaunching.framework/Versions/A/JavaLaunching
0x0000000031564000 	/System/Library/Frameworks/Carbon.framework/Versions/A/Frameworks/CommonPanels.framework/Versions/A/CommonPanels
0x0000000031564000 	/System/Library/Frameworks/Carbon.framework/Versions/A/Frameworks/Help.framework/Versions/A/Help
0x0000000031564000 	/System/Library/Frameworks/Carbon.framework/Versions/A/Frameworks/ImageCapture.framework/Versions/A/ImageCapture
0x0000000031564000 	/System/Library/Frameworks/Carbon.framework/Versions/A/Frameworks/OpenScripting.framework/Versions/A/OpenScripting
0x0000000031564000 	/System/Library/Frameworks/Carbon.framework/Versions/A/Frameworks/Print.framework/Versions/A/Print
0x0000000031564000 	/System/Library/Frameworks/Carbon.framework/Versions/A/Frameworks/SecurityHI.framework/Versions/A/SecurityHI
0x000000011b7d2000 	/Library/Java/JavaVirtualMachines/jdk1.8.0_131.jdk/Contents/Home/jre/lib/libnio.dylib
0x000000011b7e2000 	/Library/Java/JavaVirtualMachines/jdk1.8.0_131.jdk/Contents/Home/jre/lib/./libnet.dylib
0x000000011b8de000 	/Library/Java/JavaVirtualMachines/jdk1.8.0_131.jdk/Contents/Home/jre/lib/libawt.dylib
0x000000011b986000 	/Library/Java/JavaVirtualMachines/jdk1.8.0_131.jdk/Contents/Home/jre/lib/./libmlib_image.dylib
0x000000011ba52000 	/Library/Java/JavaVirtualMachines/jdk1.8.0_131.jdk/Contents/Home/jre/lib/libawt_lwawt.dylib
0x000000011bb09000 	/Library/Java/JavaVirtualMachines/jdk1.8.0_131.jdk/Contents/Home/jre/lib/./libosxapp.dylib
0x0000000031564000 	/System/Library/Frameworks/ExceptionHandling.framework/Versions/A/ExceptionHandling
0x0000000031564000 	/System/Library/PrivateFrameworks/CoreServicesInternal.framework/Versions/A/CoreServicesInternal
0x0000000031564000 	/System/Library/CoreServices/RawCamera.bundle/Contents/MacOS/RawCamera
0x000000011c0a5000 	/System/Library/Frameworks/Accelerate.framework/Frameworks/vImage.framework/Versions/A/Libraries/libCGInterfaces.dylib
0x0000000031564000 	/System/Library/Frameworks/ApplicationServices.framework/Versions/A/Frameworks/ATS.framework/Versions/A/Resources/libTrueTypeScaler.dylib
0x000000011d690000 	/System/Library/Frameworks/OpenGL.framework/Resources/GLEngine.bundle/GLEngine
0x0000000031564000 	/System/Library/Frameworks/OpenGL.framework/Versions/A/Libraries/libGLProgrammability.dylib
0x000000011d875000 	/System/Library/Extensions/AppleIntelBDWGraphicsGLDriver.bundle/Contents/MacOS/AppleIntelBDWGraphicsGLDriver
0x0000000031564000 	/System/Library/PrivateFrameworks/GPUSupport.framework/Versions/A/Libraries/libGPUSupportMercury.dylib
0x000000011cb08000 	/System/Library/Frameworks/OpenGL.framework/Resources//GLRendererFloat.bundle/GLRendererFloat
0x0000000031564000 	/System/Library/Frameworks/OpenCL.framework/Versions/A/Libraries/libcldcpuengine.dylib
0x0000000031564000 	/usr/lib/libcrypto.0.9.8.dylib
0x0000000031564000 	/System/Library/PrivateFrameworks/TrustEvaluationAgent.framework/Versions/A/TrustEvaluationAgent
0x000000011dfdf000 	/System/Library/Extensions/AppleIntelBDWGraphicsMTLDriver.bundle/Contents/MacOS/AppleIntelBDWGraphicsMTLDriver
0x0000000031564000 	/System/Library/PrivateFrameworks/FamilyControls.framework/Versions/A/FamilyControls
0x0000000031564000 	/System/Library/PrivateFrameworks/CommerceKit.framework/Versions/A/Frameworks/CommerceCore.framework/Versions/A/CommerceCore
0x0000000031564000 	/System/Library/PrivateFrameworks/SystemAdministration.framework/Versions/A/SystemAdministration
0x0000000031564000 	/System/Library/PrivateFrameworks/AppContainer.framework/Versions/A/AppContainer
0x0000000031564000 	/System/Library/PrivateFrameworks/SecCodeWrapper.framework/Versions/A/SecCodeWrapper
0x0000000031564000 	/System/Library/Frameworks/DirectoryService.framework/Versions/A/DirectoryService
0x0000000031564000 	/System/Library/PrivateFrameworks/DiskImages.framework/Versions/A/DiskImages
0x0000000031564000 	/System/Library/PrivateFrameworks/LoginUIKit.framework/Versions/A/Frameworks/LoginUICore.framework/Versions/A/LoginUICore
0x0000000031564000 	/usr/lib/libCoreStorage.dylib
0x0000000031564000 	/usr/lib/libcsfde.dylib
0x0000000031564000 	/usr/lib/libodfde.dylib
0x0000000031564000 	/System/Library/Frameworks/DiscRecording.framework/Versions/A/DiscRecording
0x0000000031564000 	/usr/lib/libcurl.4.dylib
0x0000000031564000 	/System/Library/PrivateFrameworks/MediaKit.framework/Versions/A/MediaKit
0x0000000031564000 	/System/Library/PrivateFrameworks/ProtectedCloudStorage.framework/Versions/A/ProtectedCloudStorage
0x0000000031564000 	/System/Library/PrivateFrameworks/EFILogin.framework/Versions/A/EFILogin
0x0000000031564000 	/usr/lib/libutil.dylib
0x0000000031564000 	/System/Library/Frameworks/LDAP.framework/Versions/A/LDAP
0x0000000031564000 	/usr/lib/libsasl2.2.dylib
0x0000000031564000 	/System/Library/PrivateFrameworks/CoreDaemon.framework/Versions/B/CoreDaemon
0x0000000031564000 	/System/Library/PrivateFrameworks/AppleSRP.framework/Versions/A/AppleSRP
0x0000000031564000 	/System/Library/PrivateFrameworks/APFS.framework/Versions/A/APFS
0x0000000120097000 	/Library/Java/JavaVirtualMachines/jdk1.8.0_131.jdk/Contents/Home/jre/lib/libsplashscreen.dylib
0x00000001200f0000 	/Library/Java/JavaVirtualMachines/jdk1.8.0_131.jdk/Contents/Home/jre/lib/libfontmanager.dylib
0x0000000031564000 	/System/Library/PrivateFrameworks/ViewBridge.framework/Versions/A/ViewBridge
0x0000000031564000 	/System/Library/PrivateFrameworks/XPCService.framework/Versions/A/XPCService
0x0000000031564000 	/System/Library/PrivateFrameworks/AppSandbox.framework/Versions/A/AppSandbox
0x0000000031564000 	/usr/lib/libsandbox.1.dylib
0x0000000031564000 	/usr/lib/libMatch.1.dylib
0x000000011caf8000 	/Library/Java/JavaVirtualMachines/jdk1.8.0_131.jdk/Contents/Home/jre/lib/libosxui.dylib
0x000000011d2db000 	/Applications/NetBeans/Apache NetBeans 11.1.app/Contents/Resources/NetBeans/platform/modules/lib/libjnidispatch-440.jnilib
0x000000011d278000 	/Library/Java/JavaVirtualMachines/jdk1.8.0_131.jdk/Contents/Home/jre/lib/libmanagement.dylib
0x000000014e70c000 	/Library/Java/JavaVirtualMachines/jdk1.8.0_131.jdk/Contents/Home/jre/lib/libjpeg.dylib
0x000000011d28f000 	/Library/Java/JavaVirtualMachines/jdk1.8.0_131.jdk/Contents/Home/jre/lib/libdcpr.dylib
0x0000000031564000 	/System/Library/PrivateFrameworks/CloudDocs.framework/Versions/A/CloudDocs
0x0000000031564000 	/System/Library/Frameworks/CloudKit.framework/Versions/A/CloudKit
0x0000000031564000 	/System/Library/PrivateFrameworks/MMCS.framework/Versions/A/MMCS
0x0000000031564000 	/System/Library/Frameworks/CoreLocation.framework/Versions/A/CoreLocation
0x0000000031564000 	/System/Library/PrivateFrameworks/AssetCacheServices.framework/Versions/A/AssetCacheServices
0x0000000031564000 	/System/Library/PrivateFrameworks/GeoServices.framework/Versions/A/GeoServices
0x000000011c359000 	/Library/Java/JavaVirtualMachines/jdk1.8.0_131.jdk/Contents/Home/jre/lib/libsunec.dylib
0x000000015772a000 	/Library/Java/JavaVirtualMachines/jdk1.8.0_131.jdk/Contents/Home/jre/lib/liblcms.dylib

VM Arguments:
jvm_args: -Djdk.home=/Library/Java/JavaVirtualMachines/jdk1.8.0_131.jdk/Contents/Home -Dnetbeans.default_userdir_root=/Users/dthurston/Library/Application Support/NetBeans -Dnetbeans.dirs=/Applications/NetBeans/Apache NetBeans 11.1.app/Contents/Resources/NetBeans/nb:/Applications/NetBeans/Apache NetBeans 11.1.app/Contents/Resources/NetBeans/ergonomics:/Applications/NetBeans/Apache NetBeans 11.1.app/Contents/Resources/NetBeans/ide:/Applications/NetBeans/Apache NetBeans 11.1.app/Contents/Resources/NetBeans/extide:/Applications/NetBeans/Apache NetBeans 11.1.app/Contents/Resources/NetBeans/java:/Applications/NetBeans/Apache NetBeans 11.1.app/Contents/Resources/NetBeans/apisupport:/Applications/NetBeans/Apache NetBeans 11.1.app/Contents/Resources/NetBeans/webcommon:/Applications/NetBeans/Apache NetBeans 11.1.app/Contents/Resources/NetBeans/websvccommon:/Applications/NetBeans/Apache NetBeans 11.1.app/Contents/Resources/NetBeans/enterprise:/Applications/NetBeans/Apache NetBeans 11.1.app/Contents/Resources/NetBeans/mobility:/Applications/NetBeans/Apache NetBeans 11.1.app/Contents/Resources/NetBeans/profiler:/Applications/NetBeans/Apache NetBeans 11.1.app/Contents/Resources/NetBeans/python:/Applications/NetBeans/Apache NetBeans 11.1.app/Contents/Resources/NetBeans/php:/Applications/NetBeans/Apache NetBeans 11.1.app/Contents/Resources/NetBeans/identity:/Applications/NetBeans/Apache NetBeans 11.1.app/Contents/Resources/NetBeans/harness:/Applications/NetBeans/Apache NetBeans 11.1.app/Contents/Resources/NetBeans/cnd:/Applications/NetBeans/Apache NetBeans 11.1.app/Contents/Resources/NetBeans/cndext:/Applications/NetBeans/Apache NetBeans 11.1.app/Contents/Resources/NetBeans/dlight:/Applications/NetBeans/Apache NetBeans 11.1.app/Contents/Resources/NetBeans/groovy:/Applications/NetBeans/Apache NetBeans 11.1.app/Contents/Resources/NetBeans/extra:/Applications/NetBeans/Apache NetBeans 11.1.app/Contents/Resources/NetBeans/javacard:/Applications/NetBeans/Apache NetBeans 11.1.app/Contents/Resources/NetBeans/javafx: -Dnetbeans.home=/Applications/NetBeans/Apache NetBeans 11.1.app/Contents/Resources/NetBeans/platform -Dnetbeans.importclass=org.netbeans.upgrade.AutoUpgrade -XX:+UseStringDeduplication -Xss2m -Djdk.gtk.version=2.2 -Dapple.laf.useScreenMenuBar=true -Dapple.awt.graphics.UseQuartz=true -Dsun.java2d.noddraw=true -Dsun.java2d.dpiaware=true -Dsun.zip.disableMemoryMapping=true -Dplugin.manager.check.updates=false -Dnetbeans.extbrowser.manual_chrome_plugin_install=yes --add-opens=java.base/java.net=ALL-UNNAMED --add-opens=java.base/java.lang.ref=ALL-UNNAMED --add-opens=java.base/java.lang=ALL-UNNAMED --add-opens=java.base/java.security=ALL-UNNAMED --add-opens=java.base/java.util=ALL-UNNAMED --add-opens=java.desktop/javax.swing.plaf.basic=ALL-UNNAMED --add-opens=java.desktop/javax.swing.text=ALL-UNNAMED --add-opens=java.desktop/javax.swing=ALL-UNNAMED --add-opens=java.desktop/java.awt=ALL-UNNAMED --add-opens=java.desktop/java.awt.event=ALL-UNNAMED --add-opens=java.prefs/java.util.prefs=ALL-UNNAMED --add-opens=jdk.jshell/jdk.jshell=ALL-UNNAMED --add-modules=jdk.jshell --add-exports=java.desktop/sun.awt=ALL-UNNAMED --add-exports=java.desktop/java.awt.peer=ALL-UNNAMED --add-exports=java.desktop/com.sun.beans.editors=ALL-UNNAMED --add-exports=java.desktop/sun.swing=ALL-UNNAMED --add-exports=java.desktop/sun.awt.im=ALL-UNNAMED --add-exports=jdk.internal.jvmstat/sun.jvmstat.monitor=ALL-UNNAMED --add-exports=java.management/sun.management=ALL-UNNAMED --add-exports=java.base/sun.reflect.annotation=ALL-UNNAMED --add-exports=jdk.javadoc/com.sun.tools.javadoc.main=ALL-UNNAMED -XX:+IgnoreUnrecognizedVMOptions -XX:+HeapDumpOnOutOfMemoryError -XX:HeapDumpPath=/Users/dthurston/Library/Application Support/NetBeans/11.1/var/log/heapdump.hprof 
java_command: org.netbeans.Main --cachedir /Users/dthurston/Library/Caches/NetBeans/11.1 --userdir /Users/dthurston/Library/Application Support/NetBeans/11.1 --branding nb
java_class_path (initial): /Applications/NetBeans/Apache NetBeans 11.1.app/Contents/Resources/NetBeans/platform/lib/boot.jar:/Applications/NetBeans/Apache NetBeans 11.1.app/Contents/Resources/NetBeans/platform/lib/org-openide-modules.jar:/Applications/NetBeans/Apache NetBeans 11.1.app/Contents/Resources/NetBeans/platform/lib/org-openide-util-lookup.jar:/Applications/NetBeans/Apache NetBeans 11.1.app/Contents/Resources/NetBeans/platform/lib/org-openide-util-ui.jar:/Applications/NetBeans/Apache NetBeans 11.1.app/Contents/Resources/NetBeans/platform/lib/org-openide-util.jar:/Library/Java/JavaVirtualMachines/jdk1.8.0_131.jdk/Contents/Home/lib/dt.jar:/Library/Java/JavaVirtualMachines/jdk1.8.0_131.jdk/Contents/Home/lib/tools.jar
Launcher Type: SUN_STANDARD

Environment Variables:
PATH=/Library/Frameworks/Python.framework/Versions/3.6/bin:/Users/dthurston/.rbenv/shims:/Library/Frameworks/Python.framework/Versions/2.7/bin:/usr/local/bin:/usr/bin:/bin:/usr/sbin:/sbin:/Library/Frameworks/Mono.framework/Versions/Current/Commands:/Applications/Wireshark.app/Contents/MacOS:/Users/dthurston/Projects
SHELL=/bin/bash

Signal Handlers:
SIGSEGV: [libjvm.dylib+0x5b1eb1], sa_mask[0]=11111111011111110111111111111111, sa_flags=SA_ONSTACK|SA_RESTART|SA_SIGINFO
SIGBUS: [libjvm.dylib+0x5b1eb1], sa_mask[0]=11111111011111110111111111111111, sa_flags=SA_RESTART|SA_SIGINFO
SIGFPE: [libjvm.dylib+0x488988], sa_mask[0]=11111111011111110111111111111111, sa_flags=SA_RESTART|SA_SIGINFO
SIGPIPE: [libjvm.dylib+0x488988], sa_mask[0]=11111111011111110111111111111111, sa_flags=SA_RESTART|SA_SIGINFO
SIGXFSZ: [libjvm.dylib+0x488988], sa_mask[0]=11111111011111110111111111111111, sa_flags=SA_RESTART|SA_SIGINFO
SIGILL: [libjvm.dylib+0x488988], sa_mask[0]=11111111011111110111111111111111, sa_flags=SA_RESTART|SA_SIGINFO
SIGUSR1: SIG_DFL, sa_mask[0]=11011111011111100000000111000110, sa_flags=none
SIGUSR2: [libjvm.dylib+0x4884a6], sa_mask[0]=00000000000000000000000000000000, sa_flags=SA_RESTART|SA_SIGINFO
SIGHUP: [libjvm.dylib+0x486a7d], sa_mask[0]=11111111011111110111111111111111, sa_flags=SA_RESTART|SA_SIGINFO
SIGINT: SIG_IGN, sa_mask[0]=00000000000000000000000000000000, sa_flags=none
SIGTERM: [libjvm.dylib+0x486a7d], sa_mask[0]=11111111011111110111111111111111, sa_flags=SA_RESTART|SA_SIGINFO
SIGQUIT: [libjvm.dylib+0x486a7d], sa_mask[0]=11111111011111110111111111111111, sa_flags=SA_RESTART|SA_SIGINFO


---------------  S Y S T E M  ---------------

OS:Bsduname:Darwin 16.7.0 Darwin Kernel Version 16.7.0: Sun Jun  2 20:26:31 PDT 2019; root:xnu-3789.73.50~1/RELEASE_X86_64 x86_64
rlimit: STACK 8192k, CORE 0k, NPROC 709, NOFILE 10240, AS infinity
load average:2.88 3.16 3.27

CPU:total 4 (initial active 4) (2 cores per cpu, 2 threads per core) family 6 model 61 stepping 4, cmov, cx8, fxsr, mmx, sse, sse2, sse3, ssse3, sse4.1, sse4.2, popcnt, avx, avx2, aes, clmul, erms, rtm, 3dnowpref, lzcnt, ht, tsc, tscinvbit, bmi1, bmi2, adx

Memory: 4k page, physical 8388608k(16636k free)

/proc/meminfo:


vm_info: Java HotSpot(TM) 64-Bit Server VM (25.131-b11) for bsd-amd64 JRE (1.8.0_131-b11), built on Mar 15 2017 01:32:22 by "java_re" with gcc 4.2.1 (Based on Apple Inc. build 5658) (LLVM build 2336.11.00)

time: Thu Jan  9 11:29:52 2020
elapsed time: 34911 seconds (0d 9h 41m 51s)

